10, -121, 1, 0, 7
126, 10, 1, 0, 113
247, 94, 1, 0, 172
279, 216, 1, 0, 273
116, -163, 1, 0, 373
384, -115, 1, 0, 474
357, 185, 1, 0, 574
324, -59, 1, 0, 674
145, 113, 1, 0, 775
156, 97, 1, 0, 876
95, 38, 1, 0, 975
158, 248, 1, 0, 1076
158, 211, 1, 0, 1177
-133, -117, 1, 0, 1277
134, -80, 1, 0, 1378
-269, 68, 1, 0, 1478
244, 235, 1, 0, 1579
-256, 134, 1, 0, 1679
-32, -247, 1, 0, 1779
218, 63, 1, 0, 1880
238, 68, 1, 0, 1981
348, 129, 1, 0, 2080
-485, -146, 1, 0, 2181
132, -349, 1, 0, 2282
-273, 29, 1, 0, 2382
161, 165, 1, 0, 2482
447, 86, 1, 0, 2583
162, -237, 1, 0, 2683
-188, 26, 1, 0, 2784
-79, 186, 1, 0, 2884
-279, 189, 1, 0, 2984
0, -87, 1, 0, 3085
84, -287, 1, 0, 3186
32, 73, 1, 0, 3285
12, 280, 1, 0, 3387
61, 140, 1, 0, 3487
77, -309, 1, 0, 3587
224, 52, 1, 0, 3688
410, 200, 1, 0, 3789
46, 222, 1, 0, 3888
27, -16, 1, 0, 3989
40, -96, 1, 0, 4090
-33, 150, 1, 0, 4189
35, 252, 1, 0, 4290
-42, 168, 1, 0, 4391
-90, -180, 1, 0, 4491
24, -159, 1, 0, 4592
-1, 29, 1, 0, 4693
24, 237, 1, 0, 4792
112, -45, 1, 0, 4893
273, -92, 1, 0, 4993
40, 116, 1, 0, 5094
59, 71, 1, 0, 5195
0, 25, 1, 0, 5294
-7, -211, 1, 0, 5395
164, 25, 1, 0, 5496
-140, 42, 1, 0, 5595
85, 177, 1, 0, 5696
-308, -275, 1, 0, 5797
30, -278, 1, 0, 5897
52, 50, 1, 0, 5998
130, 212, 1, 0, 6099
0, 322, 1, 0, 6198
122, -250, 1, 0, 6300
76, 17, 1, 0, 6400
36, 255, 1, 0, 6500
0, 169, 1, 0, 6600
108, -26, 1, 0, 6701
-253, -240, 1, 0, 6801
-409, 113, 1, 0, 6902
78, 140, 1, 0, 7003
190, 166, 1, 0, 7103
-175, -118, 1, 0, 7203
230, -158, 1, 0, 7304
-358, 142, 1, 0, 7404
-66, 203, 1, 0, 7505
312, 125, 1, 0, 7606
242, -118, 1, 0, 7706
-448, 24, 1, 0, 7806
-30, 193, 1, 0, 7907
-346, -152, 1, 0, 8021
-306, -200, 1, 0, 8107
-96, 5, 1, 0, 8207
98, 148, 1, 0, 8308
-292, 196, 1, 0, 8409
257, -124, 1, 0, 8514
35, -156, 1, 0, 8610
2, 60, 1, 0, 8710
87, 130, 1, 0, 8810
-37, 111, 1, 0, 8911
26, -97, 1, 0, 9012
14, 25, 1, 0, 9111
37, 95, 1, 0, 9212
59, 126, 1, 0, 9313
50, -34, 1, 0, 9413
-13, -327, 1, 0, 9513
3, -121, 1, 0, 9614
42, 140, 1, 0, 9714
72, 214, 1, 0, 9815
14, -21, 1, 0, 9916
44, -45, 1, 0, 10021
70, 187, 1, 0, 10116
75, 211, 1, 0, 10217
14, -24, 1, 0, 10317
-9, -277, 1, 0, 10418
24, -17, 1, 0, 10518
123, 253, 1, 0, 10618
51, 204, 1, 0, 10719
-3, -134, 1, 0, 10819
-52, -193, 1, 0, 10919
52, 44, 1, 0, 11020
16, -5, 0, 0, 11121
19, -54, 0, 0, 11221
15, -29, 0, 0, 11321
-2, -40, 0, 0, 11421
68, 278, 0, 0, 11522
64, 137, 0, 0, 11623
3, -185, 0, 0, 11723
6, -127, 0, 0, 11823
24, 78, 0, 0, 11924
143, 389, 0, 0, 12024
39, 26, 0, 0, 12125
-57, -353, 0, 0, 12226
-15, 15, 0, 0, 12325
47, 63, 0, 0, 12426
66, 185, 0, 0, 12527
29, -13, 0, 0, 12627
5, 55, 0, 0, 12727
-11, 60, 0, 0, 12828
81, 252, 0, 0, 12928
30, 96, 0, 0, 13029
-23, -258, 0, 0, 13130
21, 11, 0, 0, 13229
65, 225, 0, 0, 13330
52, 180, 0, 0, 13431
15, -62, 0, 0, 13531
2, -188, 0, 0, 13631
26, 93, 0, 0, 13732
62, 178, 0, 0, 13832
60, 165, 0, 0, 13933
59, 86, 0, 0, 14033
-3, -28, 0, 0, 14134
45, 175, 0, 0, 14234
84, 215, 0, 0, 14335
19, -93, 0, 0, 14435
16, -109, 0, 0, 14536
45, 101, 0, 0, 14635
76, 226, 0, 0, 14736
34, 157, 0, 0, 14837
13, -220, 0, 0, 14937
-33, -40, 0, 0, 15037
49, 101, 0, 0, 15138
65, 205, 0, 0, 15238
23, -25, 0, 0, 15339
14, -345, 0, 0, 15440
-1, 77, 0, 0, 15540
64, 139, 0, 0, 15640
33, 124, 0, 0, 15741
2, -232, 0, 0, 15841
36, -84, 0, 0, 15942
38, 18, 0, 0, 16042
35, 197, 0, 0, 16142
17, -183, 0, 0, 16243
39, -304, 1, 0, 16344
16, 98, 1, 0, 16444
110, 126, 1, 0, 16545
110, 373, 1, 0, 16645
0, -279, 1, 0, 16745
45, 55, 1, 0, 16846
79, 149, 1, 0, 16947
117, 237, 1, 0, 17046
21, -11, 1, 0, 17147
111, -287, 1, 0, 17248
-272, 41, 1, 0, 17348
-11, 168, 1, 0, 17449
225, 137, 1, 0, 17550
22, -208, 1, 0, 17649
116, -23, 1, 0, 17750
27, 136, 1, 0, 17850
-26, 265, 1, 0, 17950
204, -147, 1, 0, 18051
18, -292, 1, 0, 18151
16, -15, 1, 0, 18252
42, 176, 1, 0, 18352
8, 126, 1, 0, 18452
-10, -301, 1, 0, 18553
-121, -126, 1, 0, 18654
-60, 98, 1, 0, 18754
79, 204, 1, 0, 18855
9, 5, 1, 0, 18955
-36, -317, 1, 0, 19055
-249, 58, 1, 0, 19156
7, 125, 1, 0, 19257
108, 143, 1, 0, 19357
69, -304, 1, 0, 19457
-35, 4, 1, 0, 19558
27, 136, 1, 0, 19658
107, 244, 1, 0, 19759
7, -36, 1, 0, 19859
-8, -347, 1, 0, 19959
52, 2, 1, 0, 20060
-66, 186, 1, 0, 20161
36, 216, 1, 0, 20260
-141, -83, 1, 0, 20361
-269, -60, 1, 0, 20462
0, 87, 1, 0, 20562
243, 207, 1, 0, 20663
-23, 89, 1, 0, 20763
92, -316, 1, 0, 20863
101, 88, 1, 0, 20964
59, 261, 1, 0, 21064
104, 176, 1, 0, 21165
12, -82, 1, 0, 21265
-312, -277, 1, 0, 21365
-10, 117, 1, 0, 21466
-20, -14, 1, 0, 21567
190, 61, 1, 0, 21667
262, -148, 1, 0, 21768
96, -119, 1, 0, 21868
-25, 259, 1, 0, 21968
94, 174, 1, 0, 22069
-324, 0, 1, 0, 22170
87, -38, 1, 0, 22269
211, 1, 1, 0, 22370
-50, 232, 1, 0, 22471
37, 56, 1, 0, 22571
-34, -302, 1, 0, 22672
110, -2, 1, 0, 22772
342, 178, 1, 0, 22872
22, 198, 1, 0, 22973
-51, -52, 1, 0, 23073
242, -141, 1, 0, 23173
-10, 33, 1, 0, 23274
208, 249, 1, 0, 23375
-33, 162, 1, 0, 23475
54, -255, 1, 0, 23576
11, -47, 1, 0, 23676
69, 189, 1, 0, 23776
166, 241, 1, 0, 23877
59, 113, 1, 0, 23978
332, -131, 1, 0, 24078
69, 136, 1, 0, 24178
335, 252, 1, 0, 24278
235, 218, 1, 0, 24379
6, -63, 1, 0, 24479
45, -37, 1, 0, 24579
118, 212, 1, 0, 24680
123, 165, 1, 0, 24781
-40, 25, 1, 0, 24881
-12, -308, 1, 0, 24982
25, 142, 1, 0, 25082
169, 197, 1, 0, 25182
165, 199, 1, 0, 25283
291, -168, 1, 0, 25384
143, 69, 1, 0, 25484
225, 67, 1, 0, 25584
36, 183, 1, 0, 25685
-3, 150, 1, 0, 25785
65, -148, 1, 0, 25886
108, 98, 1, 0, 25987
-58, 251, 1, 0, 26086
376, 223, 1, 0, 26187
72, 43, 1, 0, 26287
-156, 23, 1, 0, 26387
67, 57, 1, 0, 26488
154, 320, 1, 0, 26589
-8, -32, 1, 0, 26689
301, -281, 1, 0, 26790
311, 33, 1, 0, 26890
-25, 181, 1, 0, 26990
158, 351, 1, 0, 27091
-121, -243, 1, 0, 27192
-355, -4, 1, 0, 27292
-34, 99, 1, 0, 27392
36, 246, 1, 0, 27492
-203, 43, 1, 0, 27593
-421, -191, 1, 0, 27694
434, 69, 1, 0, 27793
-19, 242, 1, 0, 27894
-10, 197, 1, 0, 27995
-15, -197, 1, 0, 28095
25, 50, 1, 0, 28195
21, -20, 1, 0, 28296
63, 239, 1, 0, 28396
31, 32, 1, 0, 28497
-29, -309, 1, 0, 28598
-9, 86, 1, 0, 28697
49, 65, 1, 0, 28798
60, 199, 1, 0, 28899
35, -224, 1, 0, 28999
9, -159, 1, 0, 29100
27, 120, 1, 0, 29200
78, 170, 1, 0, 29300
49, 81, 1, 0, 29401
37, -128, 1, 0, 29502
36, 1, 1, 0, 29601
32, -14, 1, 0, 29703
19, 9, 1, 0, 29803
52, -108, 1, 0, 29903
135, -41, 1, 0, 30021
-375, -233, 1, 0, 30105
231, 139, 1, 0, 30205
424, -331, 1, 0, 30306
308, 88, 1, 0, 30406
-306, 315, 1, 0, 30506
-456, -82, 1, 0, 30607
204, 95, 1, 0, 30707
59, -183, 1, 0, 30807
28, 379, 1, 0, 30908
433, 220, 1, 0, 31008
215, 63, 1, 0, 31109
27, 108, 1, 0, 31209
144, 61, 1, 0, 31309
-195, 110, 1, 0, 31410
11, -78, 1, 0, 31511
378, -238, 1, 0, 31611
14, 173, 1, 0, 31711
76, -176, 1, 0, 31812
11, 40, 1, 0, 31912
-221, -290, 1, 0, 32021
79, -60, 1, 0, 32113
70, 3, 1, 0, 32213
84, 87, 1, 0, 32314
143, -4, 1, 0, 32415
155, 17, 1, 0, 32514
280, 132, 1, 0, 32615
-3, 71, 1, 0, 32716
23, -255, 1, 0, 32816
394, -13, 1, 0, 32917
376, 65, 1, 0, 33018
-13, -169, 1, 0, 33118
-96, -338, 1, 0, 33218
414, 43, 1, 0, 33319
47, 3, 1, 0, 33418
168, -24, 1, 0, 33519
-287, 156, 1, 0, 33620
104, -52, 1, 0, 33720
28, -283, 1, 0, 33821
-45, -169, 1, 0, 33920
-252, 147, 1, 0, 34021
-326, -189, 1, 0, 34122
129, -46, 1, 0, 34222
131, 37, 1, 0, 34322
415, -28, 1, 0, 34423
-359, -4, 1, 0, 34527
10, 227, 1, 0, 34624
40, 150, 1, 0, 34725
-113, -104, 1, 0, 34825
372, 330, 1, 0, 34925
92, 32, 1, 0, 35026
105, 378, 1, 0, 35126
-77, 125, 1, 0, 35227
28, -64, 1, 0, 35328
23, 32, 1, 0, 35427
340, 311, 1, 0, 35528
72, 66, 1, 0, 35629
141, 119, 1, 0, 35729
25, 38, 1, 0, 35829
190, 196, 1, 0, 35930
-60, 185, 1, 0, 36030
207, 84, 1, 0, 36131
230, 41, 1, 0, 36232
337, 73, 1, 0, 36331
383, 97, 1, 0, 36432
320, -12, 1, 0, 36533
364, -142, 1, 0, 36633
72, 28, 1, 0, 36733
40, 3, 1, 0, 36834
-4, 100, 1, 0, 36934
-113, -71, 1, 0, 37035
215, -185, 1, 0, 37135
289, 82, 1, 0, 37236
225, -228, 1, 0, 37337
51, -1, 1, 0, 37436
145, 148, 1, 0, 37537
-201, -11, 1, 0, 37638
184, 134, 1, 0, 37737
387, -93, 1, 0, 37838
-17, -149, 1, 0, 37939
-243, 64, 1, 0, 38039
244, 54, 1, 0, 38139
1, 100, 1, 0, 38240
-90, -58, 1, 0, 38340
220, 35, 1, 0, 38441
-124, 11, 1, 0, 38542
75, 25, 1, 0, 38641
373, -294, 1, 0, 38743
-151, 248, 1, 0, 38843
-20, -139, 1, 0, 38943
-255, 65, 0, 0, 39044
151, -320, 0, 0, 39145
106, 160, 0, 0, 39244
-37, -258, 0, 0, 39345
344, -147, 0, 0, 39446
18, 208, 1, 0, 39546
30, -61, 1, 0, 39646
170, 15, 1, 0, 39747
32, 133, 1, 0, 39847
3, 282, 1, 0, 39948
0, 34, 1, 0, 40048
174, 239, 1, 0, 40148
99, 367, 1, 0, 40249
41, -158, 1, 0, 40349
434, -17, 1, 0, 40450
166, 12, 1, 0, 40550
-8, -15, 1, 0, 40650
-3, 226, 1, 0, 40751
-171, 168, 1, 0, 40852
-319, 270, 1, 0, 40952
13, -189, 1, 0, 41053
27, -234, 1, 0, 41153
44, 201, 1, 0, 41253
0, 255, 1, 0, 41354
4, 83, 1, 0, 41454
-311, -93, 1, 0, 41555
50, -5, 1, 0, 41655
-189, 214, 1, 0, 41756
-399, -66, 1, 0, 41856
30, -415, 1, 0, 41956
-19, 40, 1, 0, 42057
11, 72, 1, 0, 42157
-48, 63, 1, 0, 42258
-341, 388, 1, 0, 42359
128, 60, 1, 0, 42458
145, -3, 1, 0, 42559
-212, -46, 1, 0, 42660
-101, -72, 1, 0, 42760
-421, 62, 1, 0, 42860
0, 197, 1, 0, 42961
92, 103, 1, 0, 43061
291, 98, 1, 0, 43162
189, 11, 1, 0, 43263
52, -35, 1, 0, 43362
4, -155, 1, 0, 43463
335, 82, 1, 0, 43563
10, 169, 1, 0, 43664
368, 198, 1, 0, 43765
209, 126, 1, 0, 43865
-14, 86, 1, 0, 43965
70, -54, 1, 0, 44066
43, 261, 1, 0, 44166
55, 53, 1, 0, 44267
-21, 200, 1, 0, 44367
73, 41, 1, 0, 44467
-383, 95, 1, 0, 44568
196, -301, 1, 0, 44669
255, 113, 1, 0, 44769
-156, 67, 1, 0, 44869
334, 325, 1, 0, 44970
-252, 198, 1, 0, 45070
376, 82, 1, 0, 45170
36, 228, 1, 0, 45271
381, 302, 1, 0, 45371
140, 16, 1, 0, 45472
40, -133, 1, 0, 45573
101, -56, 1, 0, 45673
78, 148, 1, 0, 45773
337, -233, 1, 0, 45874
280, 366, 1, 0, 45974
245, -63, 1, 0, 46075
-101, 378, 1, 0, 46176
74, -129, 1, 0, 46275
65, 397, 1, 0, 46376
272, 67, 1, 0, 46477
-228, -110, 1, 0, 46577
62, 1, 1, 0, 46677
6, -67, 1, 0, 46777
-109, 76, 1, 0, 46878
-302, 156, 1, 0, 46979
-11, 49, 1, 0, 47078
252, 238, 1, 0, 47180
40, -150, 1, 0, 47280
-209, -3, 1, 0, 47380
126, 352, 1, 0, 47481
-78, -280, 1, 0, 47582
-381, 70, 1, 0, 47681
29, -174, 1, 0, 47782
294, -152, 1, 0, 47883
59, 79, 1, 0, 47982
-186, 184, 1, 0, 48083
64, 19, 1, 0, 48184
0, 287, 1, 0, 48284
-304, -107, 1, 0, 48385
143, 117, 1, 0, 48486
-100, 170, 1, 0, 48585
18, 102, 1, 0, 48686
135, -254, 1, 0, 48787
-109, -175, 1, 0, 48887
307, -136, 1, 0, 48987
257, 157, 1, 0, 49088
70, -94, 1, 0, 49188
-142, -121, 1, 0, 49289
-60, -7, 1, 0, 49390
355, -158, 1, 0, 49490
-402, 167, 1, 0, 49590
176, 68, 1, 0, 49691
109, -20, 1, 0, 49791
127, 149, 1, 0, 49892
14, -297, 1, 0, 49992
126, 168, 1, 0, 50092
-167, 111, 1, 0, 50193
-94, 149, 1, 0, 50292
394, 110, 1, 0, 50393
40, 168, 1, 0, 50494
46, -141, 1, 0, 50594
-418, -188, 1, 0, 50695
-129, 46, 1, 0, 50796
251, 68, 1, 0, 50895
292, 192, 1, 0, 50996
-156, 21, 1, 0, 51097
-118, 52, 1, 0, 51197
33, 377, 1, 0, 51297
57, -24, 1, 0, 51398
-74, 105, 1, 0, 51498
205, 96, 1, 0, 51599
-246, -263, 1, 0, 51700
75, 72, 1, 0, 51799
155, 107, 1, 0, 51900
258, 147, 1, 0, 52021
154, 71, 1, 0, 52101
-43, -97, 1, 0, 52202
258, 316, 1, 0, 52303
178, 96, 1, 0, 52402
129, 309, 1, 0, 52503
-217, -50, 1, 0, 52604
-75, -68, 1, 0, 52703
-79, 192, 1, 0, 52804
15, -61, 1, 0, 52905
100, 215, 1, 0, 53005
-214, -70, 1, 0, 53106
43, 142, 1, 0, 53205
55, 241, 1, 0, 53306
112, 80, 1, 0, 53407
-176, -305, 1, 0, 53507
124, 16, 1, 0, 53607
-77, 54, 1, 0, 53708
-5, -24, 1, 0, 53808
121, 122, 1, 0, 53909
249, -105, 1, 0, 54021
206, 208, 1, 0, 54110
211, -116, 1, 0, 54211
188, -90, 1, 0, 54311
368, -25, 1, 0, 54411
3, 214, 1, 0, 54512
108, 168, 1, 0, 54613
73, 245, 1, 0, 54712
188, 63, 1, 0, 54813
-162, -6, 1, 0, 54914
-77, -124, 1, 0, 55014
210, -86, 1, 0, 55115
387, -1, 1, 0, 55215
-167, -91, 1, 0, 55315
-42, 57, 1, 0, 55416
74, -320, 1, 0, 55517
-207, 242, 1, 0, 55616
-103, 116, 1, 0, 55717
96, 90, 1, 0, 55818
-142, 341, 1, 0, 55918
294, 124, 1, 0, 56021
403, 369, 1, 0, 56120
395, -294, 1, 0, 56219
-292, 327, 1, 0, 56320
-131, -160, 1, 0, 56420
419, -19, 1, 0, 56521
-127, 343, 1, 0, 56622
186, 123, 1, 0, 56721
-391, 162, 1, 0, 56822
26, -531, 1, 0, 56923
414, 193, 1, 0, 57022
-327, 23, 1, 0, 57123
217, 325, 1, 0, 57224
65, 397, 1, 0, 57324
56, 165, 1, 0, 57425
136, -429, 1, 0, 57526
118, -123, 1, 0, 57626
56, 258, 1, 0, 57726
58, 113, 1, 0, 57826
210, -185, 1, 0, 57927
61, -444, 1, 0, 58028
11, 163, 1, 0, 58128
-202, -64, 1, 0, 58228
-98, -236, 1, 0, 58328
367, 73, 1, 0, 58429
-415, -367, 1, 0, 58529
-397, 64, 1, 0, 58630
-252, 135, 1, 0, 58731
38, 228, 1, 0, 58831
90, 333, 1, 0, 58931
369, 162, 1, 0, 59032
40, 247, 1, 0, 59132
164, 10, 1, 0, 59232
-11, -275, 1, 0, 59333
109, 199, 1, 0, 59433
10, 13, 1, 0, 59534
-23, 259, 1, 0, 59634
4, -152, 1, 0, 59735
-3, 84, 1, 0, 59835
144, 29, 1, 0, 59935
112, -181, 1, 0, 60036
149, -248, 1, 0, 60137
8, -25, 1, 0, 60237
271, 6, 1, 0, 60338
98, 5, 1, 0, 60438
253, -41, 1, 0, 60540
-203, 188, 1, 0, 60639
160, -290, 1, 0, 60740
-126, 119, 1, 0, 60840
-22, 140, 1, 0, 60940
-189, 138, 1, 0, 61041
35, -341, 1, 0, 61141
187, -51, 1, 0, 61242
-24, 91, 1, 0, 61342
-156, -310, 1, 0, 61442
-298, -458, 1, 0, 61543
240, 315, 1, 0, 61644
141, 12, 1, 0, 61744
322, 266, 1, 0, 61844
2, 116, 1, 0, 61945
-4, 9, 1, 0, 62044
40, 59, 1, 0, 62145
174, 397, 1, 0, 62246
391, 378, 1, 0, 62346
-255, -63, 1, 0, 62447
-117, -122, 1, 0, 62548
0, 19, 1, 0, 62647
59, 220, 1, 0, 62748
58, 219, 1, 0, 62848
-6, -115, 1, 0, 62949
-16, -143, 1, 0, 63050
58, 4, 1, 0, 63149
101, 329, 1, 0, 63265
-4, 33, 1, 0, 63729
-8, -270, 1, 0, 63729
-54, 62, 1, 0, 63729
124, 261, 1, 0, 63729
49, 113, 1, 0, 63939
-120, -6, 1, 0, 63939
-9, -307, 1, 0, 63955
29, 54, 1, 0, 64053
58, 195, 1, 0, 64154
52, 14, 1, 0, 64255
48, -239, 1, 0, 64355
-10, 42, 1, 0, 64456
116, 126, 1, 0, 64556
108, 173, 1, 0, 64656
-34, -111, 0, 0, 64757
10, -20, 0, 0, 64858
9, 78, 0, 0, 64957
48, 147, 0, 0, 65058
113, 118, 0, 0, 65159
105, -166, 0, 0, 65259
-49, 19, 0, 0, 65359
64, 88, 0, 0, 65460
126, 130, 0, 0, 65561
56, -85, 0, 0, 65661
-94, -164, 0, 0, 65762
276, 37, 0, 0, 65862
-139, 172, 0, 0, 65963
124, 105, 0, 0, 66062
-98, -106, 0, 0, 66163
-19, 31, 0, 0, 66264
298, 203, 0, 0, 66364
-23, 225, 0, 0, 66464
-41, 41, 0, 0, 66565
136, 10, 0, 0, 66665
47, -16, 0, 0, 66766
175, 94, 0, 0, 66866
41, 82, 0, 0, 66966
299, -35, 0, 0, 67067
137, 27, 0, 0, 67168
210, 86, 0, 0, 67268
99, 80, 0, 0, 67368
-216, 17, 0, 0, 67469
35, -33, 0, 0, 67569
37, 4, 0, 0, 67670
86, 154, 0, 0, 67770
19, 0, 0, 0, 67871
143, -22, 0, 0, 67971
-4, -4, 0, 0, 68072
65, 56, 0, 0, 68172
59, 3, 0, 0, 68273
34, 140, 0, 0, 68373
-50, -5, 0, 0, 68473
-93, 53, 0, 0, 68574
119, 95, 0, 0, 68674
72, 153, 0, 0, 68774
25, -46, 0, 0, 68875
68, -16, 0, 0, 68976
25, 170, 0, 0, 69076
0, 133, 0, 0, 69176
-26, 81, 0, 0, 69276
11, -139, 0, 0, 69377
-89, 36, 0, 0, 69478
117, 251, 0, 0, 69578
17, 105, 0, 0, 69679
-95, -133, 0, 0, 69779
-64, -149, 0, 0, 69879
-36, 26, 0, 0, 69980
-132, 156, 0, 0, 70081
117, 172, 0, 0, 70181
-41, -378, 0, 0, 70281
-42, 61, 0, 0, 70382
82, 161, 0, 0, 70482
47, 126, 1, 0, 70583
140, -99, 1, 0, 70683
-96, -198, 1, 0, 70783
-214, 77, 1, 0, 70884
19, 235, 1, 0, 70985
-31, 28, 1, 0, 71084
-331, -247, 1, 0, 71185
135, -99, 1, 0, 71286
394, 194, 1, 0, 71386
-142, 225, 1, 0, 71487
-316, -139, 1, 0, 71588
304, -108, 1, 0, 71687
210, 122, 1, 0, 71788
378, 301, 1, 0, 71889
393, 86, 1, 0, 71989
58, -328, 1, 0, 72090
214, 28, 1, 0, 72190
-96, 160, 1, 0, 72290
349, 221, 1, 0, 72391
237, -80, 1, 0, 72491
-321, -32, 1, 0, 72592
-336, 20, 1, 0, 72692
-545, 107, 1, 0, 72792
215, 124, 1, 0, 72893
-454, -1, 1, 0, 72994
-259, -49, 1, 0, 73093
85, 185, 1, 0, 73194
-225, 158, 1, 0, 73295
-171, 20, 1, 0, 73395
151, -42, 1, 0, 73495
49, 71, 1, 0, 73596
-19, 126, 1, 0, 73696
-177, 334, 1, 0, 73797
19, 26, 1, 0, 73897
-16, -82, 1, 0, 73997
6, 52, 1, 0, 74098
43, 18, 1, 0, 74199
37, 71, 1, 0, 74299
-4, -82, 1, 0, 74400
2, 27, 1, 0, 74500
65, 130, 1, 0, 74600
52, 94, 1, 0, 74701
17, -84, 1, 0, 74801
17, -2, 1, 0, 74901
51, 75, 1, 0, 75002
55, 152, 1, 0, 75103
-9, -132, 1, 0, 75203
17, -36, 1, 0, 75303
22, 82, 1, 0, 75404
90, 234, 1, 0, 75504
54, 150, 1, 0, 75605
10, -192, 1, 0, 75705
-8, -63, 1, 0, 75805
19, -3, 1, 0, 75906
35, 92, 1, 0, 76021
-3, -72, 0, 0, 76107
7, -123, 0, 0, 76208
21, 57, 0, 0, 76307
58, 171, 0, 0, 76408
72, 201, 0, 0, 76509
-10, -156, 0, 0, 76609
-9, -121, 0, 0, 76709
53, 160, 0, 0, 76810
94, 241, 0, 0, 76910
27, -4, 0, 0, 77011
-5, -171, 0, 0, 77112
26, 64, 0, 0, 77212
91, 225, 0, 0, 77312
66, 181, 0, 0, 77413
-1, -109, 0, 0, 77513
-20, 30, 0, 0, 77614
52, 169, 0, 0, 77714
98, 224, 0, 0, 77814
35, 117, 0, 0, 77915
9, -133, 0, 0, 78021
-7, 5, 0, 0, 78153
59, 137, 0, 0, 78217
72, 199, 0, 0, 78317
2, -205, 0, 0, 78417
9, -44, 0, 0, 78518
29, 106, 0, 0, 78618
-8, -163, 0, 0, 78718
34, 69, 0, 0, 78819
-50, -314, 0, 0, 78919
14, 3, 0, 0, 79019
0, -19, 0, 0, 79121
62, 159, 0, 0, 79220
-54, -342, 0, 0, 79321
7, -84, 0, 0, 79422
60, 111, 0, 0, 79521
85, 222, 0, 0, 79622
61, 278, 0, 0, 79723
5, -153, 0, 0, 79823
38, 52, 0, 0, 79923
136, 281, 0, 0, 80025
32, -77, 0, 0, 80124
8, -355, 0, 0, 80225
-27, 43, 0, 0, 80326
47, 122, 0, 0, 80426
79, 295, 0, 0, 80527
-13, -103, 0, 0, 80627
-2, -224, 0, 0, 80727
-24, 55, 0, 0, 80828
60, 80, 0, 0, 80928
45, 52, 0, 0, 81028
-34, -289, 0, 0, 81129
34, 44, 0, 0, 81230
40, 159, 0, 0, 81330
95, 213, 0, 0, 81431
61, 131, 0, 0, 81531
-13, -254, 0, 0, 81631
27, 70, 0, 0, 81732
64, 254, 0, 0, 81833
66, 242, 0, 0, 81932
80, 132, 0, 0, 82033
-10, 22, 0, 0, 82133
64, 209, 0, 0, 82234
66, 190, 0, 0, 82334
28, -22, 0, 0, 82434
-2, -198, 0, 0, 82535
31, 34, 0, 0, 82636
82, 187, 0, 0, 82736
59, 166, 0, 0, 82837
0, -131, 0, 0, 82937
-11, -95, 0, 0, 83037
35, 60, 0, 0, 83138
65, 126, 0, 0, 83239
4, -72, 0, 0, 83338
-37, -322, 0, 0, 83439
-12, 49, 0, 0, 83540
98, 240, 0, 0, 83640
52, 149, 0, 0, 83740
-25, -196, 0, 0, 83841
36, 116, 0, 0, 83941
17, 49, 0, 0, 84042
120, 380, 0, 0, 84143
6, -121, 0, 0, 84242
-53, -345, 0, 0, 84343
-55, -122, 0, 0, 84444
63, 98, 0, 0, 84544
30, 69, 0, 0, 84645
12, -155, 0, 0, 84746
5, 15, 0, 0, 84845
26, 118, 0, 0, 84946
88, 285, 0, 0, 85047
24, -64, 0, 0, 85147
-15, -258, 0, 0, 85247
-3, 55, 0, 0, 85347
85, 226, 0, 0, 85448
59, 159, 0, 0, 85549
-18, -249, 0, 0, 85648
15, 6, 0, 0, 85749
17, 151, 0, 0, 85850
126, 343, 0, 0, 85950
36, 27, 0, 0, 86051
22, -235, 0, 0, 86152
19, 123, 0, 0, 86251
90, 155, 0, 0, 86352
80, 306, 0, 0, 86453
-4, -230, 0, 0, 86553
-1, -30, 0, 0, 86653
50, 101, 0, 0, 86754
93, 258, 0, 0, 86854
32, 23, 0, 0, 86954
-6, -263, 0, 0, 87056
-3, -52, 0, 0, 87155
49, 111, 0, 0, 87256
75, 152, 0, 0, 87357
-12, -117, 0, 0, 87457
1, -52, 0, 0, 87557
1, 60, 0, 0, 87658
77, 173, 0, 0, 87758
34, 62, 0, 0, 87859
27, -210, 0, 0, 87960
-29, -2, 0, 0, 88060
81, 199, 0, 0, 88160
77, 212, 0, 0, 88261
7, -58, 0, 0, 88361
-1, -232, 0, 0, 88461
68, 224, 0, 0, 88561
108, 270, 0, 0, 88662
63, 139, 0, 0, 88763
-7, -306, 0, 0, 88863
21, 63, 0, 0, 88963
58, 183, 0, 0, 89065
82, 189, 0, 0, 89164
0, -168, 0, 0, 89265
-9, -251, 0, 0, 89366
-4, -32, 0, 0, 89465
53, 115, 0, 0, 89566
46, 74, 0, 0, 89667
-59, -350, 0, 0, 89767
23, 2, 0, 0, 89867
95, 189, 0, 0, 89969
80, 168, 0, 0, 90068
78, 217, 0, 0, 90169
-20, -271, 0, 0, 90270
-39, -179, 0, 0, 90370
57, 96, 0, 0, 90470
68, 197, 0, 0, 90571
17, -96, 0, 0, 90671
5, 45, 0, 0, 90771
10, 39, 0, 0, 90872
107, 258, 0, 0, 90972
33, 77, 0, 0, 91073
-1, -241, 0, 0, 91174
11, 57, 0, 0, 91273
104, 214, 0, 0, 91375
72, 126, 0, 0, 91475
-1, -270, 0, 0, 91575
2, 19, 0, 0, 91675
35, 101, 0, 0, 91776
80, 203, 0, 0, 91876
23, 4, 0, 0, 91977
-36, -351, 0, 0, 92077
0, 75, 0, 0, 92177
97, 315, 0, 0, 92278
63, 160, 0, 0, 92378
-3, -134, 0, 0, 92479
31, 38, 0, 0, 92580
40, 167, 0, 0, 92680
107, 309, 0, 0, 92781
31, 28, 0, 0, 92881
-16, -333, 0, 0, 92981
27, 44, 0, 0, 93082
45, 101, 0, 0, 93183
67, 155, 0, 0, 93282
34, -96, 0, 0, 93383
-33, -266, 0, 0, 93484
27, 102, 0, 0, 93584
68, 251, 0, 0, 93684
25, 77, 0, 0, 93785
0, -196, 0, 0, 93885
-23, -54, 0, 0, 93986
77, 215, 0, 0, 94086
68, 216, 0, 0, 94186
47, 42, 0, 0, 94287
21, -192, 0, 0, 94388
31, 128, 0, 0, 94488
73, 229, 0, 0, 94588
25, 83, 0, 0, 94689
-18, -305, 0, 0, 94789
-32, -114, 0, 0, 94890
62, 208, 0, 0, 94990
50, 85, 0, 0, 95091
35, 78, 0, 0, 95191
41, 43, 0, 0, 95291
36, 104, 0, 0, 95392
86, 158, 0, 0, 95492
38, 89, 0, 0, 95592
-8, -289, 0, 0, 95693
28, 39, 0, 0, 95794
92, 153, 0, 0, 95894
62, 114, 0, 0, 95995
38, -34, 0, 0, 96096
7, -94, 0, 0, 96195
9, 75, 0, 0, 96296
98, 181, 0, 0, 96397
66, 181, 0, 0, 96496
56, 21, 0, 0, 96597
-24, -126, 0, 0, 96698
43, 137, 0, 0, 96798
88, 286, 0, 0, 96899
-5, -104, 0, 0, 97000
-24, -236, 0, 0, 97099
13, 79, 0, 0, 97200
70, 156, 0, 0, 97301
64, 119, 0, 0, 97401
-4, -120, 0, 0, 97501
28, 7, 0, 0, 97602
40, 110, 0, 0, 97702
70, 162, 0, 0, 97803
24, 70, 0, 0, 97903
-18, -330, 0, 0, 98021
-6, -22, 0, 0, 98104
117, 313, 0, 0, 98204
67, 187, 0, 0, 98305
19, -79, 0, 0, 98406
1, -52, 0, 0, 98505
46, 145, 0, 0, 98606
74, 181, 0, 0, 98707
14, 34, 0, 0, 98806
-4, -113, 0, 0, 98907
-17, 38, 0, 0, 99008
61, 207, 0, 0, 99108
73, 209, 0, 0, 99209
-9, -174, 0, 0, 99310
19, -132, 0, 0, 99409
36, 139, 0, 0, 99510
122, 368, 0, 0, 99611
28, 5, 0, 0, 99711
25, -70, 0, 0, 99811
-44, -196, 0, 0, 99912
-61, -209, 0, 0, 100021
68, 139, 0, 0, 100113
-77, -354, 0, 0, 100214
7, -48, 0, 0, 100313
51, 138, 0, 0, 100414
72, 162, 0, 0, 100515
46, 102, 0, 0, 100615
5, -256, 0, 0, 100715
-1, 66, 0, 0, 100816
85, 271, 0, 0, 100916
97, 183, 0, 0, 101017
-13, -55, 0, 0, 101118
-22, -164, 0, 0, 101218
33, 175, 0, 0, 101318
92, 254, 0, 0, 101418
16, 48, 0, 0, 101519
-35, -172, 0, 0, 101620
-27, -219, 0, 0, 101719
59, 200, 0, 0, 101820
95, 168, 0, 0, 101921
79, 78, 0, 0, 102021
31, -162, 0, 0, 102121
-24, 37, 0, 0, 102222
122, 217, 0, 0, 102322
63, 130, 0, 0, 102423
-12, -192, 0, 0, 102524
-30, 47, 0, 0, 102623
112, 170, 0, 0, 102725
121, 184, 0, 0, 102825
14, -177, 0, 0, 102925
79, -184, 0, 0, 103025
-37, 98, 0, 0, 103126
160, 138, 0, 0, 103227
53, 30, 0, 0, 103327
29, -366, 0, 0, 103428
-15, -103, 0, 0, 103528
45, 183, 0, 0, 103629
51, 161, 0, 0, 103729
4, -82, 0, 0, 103829
30, -136, 0, 0, 103930
-8, 194, 0, 0, 104030
163, 369, 0, 0, 104130
11, 148, 0, 0, 104231
37, -194, 0, 0, 104332
-3, 58, 0, 0, 104431
50, 220, 0, 0, 104532
17, 205, 0, 0, 104632
-254, 92, 0, 0, 104733
-210, -263, 0, 0, 104834
80, 77, 0, 0, 104933
41, 173, 0, 0, 105034
179, 207, 0, 0, 105135
124, -264, 0, 0, 105235
-11, -261, 0, 0, 105336
54, 33, 1, 0, 105436
9, -119, 1, 0, 105536
107, -257, 1, 0, 105637
238, 43, 1, 0, 105738
-51, 23, 1, 0, 105837
25, -307, 1, 0, 105939
359, 352, 1, 0, 106039
242, 248, 1, 0, 106139
137, -200, 1, 0, 106240
264, 146, 1, 0, 106341
61, -439, 1, 0, 106441
393, 63, 1, 0, 106541
145, 364, 1, 0, 106642
-324, 167, 1, 0, 106742
391, 84, 1, 0, 106843
433, 153, 1, 0, 106943
84, 126, 1, 0, 107043
310, -126, 1, 0, 107144
401, -148, 1, 0, 107245
5, 253, 1, 0, 107344
349, 16, 1, 0, 107445
185, -177, 1, 0, 107546
12, -300, 1, 0, 107646
103, -57, 1, 0, 107746
9, 133, 1, 0, 107846
46, 123, 1, 0, 107947
38, 33, 1, 0, 108048
2, 218, 1, 0, 108147
-604, 288, 1, 0, 108249
-9, 107, 1, 0, 108349
28, 120, 1, 0, 108449
457, 20, 1, 0, 108550
378, 256, 1, 0, 108651
373, 198, 1, 0, 108751
-31, -55, 1, 0, 108851
53, 110, 1, 0, 108952
44, 113, 1, 0, 109052
30, -21, 1, 0, 109152
90, 113, 1, 0, 109253
-4, -126, 1, 0, 109353
3, 54, 1, 0, 109454
46, -306, 1, 0, 109555
24, 244, 1, 0, 109655
102, -230, 1, 0, 109756
99, -232, 1, 0, 109856
-8, -140, 1, 0, 109956
40, 30, 1, 0, 110057
380, -279, 1, 0, 110158
39, -74, 1, 0, 110257
81, -48, 1, 0, 110358
25, 129, 1, 0, 110459
-189, -78, 1, 0, 110558
68, -227, 1, 0, 110659
7, 87, 1, 0, 110760
-648, 123, 1, 0, 110860
-215, 136, 1, 0, 110961
85, 169, 1, 0, 111061
102, -53, 1, 0, 111161
10, 103, 1, 0, 111262
4, -60, 1, 0, 111362
28, 378, 1, 0, 111462
90, 12, 1, 0, 111563
26, -126, 1, 0, 111663
-414, 151, 1, 0, 111764
30, -230, 1, 0, 111865
-7, 0, 1, 0, 111964
36, -21, 1, 0, 112065
404, -107, 1, 0, 112166
-189, -234, 1, 0, 112266
86, 112, 1, 0, 112367
-99, 125, 1, 0, 112468
55, 26, 1, 0, 112567
-154, 108, 1, 0, 112668
204, -71, 1, 0, 112769
-5, -31, 1, 0, 112869
-193, -19, 1, 0, 112970
-6, -136, 1, 0, 113070
115, -57, 1, 0, 113170
35, 95, 1, 0, 113271
149, 297, 1, 0, 113372
86, 89, 1, 0, 113471
97, -34, 1, 0, 113572
161, 196, 1, 0, 113673
29, 160, 1, 0, 113773
35, -97, 1, 0, 113874
-18, 117, 1, 0, 113975
-29, -94, 1, 0, 114074
211, 76, 1, 0, 114175
84, -19, 1, 0, 114275
21, 45, 1, 0, 114375
234, 6, 1, 0, 114476
11, 16, 1, 0, 114576
34, 171, 1, 0, 114677
-18, 80, 1, 0, 114778
-22, 52, 1, 0, 114878
-199, 18, 1, 0, 114978
189, 159, 1, 0, 115079
12, -27, 1, 0, 115179
-393, -51, 1, 0, 115279
169, 116, 1, 0, 115380
139, 195, 1, 0, 115480
-14, 93, 1, 0, 115581
96, 65, 1, 0, 115682
48, -153, 1, 0, 115781
368, 59, 1, 0, 115882
43, -267, 1, 0, 115983
23, 73, 1, 0, 116083
13, 317, 1, 0, 116183
-62, 10, 1, 0, 116285
46, 89, 1, 0, 116384
36, 80, 1, 0, 116485
-182, 275, 1, 0, 116586
-17, 98, 1, 0, 116685
15, -70, 1, 0, 116786
9, 2, 1, 0, 116887
17, -57, 1, 0, 116987
91, 67, 1, 0, 117088
113, 19, 1, 0, 117189
-320, -117, 1, 0, 117288
19, -2, 1, 0, 117389
61, -60, 1, 0, 117489
-20, -138, 1, 0, 117590
32, 297, 1, 0, 117690
155, 39, 1, 0, 117790
-471, 20, 1, 0, 117891
9, 194, 1, 0, 117992
-369, 180, 1, 0, 118092
-126, -139, 1, 0, 118193
38, 64, 1, 0, 118293
252, 214, 1, 0, 118393
211, 242, 1, 0, 118494
241, -27, 1, 0, 118595
-156, 53, 1, 0, 118694
222, 166, 1, 0, 118795
160, -93, 1, 0, 118896
16, 107, 1, 0, 118996
-410, 75, 1, 0, 119097
33, -263, 1, 0, 119197
-58, 189, 1, 0, 119297
-406, 42, 1, 0, 119398
-292, -6, 1, 0, 119499
-1, -128, 1, 0, 119598
-204, 36, 1, 0, 119699
-49, -132, 1, 0, 119800
318, 144, 1, 0, 119900
244, 124, 1, 0, 120021
-340, 13, 1, 0, 120101
-158, 67, 1, 0, 120201
-35, 217, 1, 0, 120302
17, 82, 1, 0, 120402
-408, 118, 1, 0, 120502
-157, -26, 1, 0, 120603
282, 187, 1, 0, 120703
53, 175, 1, 0, 120804
282, -208, 1, 0, 120905
119, -119, 1, 0, 121005
-39, -228, 1, 0, 121105
30, -34, 1, 0, 121206
-359, 44, 1, 0, 121306
10, -50, 1, 0, 121407
73, 86, 1, 0, 121507
-106, -43, 1, 0, 121607
134, -100, 1, 0, 121708
-398, 138, 1, 0, 121809
8, 120, 1, 0, 121908
-135, -317, 1, 0, 122021
300, 126, 1, 0, 122110
-136, 109, 1, 0, 122210
-419, 108, 1, 0, 122311
304, 166, 1, 0, 122411
-5, 54, 1, 0, 122511
-66, -52, 1, 0, 122612
-120, -55, 1, 0, 122713
337, -62, 1, 0, 122813
177, -144, 1, 0, 122913
-380, -202, 1, 0, 123015
209, -14, 1, 0, 123114
362, 127, 1, 0, 123215
-183, 143, 1, 0, 123316
148, 60, 1, 0, 123415
310, -221, 1, 0, 123516
229, 332, 1, 0, 123617
-286, -51, 1, 0, 123717
-239, 54, 1, 0, 123817
284, -115, 1, 0, 123917
312, 5, 1, 0, 124021
-179, 75, 1, 0, 124119
-132, 141, 1, 0, 124219
167, 44, 1, 0, 124319
240, -120, 1, 0, 124420
187, -12, 1, 0, 124520
25, -108, 1, 0, 124621
-8, 184, 1, 0, 124722
254, -48, 1, 0, 124821
-47, 68, 1, 0, 124922
-2, -79, 1, 0, 125023
146, 33, 1, 0, 125123
410, 299, 1, 0, 125223
380, -292, 1, 0, 125324
21, 57, 1, 0, 125424
239, 351, 1, 0, 125525
17, -95, 1, 0, 125625
-18, 17, 1, 0, 125725
107, 97, 1, 0, 125826
-104, 32, 1, 0, 125927
34, 352, 1, 0, 126027
107, -146, 1, 0, 126128
368, -338, 1, 0, 126228
-162, 72, 1, 0, 126328
46, 230, 1, 0, 126429
142, 277, 1, 0, 126530
162, 70, 1, 0, 126630
-311, 440, 1, 0, 126730
-17, 32, 1, 0, 126831
18, 423, 1, 0, 126931
170, 2, 1, 0, 127032
36, -155, 1, 0, 127132
123, 38, 1, 0, 127232
85, 5, 1, 0, 127333
85, -1, 1, 0, 127433
84, 30, 1, 0, 127534
92, 13, 1, 0, 127634
75, 30, 1, 0, 127734
134, 399, 1, 0, 127835
185, 164, 1, 0, 127936
-56, 63, 1, 0, 128036
178, 196, 1, 0, 128136
230, 117, 1, 0, 128237
241, -109, 1, 0, 128337
-145, 30, 1, 0, 128438
121, 209, 1, 0, 128538
216, 153, 1, 0, 128638
-120, 4, 1, 0, 128739
-38, 13, 1, 0, 128840
-30, -63, 1, 0, 128940
129, -46, 1, 0, 129040
217, 227, 1, 0, 129141
23, -450, 1, 0, 129241
236, 89, 1, 0, 129342
92, -401, 1, 0, 129443
67, -274, 1, 0, 129542
-67, 299, 1, 0, 129643
2, 88, 1, 0, 129744
-29, 93, 1, 0, 129843
37, 62, 1, 0, 129944
-19, -644, 1, 0, 130045
273, -125, 1, 0, 130145
87, 397, 1, 0, 130246
6, 310, 1, 0, 130345
170, 28, 1, 0, 130447
-219, 62, 1, 0, 130547
112, 30, 1, 0, 130647
34, -268, 1, 0, 130748
145, 409, 1, 0, 130849
396, 248, 1, 0, 130948
-16, 30, 1, 0, 131049
-74, 55, 1, 0, 131150
96, 35, 1, 0, 131250
-130, 233, 1, 0, 131351
-160, 389, 1, 0, 131451
170, 17, 1, 0, 131551
274, 234, 1, 0, 131651
97, -20, 0, 0, 131752
-126, 21, 0, 0, 131852
-191, -225, 0, 0, 131953
0, -4, 0, 0, 132054
343, 367, 0, 0, 132154
-75, 46, 1, 0, 132254
-190, 61, 1, 0, 132356
132, -131, 1, 0, 132455
-255, -165, 1, 0, 132556
43, -77, 1, 0, 132656
-291, 112, 1, 0, 132757
329, 185, 1, 0, 132857
168, 31, 1, 0, 132958
-3, 166, 1, 0, 133058
188, 0, 1, 0, 133158
-67, 261, 1, 0, 133259
16, 101, 1, 0, 133359
65, 44, 1, 0, 133460
-134, 180, 1, 0, 133560
-81, -146, 1, 0, 133661
269, 144, 1, 0, 133761
151, 310, 1, 0, 133861
11, 92, 1, 0, 133962
139, -11, 1, 0, 134063
251, 198, 1, 0, 134163
-416, 208, 1, 0, 134263
-411, -108, 1, 0, 134364
411, 62, 1, 0, 134464
295, -221, 1, 0, 134565
198, -144, 1, 0, 134666
6, 112, 1, 0, 134765
196, 42, 1, 0, 134866
30, -86, 1, 0, 134967
-238, -303, 1, 0, 135067
8, -249, 1, 0, 135167
-355, 374, 1, 0, 135268
-385, 70, 1, 0, 135368
253, 89, 1, 0, 135469
58, -180, 1, 0, 135570
-258, 104, 1, 0, 135669
147, 52, 1, 0, 135770
123, 11, 1, 0, 135871
-283, 0, 1, 0, 135970
89, -2, 1, 0, 136071
50, -22, 1, 0, 136172
422, 194, 1, 0, 136272
4, 156, 1, 0, 136373
14, 210, 1, 0, 136474
84, -24, 1, 0, 136578
343, -2, 1, 0, 136674
262, -74, 1, 0, 136774
199, -27, 1, 0, 136875
-253, 279, 1, 0, 136975
336, 40, 1, 0, 137075
199, 78, 1, 0, 137176
9, 216, 1, 0, 137277
-190, -292, 1, 0, 137377
-110, 142, 1, 0, 137477
-66, 365, 1, 0, 137578
-232, 137, 1, 0, 137678
-168, 70, 1, 0, 137779
58, -18, 1, 0, 137880
374, 47, 1, 0, 137980
169, -158, 1, 0, 138080
-8, 77, 1, 0, 138180
-66, 329, 1, 0, 138281
36, 14, 1, 0, 138381
-3, 93, 1, 0, 138482
-48, 1, 1, 0, 138582
-130, -127, 1, 0, 138683
126, 380, 1, 0, 138784
-73, -89, 1, 0, 138884
-20, 395, 1, 0, 138984
63, -54, 1, 0, 139085
133, -174, 1, 0, 139185
-100, -355, 1, 0, 139286
53, 22, 1, 0, 139386
5, 62, 1, 0, 139486
-301, 375, 0, 0, 139587
-283, 25, 0, 0, 139688
-203, 77, 0, 0, 139788
-21, 103, 0, 0, 139888
-280, 25, 0, 0, 139988
296, 203, 0, 0, 140089
-95, -2, 1, 0, 140189
-83, 141, 1, 0, 140290
-163, -357, 1, 0, 140391
295, 237, 1, 0, 140491
131, 8, 1, 0, 140591
324, 252, 1, 0, 140692
-316, -12, 1, 0, 140793
260, -22, 1, 0, 140892
306, 193, 1, 0, 140993
-168, -393, 1, 0, 141094
-42, -174, 1, 0, 141194
-236, 0, 1, 0, 141294
149, 378, 1, 0, 141395
-351, -137, 1, 0, 141495
406, 169, 1, 0, 141596
389, 62, 1, 0, 141696
-313, 34, 1, 0, 141801
-443, -212, 1, 0, 141897
-296, -96, 1, 0, 141998
-387, 57, 1, 0, 142098
94, 34, 1, 0, 142198
-224, 19, 1, 0, 142299
-402, -379, 1, 0, 142399
335, -74, 1, 0, 142500
-263, 84, 1, 0, 142600
12, 258, 1, 0, 142700
40, -292, 1, 0, 142801
127, 142, 1, 0, 142902
-5, -203, 1, 0, 143002
0, 2, 1, 0, 143102
-355, 10, 1, 0, 143202
293, 91, 1, 0, 143303
-200, 152, 1, 0, 143404
-155, 201, 1, 0, 143504
142, 138, 1, 0, 143604
7, 193, 1, 0, 143705
-400, -6, 1, 0, 143805
349, 104, 1, 0, 143906
316, -257, 1, 0, 144019
33, 161, 1, 0, 144106
-357, -207, 1, 0, 144207
217, 218, 1, 0, 144308
97, 381, 1, 0, 144408
9, 29, 1, 0, 144508
-437, -295, 1, 0, 144609
-26, -200, 1, 0, 144709
159, -209, 1, 0, 144810
-391, 380, 1, 0, 144911
187, -132, 1, 0, 145011
200, 38, 1, 0, 145111
10, 113, 1, 0, 145212
-554, -186, 1, 0, 145312
236, 62, 1, 0, 145412
-20, 132, 1, 0, 145513
227, 161, 1, 0, 145613
-109, -126, 1, 0, 145714
116, 221, 1, 0, 145815
4, 189, 1, 0, 145914
-13, 44, 1, 0, 146021
177, -56, 1, 0, 146116
181, 188, 1, 0, 146216
50, -112, 1, 0, 146317
-19, 139, 1, 0, 146416
-5, 37, 1, 0, 146517
-58, -172, 1, 0, 146618
70, 372, 1, 0, 146718
391, 279, 1, 0, 146819
-131, 114, 1, 0, 146919
257, 44, 1, 0, 147019
63, 109, 1, 0, 147120
-19, 30, 1, 0, 147221
19, -185, 1, 0, 147321
-181, 81, 1, 0, 147421
184, -112, 1, 0, 147522
313, 316, 1, 0, 147622
279, 174, 1, 0, 147723
188, -47, 1, 0, 147824
67, 69, 1, 0, 147923
208, 106, 1, 0, 148024
9, 98, 1, 0, 148124
92, 103, 1, 0, 148224
-59, 19, 1, 0, 148325
39, -231, 1, 0, 148426
88, -108, 1, 0, 148526
1, -68, 1, 0, 148626
-11, 31, 1, 0, 148727
204, 57, 1, 0, 148827
18, 311, 1, 0, 148928
18, 4, 1, 0, 149029
175, -115, 1, 0, 149129
66, 231, 1, 0, 149230
21, 226, 1, 0, 149330
-512, 8, 1, 0, 149430
84, 236, 1, 0, 149531
3, 221, 1, 0, 149630
-353, 4, 1, 0, 149731
362, 179, 1, 0, 149832
-54, -24, 1, 0, 149932
-317, 66, 1, 0, 150033
4, 396, 1, 0, 150133
29, 62, 1, 0, 150233
307, -41, 1, 0, 150334
12, 260, 1, 0, 150435
-464, 160, 1, 0, 150535
260, -249, 1, 0, 150635
354, 44, 1, 0, 150736
207, -367, 1, 0, 150836
243, 349, 1, 0, 150937
249, -154, 1, 0, 151038
13, -23, 1, 0, 151137
-6, -63, 1, 0, 151238
-419, -275, 1, 0, 151339
40, 251, 1, 0, 151439
-386, 67, 1, 0, 151540
328, 191, 1, 0, 151640
-372, -474, 1, 0, 151740
215, 164, 1, 0, 151841
-389, 408, 1, 0, 151942
-479, 179, 1, 0, 152042
20, -523, 1, 0, 152143
-247, 174, 1, 0, 152243
178, -20, 1, 0, 152343
194, -89, 1, 0, 152444
7, 86, 1, 0, 152544
411, 7, 1, 0, 152644
-400, 4, 1, 0, 152745
209, 105, 1, 0, 152845
146, -29, 1, 0, 152945
166, 93, 1, 0, 153047
-214, 6, 1, 0, 153146
388, 20, 1, 0, 153247
-355, 15, 1, 0, 153348
-285, 252, 1, 0, 153447
402, -8, 1, 0, 153548
-102, 73, 1, 0, 153649
101, -179, 1, 0, 153749
1, 40, 1, 0, 153849
124, 79, 1, 0, 153951
378, -87, 1, 0, 154050
242, 265, 1, 0, 154151
343, -173, 1, 0, 154252
-59, -42, 1, 0, 154352
207, -16, 1, 0, 154452
69, 286, 1, 0, 154553
265, -4, 1, 1, 154653
-1, -70, 1, 1, 154754
113, 33, 1, 1, 154855
243, 88, 1, 1, 154954
-26, 206, 1, 1, 155055
76, -66, 1, 1, 155156
23, 70, 1, 1, 155255
-57, -122, 1, 1, 155356
34, 71, 1, 1, 155457
-38, -46, 1, 1, 155557
101, -90, 1, 1, 155658
145, 64, 1, 1, 155759
36, 71, 1, 1, 155858
49, 125, 1, 1, 155959
163, -19, 1, 1, 156059
-12, 24, 1, 1, 156160
9, -41, 1, 1, 156260
38, -114, 1, 1, 156360
-136, 123, 1, 1, 156461
66, 80, 1, 1, 156562
114, 184, 1, 1, 156662
130, 87, 1, 1, 156762
-5, 50, 1, 1, 156863
29, 151, 0, 1, 156963
71, 84, 0, 1, 157064
98, 210, 0, 1, 157164
38, -19, 0, 1, 157264
-40, 30, 0, 1, 157365
-176, -8, 1, 1, 157466
-131, -144, 1, 1, 157566
-22, 158, 1, 0, 157666
-181, -24, 1, 0, 157768
113, -71, 1, 0, 157867
-148, 47, 1, 0, 157968
84, -161, 1, 0, 158068
-337, 252, 1, 0, 158168
-333, -81, 1, 0, 158269
181, 49, 1, 0, 158370
202, 68, 1, 0, 158470
254, -17, 1, 0, 158571
36, 67, 1, 0, 158671
-12, -52, 1, 0, 158771
76, 69, 1, 0, 158872
-8, 283, 1, 0, 158972
24, 39, 1, 0, 159072
39, -2, 1, 0, 159173
48, 182, 1, 0, 159273
54, -377, 1, 0, 159374
-22, 18, 1, 0, 159475
312, 2, 1, 0, 159574
101, -22, 1, 0, 159675
-325, 197, 1, 0, 159776
-98, 152, 1, 0, 159876
137, 88, 1, 0, 159977
-7, 134, 1, 0, 160077
1, 83, 1, 0, 160177
30, 213, 1, 0, 160278
2, -65, 1, 0, 160378
60, 15, 1, 0, 160479
368, -74, 1, 0, 160580
-27, 106, 1, 0, 160680
-4, 227, 1, 0, 160780
0, -322, 1, 0, 160881
65, 10, 1, 0, 160982
121, 200, 1, 0, 161081
34, 168, 1, 0, 161182
35, -36, 1, 0, 161283
-9, 78, 1, 0, 161382
81, 0, 1, 0, 161483
129, 105, 1, 0, 161584
3, 37, 1, 0, 161683
252, -317, 1, 0, 161785
-273, 167, 1, 0, 161886
26, 52, 1, 0, 161985
-22, -322, 1, 0, 162086
103, 47, 1, 0, 162187
7, 180, 1, 0, 162287
22, 119, 1, 0, 162388
12, 414, 1, 0, 162487
-23, -133, 1, 0, 162591
12, 178, 1, 0, 162689
-8, -303, 1, 0, 162789
-4, 15, 1, 0, 162889
0, 306, 1, 0, 162990
13, 151, 1, 0, 163090
1, -103, 1, 0, 163191
28, 18, 1, 0, 163292
-123, 341, 1, 0, 163392
51, 118, 1, 0, 163492
21, -266, 1, 0, 163593
33, 349, 1, 0, 163693
90, 353, 1, 0, 163793
109, -241, 1, 0, 163894
9, 75, 1, 0, 163994
111, -286, 1, 0, 164095
19, 137, 1, 0, 164195
96, -220, 1, 0, 164295
-498, 126, 1, 0, 164396
-5, 388, 1, 0, 164497
95, 142, 1, 0, 164597
23, -288, 1, 0, 164698
-541, -10, 1, 0, 164799
164, 61, 1, 0, 164898
53, -103, 1, 0, 164999
17, -1, 1, 0, 165100
173, 169, 1, 0, 165200
-430, -354, 1, 0, 165300
133, -14, 1, 0, 165401
0, -85, 1, 0, 165500
68, 306, 1, 0, 165602
49, 142, 1, 0, 165701
34, 157, 1, 0, 165802
7, -294, 1, 0, 165903
244, 100, 1, 0, 166022
61, 129, 1, 0, 166104
49, 176, 1, 0, 166204
-146, -13, 1, 0, 166304
51, 47, 1, 0, 166405
101, 98, 1, 0, 166506
-139, 169, 1, 0, 166605
115, -162, 1, 0, 166706
15, 280, 1, 0, 166807
126, -34, 1, 0, 166907
33, 13, 1, 0, 167007
126, 364, 1, 0, 167108
246, -68, 1, 0, 167208
52, -1, 1, 0, 167309
44, -178, 1, 0, 167410
109, 42, 1, 0, 167509
-315, -24, 1, 0, 167610
28, 26, 1, 0, 167711
74, -402, 1, 0, 167811
12, 29, 1, 0, 167912
-238, 338, 1, 0, 168022
-199, -222, 1, 0, 168113
28, 131, 1, 0, 168213
56, 108, 1, 0, 168314
127, -59, 1, 0, 168413
-76, 189, 1, 0, 168514
-13, 44, 1, 0, 168615
253, 0, 1, 0, 168715
41, 216, 1, 0, 168815
334, -89, 1, 0, 168916
199, -150, 1, 0, 169017
156, -187, 1, 0, 169117
160, 35, 1, 0, 169217
192, -81, 1, 0, 169318
-171, 88, 1, 0, 169419
20, 257, 1, 0, 169518
245, -75, 1, 0, 169619
160, -14, 1, 0, 169720
-69, 13, 1, 0, 169819
309, -42, 1, 0, 169921
175, 21, 1, 0, 170022
-321, 95, 1, 0, 170121
-20, 58, 1, 0, 170222
246, -254, 1, 0, 170323
7, 431, 1, 0, 170422
0, 33, 1, 0, 170523
118, 23, 1, 0, 170624
-33, -126, 1, 0, 170724
-21, 80, 1, 0, 170824
180, 412, 1, 0, 170926
104, -119, 1, 0, 171025
45, 4, 1, 0, 171126
-42, 174, 1, 0, 171227
-270, 7, 1, 0, 171326
25, 422, 1, 0, 171427
-6, 91, 1, 0, 171528
57, 373, 1, 0, 171628
66, 6, 1, 0, 171728
2, 129, 1, 0, 171829
216, -3, 1, 0, 171929
73, 273, 1, 0, 172030
17, 169, 1, 0, 172130
-102, -56, 1, 0, 172231
122, -13, 1, 0, 172331
36, 364, 1, 0, 172431
266, -443, 1, 0, 172532
62, -11, 1, 0, 172633
111, 110, 1, 0, 172733
-170, -121, 1, 0, 172834
-205, 189, 1, 0, 172934
-185, -138, 1, 0, 173034
145, 129, 1, 0, 173135
60, -167, 1, 0, 173235
-121, 26, 1, 0, 173335
-426, 126, 1, 0, 173436
-120, -172, 1, 0, 173537
-1, 316, 1, 0, 173636
26, -25, 1, 0, 173737
-130, 154, 1, 0, 173838
195, 26, 1, 0, 173938
16, 92, 1, 0, 174038
-267, 361, 1, 0, 174139
-14, 243, 1, 0, 174239
26, -303, 1, 0, 174340
56, 214, 1, 0, 174441
194, -133, 1, 0, 174541
96, -292, 1, 0, 174641
-12, -30, 1, 0, 174742
186, 1, 1, 0, 174842
-69, 407, 1, 0, 174943
-73, 37, 1, 0, 175044
-11, -52, 1, 0, 175144
-65, 75, 1, 0, 175244
190, 88, 1, 0, 175344
-390, 367, 1, 0, 175445
346, 378, 1, 0, 175545
55, 148, 1, 0, 175645
282, -294, 1, 0, 175746
137, -188, 1, 0, 175847
332, -109, 1, 0, 175947
-318, 29, 1, 0, 176048
-235, 82, 1, 0, 176148
-177, -318, 1, 0, 176248
253, 76, 1, 0, 176349
161, -1, 1, 0, 176449
130, 251, 1, 0, 176549
-283, -437, 1, 0, 176650
155, 372, 1, 0, 176751
-274, 111, 1, 0, 176851
-245, 140, 1, 0, 176952
-33, 169, 1, 0, 177052
-246, 49, 1, 0, 177152
-214, 370, 1, 0, 177253
-54, 26, 1, 0, 177353
-202, -2, 1, 0, 177454
-93, 30, 1, 0, 177554
102, -10, 1, 0, 177655
-204, 22, 1, 0, 177755
-10, 25, 1, 0, 177855
-10, 36, 1, 0, 177956
80, -34, 1, 0, 178056
-224, -198, 1, 0, 178157
70, 220, 1, 0, 178258
66, -63, 1, 0, 178357
308, 240, 1, 0, 178459
351, 66, 1, 0, 178558
156, -68, 1, 0, 178659
1, -147, 1, 0, 178759
-28, -19, 1, 0, 178859
10, -81, 1, 0, 178960
64, 177, 1, 0, 179061
102, 133, 1, 0, 179161
11, 82, 1, 0, 179261
49, -269, 1, 0, 179362
99, 30, 1, 0, 179462
337, 130, 1, 0, 179563
104, 80, 1, 0, 179664
-103, 103, 1, 0, 179764
45, 51, 1, 0, 179864
-81, 56, 1, 0, 179965
146, 126, 1, 0, 180065
92, 68, 1, 0, 180166
114, 135, 1, 0, 180267
-98, 172, 1, 0, 180366
40, 96, 1, 0, 180467
-15, 199, 1, 0, 180568
192, 209, 1, 0, 180668
63, 104, 1, 0, 180769
86, 307, 1, 0, 180869
49, 138, 1, 0, 180969
40, 132, 1, 0, 181070
34, 146, 1, 0, 181171
115, 369, 1, 0, 181270
296, 65, 1, 0, 181371
-191, 63, 1, 0, 181472
-33, -157, 1, 0, 181572
14, 93, 1, 0, 181672
-16, -25, 1, 0, 181772
-79, 338, 1, 0, 181873
17, 70, 1, 0, 181974
-51, -11, 1, 0, 182074
37, 176, 1, 0, 182174
134, -26, 1, 0, 182275
132, 189, 1, 0, 182375
332, 179, 1, 0, 182476
192, 31, 1, 0, 182577
33, 310, 1, 0, 182676
-56, 0, 1, 0, 182777
26, 181, 1, 0, 182878
364, -13, 1, 0, 182978
-137, -33, 1, 0, 183078
3, 25, 1, 0, 183179
78, -175, 1, 0, 183279
48, 5, 1, 0, 183379
106, 192, 1, 0, 183481
294, -176, 1, 0, 183581
249, 41, 1, 0, 183681
124, 175, 1, 0, 183782
223, 35, 1, 0, 183882
45, -267, 1, 0, 183983
-255, -41, 1, 0, 184084
-18, -296, 1, 0, 184183
87, -159, 1, 0, 184284
111, 28, 1, 0, 184384
132, -169, 1, 0, 184484
94, -314, 1, 0, 184585
-33, -4, 1, 0, 184686
7, 0, 1, 0, 184786
-13, -109, 1, 0, 184887
234, 32, 1, 0, 184986
-80, 0, 1, 0, 185087
117, 106, 1, 0, 185188
-178, 158, 1, 0, 185288
23, 100, 1, 0, 185388
18, 162, 1, 0, 185489
62, 307, 1, 0, 185589
-10, 78, 1, 0, 185690
19, 46, 1, 0, 185791
-3, 46, 1, 0, 185890
-204, 69, 1, 0, 185991
9, 77, 1, 0, 186092
22, 125, 1, 0, 186192
222, 223, 1, 0, 186293
212, -63, 1, 0, 186394
-63, 209, 1, 0, 186493
-25, 164, 1, 0, 186594
-10, 157, 1, 0, 186695
182, -16, 1, 0, 186795
29, 51, 1, 0, 186895
430, -168, 1, 0, 186996
384, 156, 1, 0, 187096
21, 404, 1, 0, 187197
-246, 351, 1, 0, 187298
29, -266, 1, 0, 187397
13, 122, 1, 0, 187498
-347, 311, 1, 0, 187599
-18, 317, 1, 0, 187699
-346, -392, 1, 0, 187800
382, 38, 1, 0, 187900
-32, -59, 1, 0, 188000
379, -5, 1, 0, 188101
-341, 87, 1, 0, 188200
74, -188, 1, 0, 188301
-43, -368, 1, 0, 188402
18, -226, 1, 0, 188502
-22, 303, 1, 0, 188604
-147, 33, 1, 0, 188704
-386, -189, 1, 0, 188804
-17, 109, 1, 0, 188904
-107, -324, 1, 0, 189005
-90, 315, 1, 0, 189105
336, 64, 1, 0, 189205
-357, 238, 1, 0, 189306
15, 187, 1, 0, 189406
258, -204, 1, 0, 189507
292, 152, 1, 0, 189607
18, 150, 1, 0, 189708
8, 225, 1, 0, 189808
-116, -192, 1, 0, 189909
0, 18, 1, 0, 190022
164, 15, 1, 0, 190109
73, 428, 1, 0, 190211
-81, 218, 1, 0, 190310
2, -51, 1, 0, 190411
-71, 47, 1, 0, 190512
9, -321, 1, 0, 190611
-248, -292, 1, 0, 190712
19, -40, 1, 0, 190813
176, 2, 1, 0, 190913
-8, -257, 1, 0, 191013
44, 60, 1, 0, 191114
-225, 417, 1, 0, 191214
174, 249, 1, 0, 191315
161, 3, 1, 0, 191414
161, 382, 1, 0, 191516
159, 197, 1, 0, 191616
38, -162, 1, 0, 191716
-274, 208, 1, 0, 191817
-22, 76, 1, 0, 191918
-5, 335, 1, 0, 192021
31, 80, 1, 0, 192118
-4, 201, 1, 0, 192219
21, 11, 1, 0, 192319
237, -195, 1, 0, 192420
246, 9, 1, 0, 192521
158, -78, 1, 0, 192620
130, -350, 1, 0, 192721
-164, -207, 1, 0, 192822
182, 317, 1, 0, 192922
87, 314, 1, 0, 193023
418, -84, 1, 0, 193123
77, 104, 1, 0, 193223
-303, 283, 1, 0, 193324
67, 149, 1, 0, 193425
3, -21, 1, 0, 193524
159, 11, 1, 0, 193625
193, 7, 1, 0, 193726
82, 290, 1, 0, 193825
130, -96, 1, 0, 193926
178, 201, 1, 0, 194027
124, -267, 1, 0, 194127
-341, -156, 1, 0, 194228
-108, 196, 1, 0, 194329
-12, -177, 1, 0, 194428
249, 365, 1, 0, 194529
22, 37, 1, 0, 194629
-2, -61, 1, 0, 194729
-37, 315, 1, 0, 194830
33, 389, 1, 0, 194930
180, 392, 1, 0, 195031
217, 398, 1, 0, 195132
33, -231, 1, 0, 195232
363, -447, 1, 0, 195333
-41, -296, 1, 0, 195433
-126, -40, 1, 0, 195533
35, -11, 1, 0, 195634
135, -56, 1, 0, 195735
81, 296, 1, 0, 195834
175, 42, 1, 0, 195935
-60, 135, 1, 0, 196036
303, 34, 1, 0, 196136
-96, -56, 1, 0, 196237
95, 217, 1, 0, 196337
194, -29, 1, 0, 196437
19, 106, 1, 0, 196538
173, 243, 1, 0, 196639
17, 85, 1, 0, 196738
2, 122, 1, 0, 196839
-24, 142, 1, 0, 196940
73, 160, 1, 0, 197040
136, 111, 1, 0, 197141
-40, -21, 1, 0, 197241
-17, -34, 1, 0, 197341
-5, -10, 1, 0, 197442
77, 109, 1, 0, 197543
-7, 63, 1, 0, 197642
67, 32, 1, 0, 197743
26, 26, 1, 0, 197843
-174, 47, 1, 0, 197944
-11, -6, 1, 0, 198045
-114, -79, 1, 0, 198145
44, 55, 1, 0, 198245
134, 3, 1, 0, 198346
-8, 34, 1, 0, 198445
-78, 75, 1, 0, 198547
94, -97, 1, 0, 198647
34, 69, 1, 0, 198747
97, 8, 1, 0, 198848
84, 111, 1, 0, 198949
75, 13, 1, 0, 199049
-112, -6, 1, 0, 199149
-42, 203, 1, 0, 199250
110, 30, 1, 0, 199350
135, 49, 1, 0, 199451
21, -16, 1, 0, 199552
123, -140, 1, 0, 199651
-122, -181, 1, 0, 199752
31, -56, 1, 0, 199853
47, 119, 1, 0, 199953
171, 26, 1, 0, 200053
0, 246, 1, 0, 200154
72, 301, 1, 0, 200254
-45, 89, 1, 0, 200355
12, 139, 1, 0, 200456
88, 52, 1, 0, 200555
106, 46, 1, 0, 200656
-2, -223, 0, 0, 200757
146, 20, 0, 0, 200856
-1, -106, 0, 0, 200957
-87, 166, 1, 0, 201057
76, 228, 1, 0, 201158
-111, 135, 1, 0, 201259
-16, 120, 1, 0, 201358
65, -77, 1, 0, 201459
-16, 141, 1, 0, 201560
30, -297, 1, 0, 201660
62, 118, 1, 0, 201761
-45, 85, 1, 0, 201861
57, 57, 1, 0, 201961
-44, -23, 1, 0, 202062
109, -29, 1, 0, 202163
-72, 203, 1, 0, 202263
-70, -62, 1, 0, 202363
217, 11, 1, 0, 202464
-469, 44, 1, 0, 202564
-183, 224, 1, 0, 202665
120, -69, 1, 0, 202766
-298, -87, 1, 0, 202865
18, -197, 1, 0, 202966
-66, 98, 1, 0, 203067
36, 11, 1, 0, 203167
-11, 263, 1, 0, 203267
142, 370, 1, 0, 203368
361, -259, 1, 0, 203468
76, -24, 1, 0, 203569
54, -270, 1, 0, 203670
160, -295, 1, 0, 203770
76, -134, 1, 0, 203870
22, -26, 1, 0, 203971
353, -91, 1, 0, 204071
-312, -2, 1, 0, 204172
0, 262, 1, 0, 204271
-489, 5, 1, 0, 204372
63, 156, 1, 0, 204473
-64, -141, 1, 0, 204573
-163, 230, 1, 0, 204674
74, 54, 1, 0, 204774
21, -99, 1, 0, 204874
29, 129, 1, 0, 204975
31, 18, 1, 0, 205075
147, 271, 1, 0, 205176
59, 45, 1, 0, 205276
21, 160, 1, 0, 205377
262, 224, 1, 0, 205477
-114, 298, 1, 0, 205578
7, -126, 1, 0, 205679
-343, 189, 1, 0, 205778
48, -49, 1, 0, 205879
-353, 54, 1, 0, 205980
61, 17, 1, 0, 206079
-24, 100, 1, 0, 206180
73, 79, 1, 0, 206281
-116, 91, 1, 0, 206381
183, -37, 1, 0, 206482
-169, 103, 1, 0, 206582
-135, 21, 1, 0, 206682
-6, 68, 1, 0, 206783
11, -28, 1, 0, 206884
-339, 32, 1, 0, 206983
48, 97, 1, 0, 207084
122, -5, 1, 0, 207185
133, 29, 1, 0, 207285
44, -18, 1, 0, 207386
-8, 220, 1, 0, 207486
200, -217, 1, 0, 207587
-145, -44, 1, 0, 207687
184, 4, 1, 0, 207787
136, 345, 1, 0, 207888
-16, 159, 1, 0, 207989
-263, -72, 1, 0, 208089
124, 60, 1, 0, 208189
-123, 44, 1, 0, 208290
281, -84, 1, 0, 208390
0, 19, 1, 0, 208490
304, -75, 1, 0, 208591
378, 17, 1, 0, 208691
-49, -59, 1, 0, 208792
-176, -30, 1, 0, 208893
66, 94, 1, 0, 208992
-82, 70, 1, 0, 209093
-33, 216, 1, 0, 209194
372, 117, 1, 0, 209294
173, 126, 1, 0, 209395
385, 345, 1, 0, 209495
-6, -188, 1, 0, 209595
-352, 216, 1, 0, 209696
66, 178, 1, 0, 209797
250, 125, 1, 0, 209897
100, 29, 1, 0, 209997
413, -36, 1, 0, 210098
-371, -70, 1, 0, 210198
226, -41, 1, 0, 210298
23, -207, 1, 0, 210400
-214, 15, 1, 0, 210499
217, 370, 1, 0, 210600
133, 112, 1, 0, 210700
-126, 20, 1, 0, 210801
210, 100, 1, 0, 210901
-6, -15, 1, 0, 211001
168, 17, 1, 0, 211102
30, -98, 1, 0, 211202
375, -95, 1, 0, 211303
158, -12, 1, 0, 211403
55, -16, 1, 0, 211504
236, 189, 1, 0, 211604
243, -14, 1, 0, 211704
309, -97, 1, 0, 211805
-12, -53, 1, 0, 211905
216, 45, 1, 0, 212022
39, 56, 1, 0, 212107
-22, 86, 1, 0, 212207
6, 179, 1, 0, 212307
202, 52, 1, 0, 212408
-11, 39, 1, 0, 212508
-85, -101, 1, 0, 212609
424, -145, 1, 0, 212710
100, 188, 1, 0, 212809
-157, -173, 1, 0, 212910
-308, -231, 1, 0, 213011
255, -141, 1, 0, 213111
-504, 60, 1, 0, 213211
-302, 38, 1, 0, 213312
46, -7, 1, 0, 213412
95, 178, 1, 0, 213513
-487, -262, 1, 0, 213614
48, -111, 1, 0, 213714
83, 60, 1, 0, 213814
11, 21, 1, 0, 213914
151, -167, 1, 0, 214022
119, 231, 1, 0, 214116
99, 3, 1, 0, 214215
67, 23, 1, 0, 214316
182, 53, 1, 0, 214417
-31, 223, 1, 0, 214516
58, 333, 1, 0, 214617
-299, 56, 1, 0, 214718
126, -289, 1, 0, 214818
301, -33, 1, 0, 214919
-183, 69, 1, 0, 215020
-109, 43, 1, 0, 215120
-93, 238, 1, 0, 215220
358, 22, 1, 0, 215321
126, 119, 1, 0, 215421
355, -89, 1, 0, 215521
-126, 87, 1, 0, 215622
10, 198, 1, 0, 215722
71, 13, 1, 0, 215823
37, 108, 1, 0, 215923
378, 242, 1, 0, 216023
90, -137, 1, 0, 216124
210, -169, 1, 0, 216225
185, 72, 1, 0, 216325
-141, 24, 1, 0, 216425
-81, -15, 1, 0, 216526
134, -23, 1, 0, 216626
145, -36, 1, 0, 216727
35, -9, 1, 0, 216828
-124, -68, 1, 0, 216927
-347, 103, 1, 0, 217029
-217, -106, 1, 0, 217128
314, 126, 1, 0, 217229
-215, 231, 1, 0, 217330
-206, -26, 1, 0, 217430
-250, 387, 1, 0, 217530
154, 264, 1, 0, 217631
172, -125, 1, 0, 217731
141, 134, 1, 0, 217832
-625, 212, 1, 0, 217933
-403, 155, 1, 0, 218032
394, 99, 1, 0, 218133
-257, -137, 1, 0, 218234
-8, 28, 1, 0, 218333
-7, 8, 1, 0, 218434
39, -112, 1, 0, 218535
-631, -6, 1, 0, 218635
24, 23, 1, 0, 218735
-18, 39, 1, 0, 218836
-383, 143, 1, 0, 218936
270, 316, 1, 0, 219037
-530, 14, 1, 0, 219138
-344, -299, 1, 0, 219238
38, 112, 1, 0, 219338
60, 101, 1, 0, 219439
-145, 171, 1, 0, 219539
300, 0, 1, 0, 219639
205, -108, 1, 0, 219741
15, 184, 1, 0, 219840
171, 24, 1, 0, 219941
85, 111, 1, 0, 220042
-93, -17, 1, 0, 220142
-128, 99, 1, 0, 220242
-231, 68, 1, 0, 220342
-94, 0, 1, 0, 220443
-130, 58, 1, 0, 220544
75, -346, 1, 0, 220644
221, 38, 1, 0, 220745
-262, -206, 1, 0, 220845
-318, 304, 1, 0, 220945
102, 31, 1, 0, 221046
270, -40, 1, 0, 221147
262, 215, 1, 0, 221247
65, 110, 1, 0, 221347
243, 68, 1, 0, 221448
68, 155, 1, 0, 221548
88, 192, 1, 0, 221648
336, 146, 1, 0, 221749
-19, 27, 1, 0, 221849
389, 237, 1, 0, 221950
-96, -63, 1, 0, 222050
0, 112, 1, 0, 222150
141, -296, 1, 0, 222251
-329, 257, 1, 0, 222352
76, 52, 1, 0, 222452
61, 4, 1, 0, 222552
201, -111, 1, 0, 222653
-249, 39, 1, 0, 222753
-29, 124, 1, 0, 222854
22, 129, 1, 0, 222955
-115, 137, 1, 0, 223055
233, 66, 1, 0, 223155
114, 64, 1, 0, 223256
25, 242, 1, 0, 223356
-65, 216, 1, 0, 223456
-108, 192, 1, 0, 223556
-194, 13, 1, 0, 223657
108, -235, 1, 0, 223758
-181, -200, 1, 0, 223858
350, 76, 1, 0, 223959
-167, -30, 1, 0, 224060
30, 172, 1, 0, 224159
311, 136, 1, 0, 224260
-1, 183, 1, 0, 224361
-88, 29, 1, 0, 224461
-6, 112, 1, 0, 224561
-111, -118, 1, 0, 224662
243, 80, 1, 0, 224762
-97, -218, 1, 0, 224863
250, 0, 1, 0, 224963
-262, 201, 1, 0, 225063
109, 99, 1, 0, 225164
172, 77, 1, 0, 225265
-33, -89, 1, 0, 225365
62, -42, 1, 0, 225465
116, -16, 1, 0, 225566
253, -66, 1, 0, 225666
-126, -120, 1, 0, 225767
41, 234, 1, 0, 225867
-199, -115, 1, 0, 225968
50, 94, 1, 0, 226068
-80, 94, 1, 0, 226169
78, -34, 1, 0, 226268
313, -118, 1, 0, 226370
162, -335, 1, 0, 226470
412, -31, 1, 0, 226570
91, 29, 1, 0, 226671
-4, -66, 1, 0, 226771
-247, 6, 1, 0, 226871
377, -123, 1, 0, 226973
-8, 102, 1, 0, 227072
208, 36, 1, 0, 227173
381, 77, 1, 0, 227273
237, -176, 1, 0, 227374
-213, 100, 1, 0, 227474
309, -51, 1, 0, 227575
421, -73, 1, 0, 227675
-253, 147, 1, 0, 227775
-354, 258, 1, 0, 227877
-206, 70, 1, 0, 227976
165, 159, 1, 0, 228077
-299, 179, 1, 0, 228178
314, -41, 1, 0, 228277
-126, 191, 1, 0, 228378
107, -128, 1, 0, 228479
-102, 212, 1, 0, 228579
-99, 11, 1, 0, 228679
238, 75, 1, 0, 228780
415, -56, 1, 0, 228880
21, 79, 1, 0, 228981
74, -103, 1, 0, 229082
71, -41, 1, 0, 229181
405, -212, 1, 0, 229283
419, 10, 1, 0, 229383
249, 220, 1, 0, 229483
-542, 281, 1, 0, 229584
195, 3, 1, 0, 229684
185, 251, 1, 0, 229784
336, 283, 1, 0, 229885
79, -11, 1, 0, 229985
28, 49, 1, 0, 230085
304, 23, 1, 0, 230186
75, -98, 1, 0, 230286
192, 101, 1, 0, 230387
-95, 92, 1, 0, 230487
76, -134, 1, 0, 230587
-13, -19, 1, 0, 230688
82, -250, 1, 0, 230789
4, 75, 1, 0, 230888
-29, 1, 1, 0, 230989
0, -143, 1, 0, 231090
-9, 233, 1, 0, 231190
-25, 100, 1, 0, 231291
-18, -185, 1, 0, 231392
-29, 7, 1, 0, 231490
27, -80, 1, 0, 231592
13, -108, 1, 0, 231693
-80, -43, 1, 0, 231793
221, 43, 1, 0, 231894
21, 73, 1, 0, 231995
162, 310, 1, 0, 232094
-1, -88, 1, 0, 232195
-199, 102, 1, 0, 232296
17, 319, 1, 0, 232396
-13, -20, 1, 0, 232496
-5, 55, 1, 0, 232597
-525, 65, 1, 0, 232697
26, 360, 1, 0, 232798
-224, 30, 1, 0, 232899
68, 227, 1, 0, 232998
-97, 175, 1, 0, 233099
9, 141, 1, 0, 233199
6, -189, 1, 0, 233300
31, -268, 1, 0, 233401
-39, -388, 1, 0, 233500
18, 139, 1, 0, 233601
203, 24, 1, 0, 233702
-251, 353, 1, 0, 233802
-25, 155, 1, 0, 233902
230, -186, 1, 0, 234022
0, 95, 1, 0, 234103
5, 7, 1, 0, 234203
42, 160, 1, 0, 234304
174, 315, 1, 0, 234404
177, -58, 1, 0, 234505
64, 62, 1, 0, 234606
-39, 202, 1, 0, 234706
-77, 172, 1, 0, 234806
9, 120, 1, 0, 234907
-19, 202, 1, 0, 235007
14, -255, 1, 0, 235108
76, 124, 1, 0, 235208
96, -406, 1, 0, 235308
67, -172, 1, 0, 235409
15, 279, 1, 0, 235510
393, -86, 1, 0, 235610
17, 355, 1, 0, 235710
-23, 1, 1, 0, 235811
27, 89, 1, 0, 235911
-213, 90, 1, 0, 236022
90, -28, 1, 0, 236113
71, 244, 1, 0, 236213
-397, 259, 1, 0, 236314
102, -401, 1, 0, 236413
-8, -78, 1, 0, 236514
-43, 238, 1, 0, 236615
99, 133, 1, 0, 236714
-12, 73, 1, 0, 236815
-380, 138, 1, 0, 236916
229, 52, 1, 0, 237016
28, 17, 1, 0, 237117
0, 159, 1, 0, 237217
43, -1, 1, 0, 237317
178, 81, 1, 0, 237418
65, -153, 1, 0, 237519
94, 147, 1, 0, 237618
-21, -179, 1, 0, 237719
-9, 227, 1, 0, 237820
-419, 125, 1, 0, 237920
-9, 333, 1, 0, 238022
395, -9, 1, 0, 238121
-22, 337, 1, 0, 238221
-19, -170, 1, 0, 238322
-108, 0, 1, 0, 238423
400, 398, 1, 0, 238523
52, 52, 1, 0, 238623
131, -94, 1, 0, 238724
-164, -245, 1, 0, 238824
-12, 126, 1, 0, 238925
-85, 97, 1, 0, 239025
364, 286, 1, 0, 239125
122, 209, 1, 0, 239226
170, 122, 1, 0, 239327
73, -297, 1, 0, 239427
75, 31, 1, 0, 239527
37, -2, 1, 0, 239627
-239, 59, 1, 0, 239728
47, 340, 1, 0, 239829
-323, 144, 1, 0, 239929
92, 242, 1, 0, 240029
246, -107, 1, 0, 240131
103, -38, 1, 0, 240230
423, 92, 1, 0, 240331
-200, 136, 1, 0, 240431
52, 110, 1, 0, 240531
35, -81, 1, 0, 240632
195, 13, 1, 0, 240733
231, 126, 1, 0, 240833
131, 70, 1, 0, 240934
198, 69, 1, 0, 241034
-212, -105, 1, 0, 241134
136, -147, 1, 0, 241235
145, 36, 1, 0, 241336
-124, 272, 1, 0, 241435
-232, 92, 1, 0, 241536
395, 93, 1, 0, 241637
-363, -156, 1, 0, 241737
137, -111, 1, 0, 241838
-156, -201, 1, 0, 241938
95, 112, 1, 0, 242038
-455, 405, 1, 0, 242139
-227, 397, 1, 0, 242240
185, -11, 1, 0, 242339
-90, 14, 1, 0, 242440
-15, 50, 1, 0, 242541
77, -93, 1, 0, 242641
45, 217, 1, 0, 242741
21, 14, 1, 0, 242841
21, 57, 1, 0, 242942
-3, 52, 1, 0, 243043
53, 87, 1, 0, 243142
36, 21, 1, 0, 243243
54, 36, 1, 0, 243344
18, -11, 1, 0, 243444
60, 97, 1, 0, 243545
56, 144, 1, 0, 243646
28, -194, 1, 0, 243745
29, -2, 1, 0, 243846
33, 114, 1, 0, 243947
71, 22, 1, 0, 244047
48, 40, 1, 0, 244148
55, -10, 1, 0, 244248
15, -45, 0, 0, 244348
33, 207, 0, 0, 244449
43, 79, 0, 0, 244549
39, -24, 0, 0, 244650
31, 34, 0, 0, 244750
49, 81, 0, 0, 244851
42, 122, 0, 0, 244951
7, -25, 0, 0, 245052
33, -54, 0, 0, 245152
-14, -179, 0, 0, 245252
38, 82, 0, 0, 245353
44, 49, 0, 0, 245454
23, -35, 0, 0, 245554
34, 20, 0, 0, 245654
14, -33, 0, 0, 245755
61, 106, 0, 0, 245855
49, 60, 0, 0, 245956
17, 30, 0, 0, 246055
-41, -87, 0, 0, 246156
56, 91, 0, 0, 246257
52, 88, 0, 0, 246357
24, 0, 0, 0, 246458
16, -26, 0, 0, 246559
40, -61, 0, 0, 246658
35, 76, 0, 0, 246759
38, 162, 0, 0, 246860
42, -44, 0, 0, 246959
-30, -106, 0, 0, 247061
20, 118, 0, 0, 247161
109, 364, 0, 0, 247261
59, 19, 0, 0, 247362
22, -41, 0, 0, 247463
0, 22, 0, 0, 247562
47, 79, 0, 0, 247663
10, 84, 0, 0, 247764
35, -36, 0, 0, 247864
-16, -43, 0, 0, 247965
45, -10, 0, 0, 248065
48, 108, 0, 0, 248165
41, 32, 0, 0, 248266
31, -70, 0, 0, 248367
-5, 24, 0, 0, 248466
-19, -59, 0, 0, 248567
50, 48, 0, 0, 248668
14, -74, 0, 0, 248768
-31, -85, 0, 0, 248869
26, 73, 0, 0, 248969
73, 89, 0, 0, 249069
36, -4, 0, 0, 249170
69, 76, 0, 0, 249269
7, -204, 0, 0, 249371
59, 65, 0, 0, 249471
98, -24, 0, 0, 249571
16, -146, 0, 0, 249672
22, -143, 0, 0, 249773
90, 129, 0, 0, 249872
57, 183, 0, 0, 249973
8, -178, 0, 0, 250074
20, 228, 0, 0, 250174
25, 64, 0, 0, 250275
86, 7, 0, 0, 250375
11, -371, 0, 0, 250475
49, -133, 0, 0, 250576
12, 49, 0, 0, 250676
63, -26, 0, 0, 250776
49, 72, 0, 0, 250877
35, -95, 0, 0, 250978
22, -368, 0, 0, 251078
10, 191, 0, 0, 251179
45, 56, 0, 0, 251279
57, 141, 0, 0, 251379
22, -18, 0, 0, 251480
10, -32, 0, 0, 251581
49, 103, 0, 0, 251680
85, 226, 0, 0, 251781
34, 74, 0, 0, 251882
-8, -146, 0, 0, 251982
2, -31, 0, 0, 252083
-14, -230, 0, 0, 252184
51, 35, 0, 0, 252283
35, -18, 0, 0, 252384
4, -16, 0, 0, 252484
87, 245, 0, 0, 252584
72, 114, 0, 0, 252685
37, 0, 0, 0, 252785
21, -13, 0, 0, 252886
-12, -38, 0, 0, 252987
37, 33, 0, 0, 253087
53, 152, 0, 0, 253187
33, 7, 0, 0, 253288
7, -22, 0, 0, 253388
-1, 69, 0, 0, 253489
78, 179, 0, 0, 253590
19, 48, 0, 0, 253689
43, 7, 0, 0, 253790
-14, -13, 0, 0, 253891
70, 143, 0, 0, 253990
64, 155, 0, 0, 254091
14, -52, 0, 0, 254192
6, -97, 0, 0, 254292
33, 61, 0, 0, 254393
75, 145, 0, 0, 254496
73, 176, 0, 0, 254594
35, -35, 0, 0, 254694
-1, -36, 0, 0, 254795
44, 80, 0, 0, 254895
43, 86, 0, 0, 254995
45, 3, 0, 0, 255096
41, 38, 0, 0, 255196
7, -13, 0, 0, 255297
64, 118, 0, 0, 255398
35, 43, 0, 0, 255497
17, -114, 0, 0, 255598
-24, -129, 0, 0, 255698
37, 67, 0, 0, 255799
41, 80, 0, 0, 255899
15, -56, 0, 0, 256000
16, 47, 0, 0, 256100
35, 71, 0, 0, 256201
53, 133, 0, 0, 256301
9, -12, 0, 0, 256401
48, 17, 0, 0, 256502
20, 50, 0, 0, 256602
67, 169, 0, 0, 256703
53, 195, 0, 0, 256804
50, 27, 0, 0, 256904
1, 32, 0, 0, 257004
39, 93, 0, 0, 257105
69, 165, 0, 0, 257205
-42, -320, 0, 0, 257306
47, -40, 0, 0, 257406
-11, 86, 0, 0, 257506
58, 140, 0, 0, 257607
102, 257, 0, 0, 257708
47, -95, 0, 0, 257807
38, 35, 0, 0, 257908
-89, -309, 0, 0, 258022
43, 68, 0, 0, 258109
15, -25, 0, 0, 258210
15, -72, 0, 0, 258311
-5, -57, 0, 0, 258410
35, 66, 0, 0, 258511
39, 107, 0, 0, 258612
16, -76, 0, 0, 258711
-5, -77, 0, 0, 258813
31, 55, 0, 0, 258912
76, 144, 0, 0, 259013
29, 58, 0, 0, 259114
10, -73, 0, 0, 259214
-26, -109, 0, 0, 259314
53, 125, 0, 0, 259415
65, 143, 0, 0, 259515
38, 22, 0, 0, 259615
43, 80, 0, 0, 259716
0, -40, 0, 0, 259816
75, 133, 0, 0, 259917
15, -1, 0, 0, 260022
14, -94, 0, 0, 260118
-27, -91, 0, 0, 260218
58, 155, 0, 0, 260319
49, 101, 0, 0, 260419
18, -147, 0, 0, 260520
3, -44, 0, 0, 260620
20, 76, 0, 0, 260720
61, 136, 0, 0, 260821
23, 63, 0, 0, 260922
56, 15, 0, 0, 261022
9, 31, 0, 0, 261122
70, 192, 0, 0, 261223
66, 126, 0, 0, 261323
37, 56, 0, 0, 261424
39, -4, 0, 0, 261524
9, 52, 0, 0, 261624
78, 147, 0, 0, 261725
71, 121, 0, 0, 261826
32, -46, 0, 0, 261926
94, 153, 0, 0, 262027
27, 45, 0, 0, 262126
57, 37, 0, 0, 262227
36, -60, 0, 0, 262328
-7, -190, 0, 0, 262428
0, -34, 0, 0, 262529
-30, -208, 0, 0, 262629
28, 133, 0, 0, 262729
57, -19, 0, 0, 262830
-8, 4, 0, 0, 262930
120, 175, 1, 0, 263031
131, 126, 1, 0, 263131
142, -224, 1, 0, 263232
-133, 29, 1, 0, 263332
59, -14, 1, 0, 263433
147, 224, 1, 0, 263533
-239, 47, 1, 0, 263633
240, 115, 1, 0, 263734
115, 7, 1, 0, 263835
111, 74, 1, 0, 263934
85, 156, 1, 0, 264035
26, 7, 1, 0, 264136
78, 149, 1, 0, 264236
58, -207, 1, 0, 264337
26, 329, 1, 0, 264438
10, 158, 1, 0, 264537
117, 24, 1, 0, 264642
0, 363, 1, 0, 264739
101, 149, 1, 0, 264839
-251, 193, 1, 0, 264939
118, 240, 1, 0, 265040
136, 177, 1, 0, 265140
395, -206, 1, 0, 265241
-290, 109, 1, 0, 265341
192, 27, 1, 0, 265441
-60, 325, 1, 0, 265542
17, 33, 1, 0, 265642
58, 208, 1, 0, 265743
-482, 206, 1, 0, 265844
-122, 26, 1, 0, 265943
208, -31, 1, 0, 266044
-30, 126, 1, 0, 266145
-4, -137, 1, 0, 266244
-146, -107, 1, 0, 266345
25, 295, 1, 0, 266446
47, -394, 1, 0, 266546
32, -76, 1, 0, 266647
-345, 178, 1, 0, 266748
-12, -386, 1, 0, 266847
-167, 225, 1, 0, 266948
53, 226, 1, 0, 267049
19, -133, 1, 0, 267149
180, 82, 1, 0, 267250
-202, 248, 1, 0, 267350
-75, -95, 1, 0, 267450
56, 22, 1, 0, 267551
209, 396, 1, 0, 267652
-512, 36, 1, 0, 267751
395, 176, 1, 0, 267852
-271, 39, 1, 0, 267953
189, 6, 1, 0, 268053
124, -329, 1, 0, 268154
391, 318, 1, 0, 268254
239, 321, 1, 0, 268354
-147, 59, 1, 0, 268455
344, -3, 1, 0, 268555
90, 16, 1, 0, 268655
40, 22, 1, 0, 268756
73, 18, 1, 0, 268856
-113, -112, 1, 0, 268957
-195, 7, 1, 0, 269058
2, 152, 1, 0, 269157
-250, 360, 1, 0, 269258
-214, 407, 1, 0, 269359
0, 294, 1, 0, 269458
64, -155, 1, 0, 269559
2, -180, 1, 0, 269660
-110, -276, 1, 0, 269760
58, -37, 1, 0, 269861
-6, 263, 1, 0, 269962
97, 130, 1, 0, 270062
242, -155, 1, 0, 270162
93, 121, 1, 0, 270263
91, 39, 1, 0, 270363
-110, 280, 1, 0, 270464
229, 20, 1, 0, 270564
-155, -108, 1, 0, 270664
-7, 43, 1, 0, 270765
84, 168, 1, 0, 270866
212, 76, 1, 0, 270966
310, 20, 1, 0, 271067
167, 9, 1, 0, 271167
73, 63, 1, 0, 271267
15, 38, 1, 0, 271368
-10, -16, 1, 0, 271469
-18, 79, 1, 0, 271568
3, 236, 1, 0, 271669
-48, -222, 1, 0, 271769
187, 152, 1, 0, 271870
37, 12, 1, 0, 271970
222, 89, 1, 0, 272070
52, -155, 1, 0, 272171
-55, 171, 1, 0, 272272
325, -109, 1, 0, 272372
-101, 102, 1, 0, 272473
313, -337, 1, 0, 272573
93, -24, 1, 0, 272673
189, 312, 1, 0, 272774
165, 179, 1, 0, 272875
-312, -178, 1, 0, 272974
217, 66, 1, 0, 273075
33, -236, 1, 0, 273176
198, 82, 1, 0, 273275
7, 21, 1, 0, 273376
77, 117, 1, 0, 273477
-332, 131, 1, 0, 273577
415, -93, 1, 0, 273678
171, 65, 1, 0, 273779
-300, 4, 1, 0, 273878
-2, 69, 1, 0, 273979
77, -49, 1, 0, 274080
241, 3, 1, 0, 274180
235, 43, 1, 0, 274280
99, -3, 1, 0, 274381
-450, -219, 1, 0, 274481
273, 31, 1, 0, 274582
-269, 401, 1, 0, 274683
249, 2, 1, 0, 274783
115, -275, 1, 0, 274884
-63, 8, 1, 0, 274983
164, 4, 1, 0, 275084
145, -21, 1, 0, 275185
-19, 38, 1, 0, 275285
38, 63, 1, 0, 275385
36, -56, 1, 0, 275486
48, 28, 1, 0, 275586
284, 197, 1, 0, 275687
-16, 386, 1, 0, 275788
-331, 78, 1, 0, 275887
32, -15, 1, 0, 275988
-159, -291, 1, 0, 276089
54, 9, 1, 0, 276188
75, -74, 1, 0, 276289
25, 17, 1, 0, 276390
181, 318, 1, 0, 276490
-26, 0, 1, 0, 276590
25, -20, 1, 0, 276691
-4, 29, 1, 0, 276791
-35, 338, 1, 0, 276892
-5, 155, 1, 0, 276993
40, -269, 1, 0, 277093
52, 26, 1, 0, 277193
123, -10, 1, 0, 277294
-54, 223, 1, 0, 277394
-171, -36, 1, 0, 277495
-23, -234, 1, 0, 277595
0, -176, 1, 0, 277695
146, 130, 1, 0, 277796
45, 324, 1, 0, 277897
-66, 17, 1, 0, 277996
-63, 242, 1, 0, 278097
65, -233, 1, 0, 278197
15, 153, 1, 0, 278298
124, 52, 1, 0, 278399
9, 254, 1, 0, 278499
-39, 157, 1, 0, 278600
-41, -201, 1, 0, 278700
142, 252, 1, 0, 278800
17, 6, 1, 0, 278901
-39, 56, 1, 0, 279001
-118, 158, 1, 0, 279101
14, 208, 1, 0, 279202
123, -10, 1, 0, 279303
179, 121, 1, 0, 279403
2, 294, 1, 0, 279503
47, 16, 1, 0, 279604
-195, -26, 1, 1, 279704
23, 105, 1, 1, 279805
211, -19, 1, 1, 279906
32, 83, 1, 1, 280022
-100, 182, 1, 1, 280106
-32, 171, 1, 1, 280207
-352, 15, 1, 1, 280307
56, -245, 1, 1, 280408
-122, 50, 1, 1, 280508
240, 5, 1, 1, 280608
-56, 41, 1, 1, 280709
315, 96, 1, 1, 280810
200, 275, 1, 1, 280909
298, 8, 1, 1, 281010
299, 10, 1, 1, 281111
163, -24, 1, 1, 281211
57, 346, 1, 1, 281311
84, -4, 1, 1, 281411
22, 155, 1, 1, 281512
-145, 152, 1, 1, 281613
10, 79, 1, 1, 281712
25, 32, 1, 1, 281814
-325, -283, 1, 1, 281915
-171, 129, 1, 1, 282022
-98, -167, 1, 1, 282115
141, -114, 1, 1, 282216
-355, -300, 1, 1, 282315
312, -29, 1, 1, 282416
170, -8, 1, 1, 282517
-5, -277, 1, 1, 282617
68, 141, 1, 1, 282718
19, 3, 1, 0, 282818
-154, 172, 1, 0, 282918
412, 131, 1, 0, 283019
49, -17, 1, 0, 283120
395, 67, 1, 0, 283219
139, 31, 1, 0, 283320
247, 35, 1, 0, 283421
187, -51, 1, 0, 283521
-34, 97, 1, 0, 283622
30, -70, 1, 0, 283723
5, -273, 1, 0, 283822
348, 58, 1, 0, 283923
245, 406, 1, 0, 284024
291, -102, 1, 0, 284124
49, -182, 1, 0, 284225
102, -34, 1, 0, 284325
-31, 82, 1, 0, 284425
5, 161, 1, 0, 284526
190, 49, 1, 0, 284626
116, -148, 1, 0, 284727
-15, 256, 1, 0, 284827
302, -139, 1, 0, 284927
215, -285, 1, 0, 285028
60, 70, 1, 0, 285129
12, 1, 1, 0, 285228
239, 9, 1, 0, 285329
-175, 225, 1, 0, 285430
-51, -177, 1, 0, 285529
61, 33, 1, 0, 285630
70, 84, 1, 0, 285731
303, 82, 1, 0, 285831
-33, -40, 1, 0, 285932
61, 237, 1, 0, 286033
193, 8, 1, 0, 286132
293, 13, 1, 0, 286233
-146, 302, 1, 0, 286334
4, 242, 1, 0, 286434
-324, -361, 1, 0, 286535
258, -100, 1, 0, 286636
398, 276, 1, 0, 286735
140, 104, 1, 0, 286836
440, 50, 1, 0, 286937
237, -53, 1, 0, 287037
42, 228, 1, 0, 287137
-40, 389, 1, 0, 287238
-1, -220, 1, 0, 287338
402, 348, 1, 0, 287438
-23, -170, 1, 0, 287539
410, 143, 1, 0, 287639
-264, -293, 1, 0, 287740
70, 374, 1, 0, 287839
-383, 76, 1, 0, 287940
51, 145, 1, 0, 288041
251, -237, 1, 0, 288141
319, -72, 1, 0, 288242
40, -307, 1, 0, 288343
-238, 210, 1, 0, 288442
267, 109, 1, 0, 288543
76, 191, 1, 0, 288644
248, 80, 1, 0, 288744
126, 101, 1, 0, 288845
-104, 8, 1, 0, 288946
53, -157, 1, 0, 289045
189, 63, 1, 0, 289146
60, 169, 1, 0, 289247
438, 10, 1, 0, 289346
-179, -187, 1, 0, 289448
-406, -3, 1, 0, 289548
-416, 106, 1, 0, 289648
-308, 213, 1, 0, 289749
-111, -11, 1, 0, 289850
413, 2, 1, 0, 289949
-72, -26, 1, 0, 290050
110, -20, 1, 0, 290151
94, 319, 1, 0, 290251
137, -12, 1, 0, 290352
366, -154, 1, 0, 290452
249, 67, 1, 0, 290552
173, 229, 1, 0, 290655
-320, 46, 1, 0, 290754
-466, 10, 1, 0, 290853
213, 183, 1, 0, 290954
22, -2, 1, 0, 291054
115, 127, 1, 0, 291155
63, 157, 1, 0, 291255
-209, 65, 1, 0, 291355
396, 133, 1, 0, 291456
147, 32, 1, 0, 291557
18, 5, 1, 0, 291657
45, 20, 1, 0, 291757
67, -5, 1, 0, 291858
415, 51, 1, 0, 291958
-460, 33, 0, 0, 292059
-444, 50, 0, 0, 292160
385, 55, 1, 0, 292259
184, 131, 1, 0, 292360
443, 97, 1, 0, 292461
-232, 67, 1, 0, 292561
63, 175, 1, 0, 292662
302, 203, 1, 0, 292763
107, 115, 1, 0, 292862
45, 110, 1, 0, 292963
193, -131, 1, 0, 293064
169, 147, 1, 0, 293164
124, -3, 1, 0, 293264
74, 29, 1, 0, 293365
169, -217, 1, 0, 293465
328, 11, 1, 0, 293565
-218, 200, 1, 0, 293666
317, -72, 1, 0, 293766
112, 121, 1, 0, 293867
-152, -65, 1, 0, 293968
332, -301, 1, 0, 294068
126, -127, 1, 0, 294169
-80, 110, 1, 0, 294268
-276, 159, 1, 0, 294369
311, 225, 1, 0, 294470
228, 292, 1, 0, 294570
90, 112, 1, 0, 294670
74, -43, 1, 0, 294771
225, -2, 1, 0, 294871
95, 1, 1, 0, 294971
-235, -92, 1, 0, 295072
282, 22, 1, 0, 295172
233, -70, 1, 0, 295273
3, -99, 1, 0, 295374
-58, -46, 1, 0, 295474
384, 61, 1, 0, 295574
30, 21, 1, 0, 295675
402, 148, 1, 0, 295775
-187, 27, 1, 0, 295875
136, 68, 1, 0, 295976
189, 1, 1, 0, 296076
14, -10, 1, 0, 296177
341, 53, 1, 0, 296278
-356, 250, 1, 0, 296378
20, 21, 1, 0, 296478
238, 113, 1, 0, 296579
59, 75, 1, 0, 296679
-386, -117, 1, 0, 296780
257, -2, 1, 0, 296881
-43, -55, 1, 0, 296980
-358, -115, 1, 0, 297081
-80, 107, 1, 0, 297182
183, 252, 1, 0, 297282
-400, -97, 1, 0, 297383
-102, -77, 1, 0, 297483
-216, 12, 1, 0, 297583
-93, 93, 1, 0, 297683
-21, 66, 1, 0, 297783
-351, -77, 1, 0, 297884
-438, 40, 1, 0, 297985
-2, 87, 1, 0, 298085
70, -229, 1, 0, 298186
32, 92, 1, 0, 298286
189, 33, 1, 0, 298386
-34, -200, 1, 0, 298487
355, 117, 1, 0, 298588
-105, 46, 1, 0, 298688
330, 19, 1, 0, 298789
-77, 310, 1, 0, 298889
-308, -379, 1, 0, 298989
288, -168, 1, 0, 299090
90, 76, 1, 0, 299190
-354, -244, 1, 0, 299291
-30, -26, 1, 0, 299391
-203, -190, 1, 0, 299492
360, -129, 1, 0, 299592
-172, 379, 1, 0, 299693
-327, 95, 1, 0, 299794
-250, 30, 1, 0, 299893
-391, 230, 1, 0, 299994
99, 62, 1, 0, 300095
22, 99, 1, 0, 300194
-7, 78, 1, 0, 300295
417, 64, 1, 0, 300396
-347, -201, 1, 0, 300496
130, 44, 1, 0, 300596
-75, -39, 1, 0, 300696
235, 207, 1, 0, 300797
-54, -24, 1, 0, 300898
-101, -75, 1, 0, 300998
-58, 58, 1, 0, 301099
375, -461, 1, 0, 301200
-348, 167, 1, 0, 301299
64, 35, 1, 0, 301400
-210, 19, 1, 0, 301501
-66, 419, 1, 1, 301601
-463, 183, 1, 1, 301702
-275, 317, 1, 1, 301802
-180, -161, 1, 1, 301902
-123, -206, 1, 1, 302021
367, -214, 1, 1, 302103
67, 377, 1, 1, 302203
-6, 185, 1, 1, 302304
194, -208, 1, 1, 302405
-58, 75, 1, 1, 302504
-504, 359, 1, 1, 302605
-454, -296, 1, 1, 302706
197, 239, 1, 1, 302806
37, 41, 1, 1, 302907
-243, -146, 1, 1, 303008
-304, 349, 1, 1, 303107
119, -487, 1, 1, 303208
172, -133, 1, 1, 303309
44, 434, 1, 1, 303409
64, 438, 1, 1, 303509
-279, -148, 1, 1, 303611
175, 180, 1, 1, 303710
84, 13, 1, 1, 303811
-146, 51, 1, 1, 303911
-15, 422, 1, 1, 304022
187, -108, 1, 1, 304112
-13, 93, 1, 1, 304212
-267, -332, 1, 1, 304313
56, 0, 1, 1, 304413
223, 128, 1, 1, 304513
47, 10, 1, 0, 304614
80, 357, 1, 0, 304715
71, 428, 1, 0, 304815
-320, -73, 1, 0, 304916
412, 173, 1, 0, 305016
265, 264, 1, 0, 305116
8, 63, 1, 0, 305216
337, 218, 1, 0, 305318
-342, -250, 1, 0, 305417
291, -2, 1, 0, 305518
111, 56, 1, 0, 305619
-236, 103, 1, 0, 305719
46, 62, 1, 0, 305819
-232, -324, 1, 0, 305920
92, 386, 1, 0, 306022
63, 350, 1, 0, 306121
248, 74, 1, 0, 306222
3, 198, 1, 0, 306321
-33, -3, 1, 0, 306422
224, 389, 1, 0, 306523
19, 26, 1, 0, 306622
-164, 37, 1, 0, 306724
233, 16, 1, 0, 306825
241, 167, 1, 0, 306924
-252, 83, 1, 0, 307025
242, 0, 1, 0, 307124
364, -218, 1, 0, 307225
-219, 53, 1, 0, 307326
162, -247, 1, 0, 307426
15, 316, 1, 0, 307527
-421, 62, 1, 0, 307628
-14, 86, 1, 0, 307727
358, 284, 1, 0, 307829
-204, 74, 1, 0, 307929
241, 389, 1, 0, 308029
32, 61, 1, 0, 308130
-109, -268, 1, 0, 308231
65, -60, 1, 0, 308330
205, -378, 1, 0, 308431
290, 455, 1, 0, 308532
387, -117, 1, 0, 308631
-195, 434, 1, 0, 308733
0, -390, 1, 0, 308833
100, -323, 1, 0, 308933
19, -359, 1, 0, 309034
-5, 133, 1, 0, 309134
-229, 77, 1, 1, 309234
131, 205, 1, 1, 309335
-152, 174, 1, 1, 309436
24, 214, 1, 1, 309536
-482, 406, 1, 1, 309637
141, 100, 1, 1, 309737
413, 192, 1, 1, 309837
-324, -143, 1, 1, 309938
10, 76, 1, 1, 310039
272, -130, 1, 1, 310139
12, 107, 1, 1, 310239
356, -34, 1, 1, 310339
54, 38, 1, 1, 310440
54, 217, 1, 1, 310541
176, 197, 1, 1, 310640
-13, 121, 1, 1, 310741
174, -143, 1, 1, 310842
41, 96, 1, 1, 310941
-283, 0, 1, 1, 311043
-1, 135, 1, 1, 311143
208, 22, 1, 1, 311243
43, -45, 1, 1, 311344
-102, 105, 1, 1, 311445
296, 43, 1, 1, 311544
193, 228, 1, 1, 311645
-51, 76, 1, 1, 311746
20, 124, 1, 1, 311846
-249, 90, 1, 1, 311947
-103, 41, 1, 1, 312047
111, 59, 1, 1, 312147
379, -81, 1, 1, 312248
-84, -170, 1, 1, 312349
83, 139, 1, 1, 312448
-74, -23, 1, 1, 312549
25, 27, 1, 1, 312650
171, -99, 1, 1, 312750
-353, 35, 1, 1, 312850
-71, -60, 1, 1, 312951
-286, -142, 1, 1, 313051
-212, 5, 1, 1, 313152
128, 139, 1, 1, 313253
90, 303, 1, 1, 313352
22, -3, 1, 1, 313453
-66, 110, 1, 1, 313553
-18, -72, 1, 1, 313654
4, -19, 1, 1, 313755
-212, 65, 1, 0, 313854
-17, 11, 1, 0, 313955
-5, 135, 1, 0, 314056
225, 124, 1, 0, 314156
39, 284, 1, 0, 314256
25, 0, 1, 0, 314357
-148, -160, 1, 1, 314457
-144, 0, 1, 1, 314558
-300, 38, 1, 1, 314659
-2, 248, 1, 1, 314759
-66, 160, 1, 1, 314859
-132, 187, 1, 1, 314960
118, -240, 1, 1, 315060
3, -106, 1, 1, 315161
137, -244, 1, 1, 315262
96, 32, 1, 1, 315361
77, 40, 0, 1, 315462
36, 68, 0, 1, 315563
55, 120, 0, 1, 315663
45, 134, 0, 1, 315764
49, 79, 0, 1, 315864
110, 81, 0, 1, 315964
-80, -115, 0, 1, 316065
0, -20, 0, 1, 316165
-12, 5, 0, 1, 316265
70, -26, 0, 1, 316366
-63, 0, 0, 1, 316466
-80, 0, 0, 1, 316566
-2, 87, 0, 1, 316668
30, 52, 0, 1, 316767
27, 9, 0, 1, 316868
-7, -118, 0, 1, 316969
-8, -133, 0, 1, 317068
-41, 12, 0, 1, 317169
-25, -106, 0, 1, 317270
64, 95, 0, 1, 317370
-5, 197, 0, 1, 317471
43, 134, 0, 0, 317571
-41, 77, 0, 0, 317671
-7, 71, 0, 0, 317772
71, 18, 0, 0, 317873
166, 0, 0, 0, 317973
-33, 31, 0, 0, 318073
301, -11, 0, 0, 318174
316, 89, 0, 0, 318274
-1, 36, 0, 0, 318375
95, 124, 0, 0, 318475
109, 69, 0, 0, 318575
-180, 110, 0, 0, 318676
-84, -98, 0, 0, 318777
267, -68, 0, 0, 318877
-212, -72, 0, 0, 318977
84, 64, 0, 0, 319078
3, 209, 0, 0, 319178
47, -11, 0, 0, 319279
113, 229, 0, 0, 319380
6, 224, 0, 0, 319479
245, -139, 0, 0, 319580
290, -207, 0, 0, 319681
164, 5, 0, 0, 319781
29, 28, 0, 0, 319882
-195, 127, 0, 0, 319981
159, 253, 0, 1, 320082
280, -198, 0, 1, 320183
-139, 185, 0, 1, 320283
-111, -62, 0, 1, 320384
67, -165, 0, 1, 320484
91, 195, 0, 1, 320584
46, -5, 0, 1, 320685
167, -2, 0, 1, 320786
79, 0, 0, 1, 320885
55, -29, 0, 1, 320986
-337, 0, 0, 1, 321087
-140, 127, 0, 1, 321187
-157, 50, 0, 1, 321288
-131, 137, 0, 1, 321388
-8, 156, 0, 1, 321488
98, -120, 0, 1, 321589
253, 394, 0, 1, 321690
97, 160, 0, 1, 321790
246, -41, 0, 1, 321891
7, 142, 0, 1, 321991
71, -13, 0, 1, 322091
-110, 81, 0, 1, 322192
42, 33, 0, 1, 322292
127, 31, 0, 1, 322392
106, 89, 0, 1, 322493
-58, 139, 0, 1, 322594
-121, -158, 0, 1, 322694
-22, -139, 0, 1, 322794
-226, -16, 0, 1, 322896
24, 350, 0, 1, 322995
-32, -131, 0, 0, 323096
-261, -266, 0, 0, 323196
-273, 47, 0, 0, 323296
-110, 9, 0, 0, 323397
-157, -124, 0, 0, 323497
72, 75, 1, 1, 323597
-354, 215, 1, 1, 323698
115, -250, 1, 1, 323798
79, -182, 1, 1, 323899
-238, -145, 1, 1, 324000
233, 5, 1, 1, 324099
-114, -3, 1, 1, 324200
62, 25, 1, 1, 324301
127, -209, 1, 1, 324401
165, -100, 1, 1, 324502
340, 45, 1, 1, 324602
51, -49, 1, 1, 324702
129, -373, 1, 1, 324804
-84, -275, 1, 1, 324904
34, 17, 1, 1, 325003
62, 261, 1, 1, 325105
322, -483, 1, 1, 325206
-168, 76, 1, 1, 325305
-19, -141, 1, 1, 325406
-44, -510, 1, 1, 325506
34, 66, 1, 1, 325606
151, 119, 1, 1, 325708
-298, 190, 1, 1, 325808
-6, 435, 1, 1, 325908
-248, -265, 1, 1, 326023
41, 43, 1, 1, 326109
-140, -133, 1, 1, 326210
168, 2, 1, 1, 326310
16, 76, 1, 1, 326410
68, -351, 1, 1, 326511
138, -178, 1, 1, 326612
58, -320, 1, 1, 326711
194, 104, 1, 1, 326812
140, 77, 1, 1, 326913
-197, 134, 1, 1, 327013
57, -441, 1, 1, 327113
41, 75, 1, 1, 327214
-30, -204, 0, 1, 327314
46, 5, 0, 1, 327415
110, -36, 0, 1, 327516
155, -344, 1, 1, 327616
292, 64, 1, 1, 327716
-207, 142, 1, 1, 327817
-181, 16, 1, 1, 327916
-17, -12, 1, 1, 328022
261, -6, 1, 1, 328118
222, 196, 1, 1, 328218
-50, -21, 1, 1, 328319
78, -307, 1, 1, 328420
-26, 246, 1, 1, 328519
188, -120, 1, 1, 328620
121, 80, 1, 1, 328721
-45, 129, 1, 1, 328821
-81, 259, 1, 1, 328921
-136, -28, 1, 1, 329022
-4, -216, 1, 1, 329122
-41, -39, 1, 1, 329223
-1, 177, 1, 1, 329323
148, -344, 1, 1, 329423
21, 360, 1, 1, 329524
286, 164, 1, 1, 329624
153, 228, 1, 1, 329725
97, 22, 1, 1, 329825
-15, -10, 0, 1, 329925
-177, 313, 0, 1, 330026
-29, -97, 0, 1, 330127
-230, 109, 0, 1, 330227
46, 163, 0, 1, 330327
17, -432, 0, 1, 330428
217, 344, 0, 1, 330528
86, -164, 0, 1, 330629
315, -110, 0, 1, 330730
30, -133, 0, 1, 330829
-44, 62, 0, 1, 330930
-41, 149, 0, 1, 331031
69, -162, 0, 1, 331131
50, 57, 0, 1, 331231
11, -98, 0, 1, 331332
8, -400, 0, 1, 331432
46, 111, 0, 1, 331533
147, -151, 0, 1, 331634
64, 181, 0, 1, 331733
127, -208, 0, 1, 331834
75, 20, 0, 1, 331935
141, 61, 0, 1, 332034
-105, -112, 0, 1, 332136
8, 42, 0, 1, 332236
-120, -162, 0, 0, 332336
22, 30, 0, 0, 332437
-33, 69, 0, 0, 332538
29, 46, 0, 0, 332637
-64, 177, 0, 1, 332738
-179, 29, 0, 1, 332838
-184, 27, 0, 1, 332939
-275, 308, 0, 1, 333040
287, -60, 0, 1, 333139
-182, -25, 0, 1, 333240
-9, -5, 0, 1, 333341
95, -235, 0, 1, 333441
91, 312, 0, 1, 333542
82, -220, 0, 1, 333642
-31, -126, 0, 1, 333741
-349, 209, 0, 1, 333842
-351, -404, 0, 1, 333943
-133, 227, 0, 1, 334043
-110, -365, 0, 1, 334144
16, 206, 0, 1, 334244
96, 180, 0, 1, 334345
155, -116, 0, 1, 334446
-33, 435, 0, 1, 334547
235, -197, 0, 1, 334646
25, 9, 0, 1, 334747
195, 26, 0, 1, 334848
-137, 80, 0, 1, 334948
386, 290, 0, 1, 335048
-269, 21, 0, 1, 335150
24, 317, 0, 1, 335249
-27, 24, 0, 1, 335350
45, 378, 1, 1, 335451
155, 35, 1, 1, 335550
234, 385, 1, 1, 335651
150, -108, 1, 1, 335752
381, 399, 1, 1, 335852
89, 193, 1, 1, 335952
316, 194, 1, 1, 336053
-23, 22, 1, 1, 336153
346, 380, 1, 1, 336254
391, 66, 1, 1, 336353
247, -334, 1, 1, 336455
-271, 341, 1, 1, 336555
-270, 28, 1, 1, 336655
-112, 377, 1, 1, 336756
-106, -428, 1, 1, 336856
271, -415, 1, 1, 336956
200, 293, 1, 1, 337057
162, -150, 1, 1, 337158
-80, 144, 1, 1, 337258
85, -77, 1, 1, 337358
-89, -265, 1, 1, 337459
-63, 188, 1, 1, 337559
72, 249, 1, 1, 337660
237, 19, 1, 1, 337760
-115, 241, 1, 1, 337860
-20, 188, 1, 1, 337961
44, -172, 1, 0, 338062
163, 247, 1, 0, 338162
339, 143, 1, 0, 338263
-100, 116, 1, 0, 338364
-250, -74, 1, 0, 338463
83, -136, 1, 0, 338564
0, 241, 1, 0, 338667
352, 33, 1, 0, 338765
23, 85, 1, 0, 338865
22, -57, 1, 0, 338966
106, 264, 1, 0, 339066
221, -10, 1, 0, 339167
-222, 8, 1, 0, 339266
148, -13, 1, 0, 339367
298, 287, 1, 0, 339468
68, 37, 1, 0, 339568
-293, -150, 1, 0, 339669
366, -5, 1, 0, 339769
83, 244, 1, 0, 339869
370, 296, 1, 0, 339970
16, 12, 1, 0, 340071
194, 55, 1, 0, 340170
-13, 97, 1, 0, 340271
445, -3, 1, 0, 340372
11, 180, 1, 0, 340472
-135, 37, 1, 0, 340573
84, 2, 1, 0, 340673
-346, -109, 1, 0, 340773
86, -310, 1, 0, 340874
-380, 20, 1, 0, 340975
-110, 99, 1, 0, 341074
0, -107, 1, 0, 341175
-85, 0, 1, 0, 341276
6, 210, 1, 0, 341376
-55, -2, 1, 0, 341476
64, 189, 1, 0, 341577
-9, -24, 1, 0, 341677
42, 28, 1, 0, 341778
-2, 319, 1, 0, 341879
-15, 279, 1, 0, 341979
26, -27, 1, 0, 342079
65, 357, 1, 0, 342180
239, -514, 1, 0, 342280
45, 18, 1, 0, 342380
-116, 112, 1, 0, 342480
-25, 159, 1, 0, 342581
10, -597, 1, 0, 342682
-1, 0, 1, 0, 342781
373, 5, 1, 0, 342883
417, 37, 1, 0, 342984
150, -1, 1, 0, 343083
16, 189, 1, 0, 343184
6, -7, 1, 0, 343284
131, -8, 1, 0, 343384
181, -218, 1, 0, 343485
329, -4, 1, 0, 343586
29, -1, 1, 0, 343686
374, 19, 1, 0, 343787
394, 309, 1, 0, 343888
-392, 68, 1, 0, 343988
255, -291, 1, 0, 344088
13, -2, 1, 0, 344189
370, 154, 1, 0, 344289
191, 165, 1, 0, 344389
26, 113, 1, 0, 344490
-13, -136, 1, 0, 344590
176, 60, 1, 0, 344691
212, 103, 1, 0, 344791
-28, -252, 1, 0, 344892
-189, 371, 1, 0, 344992
-284, 255, 1, 0, 345093
166, -357, 1, 0, 345193
63, 126, 1, 0, 345293
-18, -141, 1, 0, 345395
-190, 90, 1, 0, 345494
-104, 91, 1, 0, 345595
119, 196, 1, 0, 345695
204, 108, 1, 0, 345796
-131, -316, 1, 0, 345897
66, 222, 1, 0, 345996
-387, 331, 1, 0, 346097
113, 181, 1, 0, 346198
-312, 13, 1, 0, 346297
48, 217, 1, 0, 346398
-59, 11, 1, 0, 346499
64, -33, 1, 0, 346599
333, 36, 1, 0, 346700
-10, 304, 1, 0, 346800
301, -33, 1, 0, 346900
57, 198, 1, 0, 347001
52, 244, 1, 0, 347102
189, -113, 1, 0, 347202
-33, 12, 1, 0, 347302
-30, 317, 1, 0, 347403
37, 290, 1, 0, 347503
-336, 67, 1, 0, 347604
132, -260, 1, 0, 347704
-172, 131, 1, 0, 347804
124, 23, 1, 0, 347905
402, 9, 1, 0, 348023
-60, 119, 1, 0, 348106
-311, -152, 1, 0, 348207
-69, 135, 1, 0, 348307
-41, 240, 1, 0, 348407
91, 46, 1, 0, 348508
97, -46, 1, 0, 348609
110, 53, 1, 0, 348708
-15, 68, 1, 0, 348809
123, -175, 1, 0, 348909
-54, -191, 1, 0, 349010
112, 105, 1, 0, 349111
-58, -82, 1, 0, 349210
251, 145, 1, 0, 349311
151, 137, 1, 0, 349412
375, -45, 1, 0, 349512
217, 67, 1, 0, 349612
-39, -69, 1, 0, 349713
-16, 96, 1, 0, 349813
-7, 150, 1, 0, 349914
-35, 35, 1, 0, 350022
-12, -110, 1, 0, 350114
11, 51, 1, 0, 350215
-13, 30, 1, 0, 350316
227, 87, 1, 0, 350415
-157, 110, 1, 0, 350516
195, -43, 1, 0, 350617
178, -67, 1, 0, 350717
-167, 87, 1, 0, 350818
43, 38, 1, 0, 350918
-563, -43, 1, 0, 351018
244, 41, 1, 0, 351119
-236, 61, 1, 0, 351220
136, 171, 1, 0, 351320
-125, 135, 1, 0, 351421
-286, -14, 1, 0, 351521
15, 40, 1, 0, 351621
142, -315, 1, 0, 351722
-115, 94, 1, 0, 351823
-123, -200, 1, 0, 351923
185, 168, 1, 0, 352024
128, 194, 1, 0, 352123
-141, -41, 1, 0, 352224
40, 59, 1, 0, 352325
12, -88, 1, 0, 352424
112, 25, 1, 0, 352525
31, -55, 1, 0, 352626
139, -6, 1, 0, 352726
-33, -11, 1, 0, 352827
-24, -67, 1, 0, 352927
77, -3, 1, 0, 353027
48, -17, 1, 0, 353128
-24, 185, 1, 0, 353229
10, 22, 1, 0, 353328
69, 67, 1, 0, 353429
-82, 42, 1, 0, 353530
28, -68, 1, 0, 353630
143, 68, 1, 0, 353731
23, 2, 1, 0, 353831
7, 71, 0, 0, 353931
165, 103, 0, 0, 354032
20, 65, 0, 0, 354133
-51, 56, 0, 0, 354233
42, 112, 0, 0, 354333
32, 95, 0, 0, 354434
-51, 350, 0, 0, 354534
-25, 1, 0, 0, 354634
32, -149, 0, 0, 354735
-119, 15, 0, 0, 354835
-245, -110, 0, 0, 354936
15, 166, 0, 0, 355037
-9, 0, 0, 0, 355136
69, -1, 0, 0, 355238
105, 62, 0, 0, 355337
69, -16, 0, 0, 355438
138, 84, 0, 0, 355539
122, 32, 0, 0, 355639
1, 172, 0, 0, 355739
61, -27, 0, 0, 355840
-23, -17, 0, 0, 355940
5, 83, 0, 0, 356040
-21, 155, 0, 0, 356141
86, 83, 0, 0, 356241
152, 16, 0, 0, 356342
-42, 48, 0, 0, 356443
16, 115, 0, 0, 356542
34, 159, 0, 0, 356643
14, 59, 0, 0, 356744
224, -55, 1, 0, 356844
119, 205, 1, 0, 356945
1, 94, 1, 0, 357045
95, -352, 1, 0, 357145
-253, 105, 1, 0, 357246
-21, 146, 1, 0, 357347
70, 325, 1, 0, 357447
174, 0, 1, 0, 357547
50, 53, 1, 0, 357648
-42, -74, 1, 0, 357748
141, 89, 1, 0, 357849
227, 53, 1, 0, 357950
70, 26, 1, 0, 358049
-126, 17, 1, 0, 358150
220, 254, 1, 0, 358251
41, 73, 1, 0, 358351
55, 26, 1, 0, 358451
-28, -7, 1, 0, 358551
112, -229, 1, 0, 358652
151, 158, 1, 0, 358753
316, 35, 1, 0, 358853
368, 38, 1, 0, 358954
223, -42, 1, 0, 359055
355, 87, 1, 0, 359154
-148, -3, 1, 0, 359255
-23, 185, 1, 0, 359356
-346, 112, 1, 0, 359455
336, 0, 1, 0, 359556
48, 148, 1, 0, 359657
220, 0, 1, 0, 359757
-290, 111, 1, 0, 359858
282, 54, 1, 0, 359959
-68, -200, 1, 0, 360058
-60, 23, 1, 0, 360159
-132, -400, 1, 0, 360260
144, 315, 1, 0, 360360
-10, 63, 1, 0, 360460
-187, -86, 1, 0, 360561
180, -5, 1, 0, 360661
264, 6, 1, 0, 360761
129, -3, 1, 0, 360862
258, 57, 1, 0, 360962
3, -23, 1, 0, 361063
66, 46, 1, 0, 361164
-374, -28, 1, 0, 361264
70, 64, 1, 0, 361364
-96, 46, 1, 0, 361465
8, 30, 1, 0, 361565
108, 97, 1, 0, 361666
80, -115, 1, 0, 361765
-15, 122, 1, 0, 361866
342, -180, 1, 0, 361967
9, -1, 1, 0, 362067
10, -279, 1, 0, 362168
136, 94, 1, 0, 362269
-252, -56, 1, 0, 362369
39, -57, 1, 0, 362469
16, 291, 1, 0, 362570
31, 9, 1, 0, 362669
18, 76, 1, 0, 362770
106, -145, 1, 0, 362871
115, 55, 1, 0, 362971
-4, 34, 1, 0, 363072
167, -211, 1, 0, 363173
51, 26, 1, 0, 363272
3, 48, 1, 0, 363373
119, 194, 1, 0, 363474
79, -11, 1, 0, 363574
25, 145, 1, 0, 363674
-44, 350, 1, 0, 363775
99, 78, 1, 0, 363875
51, -40, 1, 0, 363976
144, 287, 1, 0, 364077
-37, -258, 1, 0, 364177
149, 126, 1, 0, 364277
93, 196, 1, 0, 364378
42, -17, 1, 0, 364478
123, -91, 1, 0, 364579
35, -9, 0, 0, 364679
79, -16, 0, 0, 364779
93, 57, 0, 0, 364880
237, 215, 1, 0, 364980
-152, 13, 1, 0, 365081
-11, 270, 1, 0, 365181
18, 101, 1, 0, 365281
1, 64, 1, 0, 365382
-47, 26, 1, 0, 365483
-145, 184, 1, 0, 365582
-195, -148, 1, 0, 365683
-203, 78, 1, 0, 365784
61, -244, 1, 0, 365884
18, 89, 1, 0, 365985
-106, 20, 1, 0, 366086
-34, 7, 1, 0, 366185
422, 160, 1, 0, 366286
77, 22, 1, 0, 366386
148, 94, 1, 0, 366487
94, 170, 1, 0, 366587
259, 151, 1, 0, 366693
43, 134, 1, 0, 366788
44, -92, 1, 0, 366889
29, 154, 1, 0, 366990
-316, -7, 1, 0, 367089
365, -30, 1, 0, 367190
352, -88, 1, 0, 367291
14, 96, 1, 0, 367390
114, -129, 1, 0, 367492
93, 40, 1, 0, 367592
-1, 259, 1, 0, 367692
20, -22, 1, 0, 367793
387, 83, 1, 0, 367895
383, 43, 1, 0, 367993
-38, -16, 1, 0, 368094
-384, 43, 1, 0, 368194
-257, -135, 1, 0, 368295
-3, -129, 1, 0, 368396
54, 111, 1, 0, 368495
68, 54, 1, 0, 368596
-1, 49, 1, 0, 368697
-26, 10, 1, 0, 368797
288, -44, 1, 0, 368897
-292, 46, 1, 0, 368998
-41, -47, 1, 0, 369098
85, -3, 1, 0, 369199
-154, -25, 1, 0, 369300
128, -23, 1, 0, 369399
-282, 0, 1, 0, 369500
-2, 110, 1, 0, 369601
300, 34, 1, 0, 369700
37, -125, 1, 0, 369801
14, 322, 1, 0, 369902
-199, 134, 1, 0, 370022
131, 71, 1, 0, 370103
-2, 176, 1, 0, 370204
-93, -61, 1, 0, 370304
253, 236, 1, 0, 370405
328, 139, 1, 0, 370505
-325, -49, 1, 0, 370605
11, -185, 1, 0, 370706
46, 144, 1, 0, 370806
-556, 43, 1, 0, 370906
47, -41, 1, 0, 371007
75, -12, 1, 0, 371108
431, 313, 1, 0, 371208
-54, 120, 1, 0, 371308
263, 80, 1, 0, 371408
39, 32, 1, 0, 371509
-1, 202, 1, 0, 371610
79, 215, 1, 0, 371709
155, 98, 1, 0, 371810
231, 390, 1, 0, 371911
28, -213, 1, 0, 372023
237, 100, 1, 0, 372112
196, 112, 1, 0, 372213
-227, 191, 1, 0, 372312
-128, 120, 1, 0, 372413
-265, 138, 1, 0, 372514
8, 233, 1, 0, 372613
278, 45, 1, 0, 372714
294, -85, 1, 0, 372815
-2, 53, 1, 0, 372915
137, -122, 1, 0, 373016
145, 8, 1, 0, 373116
168, 13, 1, 0, 373216
60, -32, 1, 0, 373317
27, -53, 1, 0, 373418
243, -24, 1, 0, 373518
429, -91, 1, 0, 373618
0, 130, 1, 0, 373719
367, 0, 1, 0, 373819
34, 11, 1, 0, 373920
106, 214, 1, 0, 374022
185, -8, 1, 0, 374120
332, 110, 1, 0, 374221
72, 33, 1, 0, 374322
180, 221, 1, 0, 374422
-52, 405, 1, 0, 374523
-11, -209, 1, 0, 374622
-1, -170, 1, 0, 374723
8, 150, 1, 0, 374824
25, 9, 1, 0, 374924
-408, 44, 1, 0, 375024
390, -50, 1, 0, 375125
423, 54, 1, 0, 375225
3, -6, 1, 0, 375325
266, 116, 1, 0, 375427
47, -11, 1, 0, 375526
180, -151, 1, 0, 375627
27, 313, 1, 0, 375728
136, -69, 1, 0, 375828
216, 88, 1, 0, 375928
62, 339, 1, 0, 376029
211, -187, 1, 0, 376129
91, 182, 1, 0, 376230
-132, -9, 1, 0, 376331
33, 132, 1, 0, 376430
-73, -328, 1, 0, 376531
-58, 41, 1, 0, 376632
8, 86, 1, 0, 376732
16, 58, 1, 0, 376833
-2, 45, 1, 0, 376933
-244, 34, 1, 0, 377033
0, 4, 1, 0, 377134
274, -68, 1, 0, 377235
-30, -205, 1, 0, 377335
-77, -61, 1, 0, 377435
-250, 44, 1, 0, 377536
3, -289, 1, 0, 377636
4, -62, 1, 0, 377737
6, 36, 1, 0, 377836
97, -273, 1, 0, 377937
210, 8, 1, 0, 378038
7, -9, 1, 0, 378137
288, -12, 1, 0, 378238
4, -89, 1, 0, 378339
336, -225, 1, 0, 378439
77, -376, 1, 0, 378540
392, -148, 1, 0, 378641
-425, -6, 1, 0, 378740
69, -104, 1, 0, 378841
-75, 59, 1, 0, 378942
-450, -68, 1, 0, 379042
27, 28, 1, 0, 379143
95, -113, 1, 0, 379244
-281, -451, 1, 0, 379344
-422, 311, 1, 0, 379444
-121, 62, 1, 0, 379545
46, 72, 1, 0, 379644
113, 369, 1, 0, 379745
110, 440, 1, 0, 379846
18, 224, 1, 0, 379946
155, 5, 1, 0, 380047
-61, -529, 1, 0, 380148
338, -176, 1, 0, 380247
420, -314, 1, 0, 380348
137, 355, 1, 0, 380449
23, 384, 1, 0, 380549
173, 38, 1, 0, 380649
86, 279, 1, 0, 380750
98, 287, 1, 0, 380850
87, -334, 1, 0, 380951
224, 259, 1, 0, 381050
79, -63, 1, 0, 381151
192, 6, 1, 0, 381252
-183, 41, 1, 0, 381352
-1, -10, 1, 0, 381453
-5, 34, 1, 0, 381553
7, 62, 1, 0, 381653
75, 71, 1, 0, 381754
135, -3, 1, 0, 381855
-5, -24, 1, 0, 381955
-218, -23, 1, 0, 382055
183, 62, 1, 0, 382156
-13, 48, 1, 0, 382256
64, -201, 1, 0, 382357
-365, 67, 1, 0, 382458
127, 106, 1, 0, 382557
68, 80, 1, 0, 382658
102, -43, 1, 0, 382759
65, -70, 1, 0, 382859
16, 84, 1, 0, 382960
191, -227, 1, 0, 383060
9, 17, 1, 0, 383160
-102, -247, 1, 0, 383261
378, 141, 1, 0, 383362
-18, 152, 1, 0, 383461
317, 49, 1, 0, 383562
7, -51, 1, 0, 383663
-174, -16, 1, 0, 383763
219, 50, 1, 0, 383864
274, 65, 1, 0, 383964
53, 20, 1, 0, 384064
161, 44, 1, 0, 384165
370, -37, 1, 0, 384265
199, 149, 1, 0, 384365
-307, 76, 1, 0, 384466
100, -79, 1, 0, 384566
-331, -42, 1, 0, 384667
67, 15, 1, 0, 384768
73, 100, 1, 0, 384867
112, 24, 1, 0, 384968
-36, -30, 1, 0, 385069
261, -15, 1, 0, 385169
321, 33, 1, 0, 385269
187, 100, 1, 0, 385370
-233, -8, 1, 0, 385470
96, -77, 1, 0, 385571
232, 87, 1, 0, 385672
79, 27, 1, 0, 385772
153, 57, 1, 0, 385872
90, -25, 1, 0, 385973
-58, -264, 1, 0, 386073
-143, 0, 1, 0, 386173
295, 74, 1, 0, 386275
377, 136, 1, 0, 386375
38, -23, 1, 0, 386475
294, 202, 1, 0, 386576
276, 133, 1, 0, 386676
-454, -20, 1, 0, 386776
101, 28, 1, 0, 386877
-141, -171, 1, 0, 386977
92, 117, 1, 0, 387077
166, 209, 1, 0, 387179
125, -1, 1, 0, 387278
-421, 21, 1, 0, 387379
-172, 206, 1, 0, 387479
-48, 0, 1, 0, 387579
-26, -79, 1, 0, 387680
63, -74, 1, 0, 387780
-243, 37, 1, 0, 387881
-379, 70, 1, 0, 387982
36, 140, 1, 0, 388082
174, -209, 1, 0, 388183
233, -80, 1, 0, 388283
74, 90, 1, 0, 388383
-101, 257, 1, 0, 388484
323, -207, 1, 0, 388585
-121, -167, 1, 0, 388685
-315, 112, 1, 0, 388785
71, 126, 1, 0, 388886
10, 134, 1, 0, 388985
68, -39, 1, 0, 389086
-323, -68, 1, 0, 389187
6, 121, 1, 0, 389287
68, 73, 1, 0, 389388
15, 126, 1, 0, 389489
3, -272, 1, 0, 389589
-1, 49, 1, 0, 389689
-84, -1, 1, 0, 389790
3, 121, 1, 0, 389889
258, -163, 1, 0, 389990
9, -107, 1, 0, 390091
81, 59, 1, 0, 390191
92, 295, 1, 0, 390292
76, 76, 1, 0, 390393
32, 6, 1, 0, 390492
-108, -92, 1, 0, 390593
-39, 166, 1, 0, 390693
87, 114, 1, 0, 390794
186, 18, 1, 0, 390894
66, -1, 1, 0, 390994
66, 26, 1, 0, 391095
-299, 141, 1, 0, 391196
22, 136, 1, 0, 391296
196, 3, 1, 0, 391397
93, 22, 1, 0, 391497
1, 167, 1, 0, 391597
-97, 56, 1, 0, 391698
73, -17, 1, 0, 391799
39, -149, 1, 0, 391899
18, 123, 1, 0, 391999
50, 1, 1, 0, 392100
31, 12, 1, 0, 392200
44, -66, 1, 0, 392301
3, 55, 1, 0, 392401
83, 219, 1, 0, 392501
53, 124, 1, 0, 392602
31, 1, 1, 0, 392706
33, -53, 1, 0, 392802
36, 17, 1, 0, 392904
68, 173, 1, 0, 393004
77, 188, 1, 0, 393104
13, -64, 1, 0, 393204
31, -30, 1, 0, 393306
62, 164, 1, 0, 393405
13, -45, 1, 0, 393506
45, 17, 1, 0, 393607
-52, -344, 1, 0, 393706
14, 7, 1, 0, 393807
70, 174, 1, 0, 393907
-32, -114, 0, 0, 394022
71, 143, 0, 0, 394109
-8, -62, 0, 0, 394209
60, 121, 0, 0, 394309
39, 17, 0, 0, 394410
34, 52, 0, 0, 394510
45, 14, 0, 0, 394610
-26, -128, 0, 0, 394711
64, 194, 0, 0, 394811
71, 137, 0, 0, 394912
1, -144, 0, 0, 395013
21, -9, 0, 0, 395112
12, 30, 0, 0, 395214
76, 158, 0, 0, 395314
34, 60, 0, 0, 395414
26, -40, 0, 0, 395515
-18, -93, 0, 0, 395616
64, 105, 0, 0, 395715
55, 156, 0, 0, 395816
43, -136, 0, 0, 395917
0, -86, 0, 0, 396022
82, 296, 0, 0, 396117
78, 208, 0, 0, 396218
30, 24, 0, 0, 396318
23, -1, 0, 0, 396419
6, 37, 0, 0, 396519
50, 277, 0, 0, 396619
50, 85, 0, 0, 396720
15, 25, 0, 0, 396821
3, -163, 0, 0, 396921
32, 88, 0, 0, 397022
57, 102, 0, 0, 397121
26, 61, 0, 0, 397222
21, -93, 0, 0, 397323
41, 17, 0, 0, 397422
68, 170, 0, 0, 397524
57, 110, 0, 0, 397624
28, -41, 0, 0, 397724
26, -6, 0, 0, 397825
48, 79, 0, 0, 397926
149, 387, 0, 0, 398025
23, 44, 0, 0, 398126
61, -128, 0, 0, 398227
-21, -77, 0, 0, 398327
179, 243, 0, 0, 398428
59, 126, 0, 0, 398528
20, -105, 0, 0, 398628
21, -11, 0, 0, 398729
27, 92, 0, 0, 398830
42, 133, 0, 0, 398929
11, -68, 0, 0, 399030
48, 2, 0, 0, 399131
-12, -118, 0, 0, 399231
52, 86, 0, 0, 399332
36, 84, 0, 0, 399432
40, 2, 0, 0, 399532
2, -209, 0, 0, 399633
16, 46, 0, 0, 399734
49, 163, 0, 0, 399833
20, -36, 0, 0, 399934
63, 80, 0, 0, 400035
0, -36, 0, 0, 400135
28, 176, 0, 0, 400236
32, 155, 0, 0, 400336
45, -2, 0, 0, 400436
37, -73, 0, 0, 400537
44, 111, 0, 0, 400637
64, 113, 0, 0, 400737
42, 98, 0, 0, 400838
6, -46, 0, 0, 400938
-7, -36, 0, 0, 401039
53, 29, 0, 0, 401140
40, 93, 0, 0, 401239
43, -39, 0, 0, 401340
86, 6, 0, 0, 401441
-6, -68, 0, 0, 401541
110, 95, 0, 0, 401642
-88, -87, 0, 0, 401743
36, 114, 0, 0, 401842
-21, 82, 0, 0, 401943
-41, -7, 0, 0, 402044
20, 73, 1, 0, 402144
58, 21, 1, 0, 402244
77, 20, 1, 0, 402345
68, -22, 1, 0, 402445
-3, 90, 1, 0, 402545
0, 73, 1, 0, 402647
98, 333, 1, 0, 402746
2, 267, 1, 0, 402847
-38, 231, 1, 0, 402948
26, 123, 1, 0, 403048
-42, -439, 1, 0, 403148
-334, 157, 1, 0, 403249
-24, -262, 1, 0, 403349
-112, 28, 1, 0, 403450
-8, 160, 1, 0, 403550
11, -20, 1, 0, 403650
-30, -30, 1, 0, 403751
224, 387, 1, 0, 403851
-18, -11, 1, 0, 403952
-327, 42, 1, 0, 404053
-308, -7, 1, 0, 404152
14, 27, 1, 0, 404253
-107, -71, 1, 0, 404354
-14, 15, 1, 0, 404454
-189, -51, 1, 0, 404555
-26, 382, 1, 0, 404656
92, -239, 1, 0, 404755
-2, 356, 1, 0, 404856
-84, -226, 1, 0, 404957
-255, -149, 1, 0, 405057
24, 184, 1, 0, 405157
-186, -1, 1, 0, 405258
60, 2, 1, 0, 405358
-252, -222, 1, 0, 405459
309, 99, 1, 0, 405559
98, -67, 1, 0, 405659
386, 20, 1, 0, 405760
37, 62, 1, 0, 405861
87, 81, 1, 0, 405960
172, -338, 1, 0, 406062
383, 148, 1, 0, 406162
357, 51, 1, 0, 406262
221, 266, 1, 0, 406363
-2, 37, 1, 0, 406463
315, 223, 1, 0, 406563
97, 188, 1, 0, 406664
15, 160, 1, 0, 406764
-227, 170, 1, 0, 406865
-190, -158, 1, 0, 406965
16, -234, 1, 0, 407065
261, -252, 1, 0, 407166
403, 159, 1, 0, 407267
-323, 185, 1, 0, 407367
-159, -34, 1, 0, 407468
-446, 19, 1, 0, 407568
108, 107, 1, 0, 407668
-414, -12, 1, 0, 407769
-369, 199, 1, 0, 407870
-556, 169, 1, 0, 407969
309, 401, 1, 0, 408070
97, -169, 1, 0, 408171
301, 71, 1, 0, 408270
-52, -193, 1, 0, 408372
168, 265, 1, 0, 408472
334, 61, 1, 0, 408572
142, -170, 1, 0, 408673
397, 50, 1, 0, 408774
-492, -240, 1, 0, 408874
421, 217, 1, 0, 408974
445, 299, 1, 0, 409075
364, 176, 1, 0, 409175
210, 152, 1, 0, 409276
53, 104, 1, 0, 409376
-228, -193, 1, 0, 409476
11, 92, 1, 0, 409577
17, -137, 1, 0, 409678
3, -75, 1, 0, 409777
-184, -93, 1, 0, 409878
39, 105, 1, 0, 409978
0, 24, 1, 0, 410078
63, -153, 1, 0, 410180
38, 72, 1, 0, 410279
11, 35, 1, 0, 410380
8, -150, 1, 0, 410481
165, -143, 1, 0, 410581
84, -55, 1, 0, 410681
353, -56, 1, 0, 410783
-7, -168, 1, 0, 410882
151, 83, 1, 0, 410983
409, -5, 1, 0, 411084
251, -45, 1, 0, 411184
88, 37, 1, 0, 411284
2, -54, 1, 0, 411385
219, 126, 1, 0, 411485
29, 119, 1, 0, 411586
12, 182, 1, 0, 411686
404, -220, 1, 0, 411786
132, -115, 1, 0, 411887
-318, 16, 1, 0, 411988
260, -116, 1, 0, 412088
68, 258, 1, 0, 412188
47, 230, 1, 0, 412289
-332, 105, 1, 0, 412389
144, 165, 1, 0, 412490
11, 0, 1, 0, 412590
88, -9, 1, 0, 412690
16, -18, 1, 0, 412791
22, 262, 1, 0, 412892
395, -77, 1, 0, 412992
9, 167, 1, 0, 413092
-454, 79, 1, 0, 413192
97, -103, 1, 0, 413293
226, 154, 1, 0, 413394
37, -10, 1, 0, 413494
-16, 64, 1, 0, 413594
39, -19, 1, 0, 413695
21, -146, 1, 1, 413795
335, 11, 1, 1, 413896
42, 251, 1, 1, 413996
-481, 15, 1, 1, 414096
-126, 100, 1, 1, 414197
-111, -49, 1, 1, 414298
148, -3, 1, 1, 414398
76, 102, 1, 1, 414498
303, 191, 1, 1, 414599
-268, 193, 1, 1, 414699
-42, -245, 1, 1, 414800
112, -27, 1, 1, 414901
-30, 200, 1, 1, 415000
6, 371, 1, 1, 415101
-52, -28, 1, 1, 415202
-3, 178, 1, 1, 415302
103, 332, 1, 1, 415403
49, 199, 1, 1, 415503
31, -39, 1, 1, 415603
3, 241, 1, 1, 415704
42, -160, 1, 1, 415805
-11, 105, 1, 1, 415904
-31, 72, 1, 1, 416023
25, 104, 1, 1, 416106
-82, 50, 1, 1, 416205
256, 249, 1, 1, 416307
-90, -2, 1, 1, 416406
59, 292, 1, 1, 416507
8, 138, 1, 1, 416608
100, 148, 1, 1, 416708
59, -28, 1, 0, 416808
165, 137, 1, 0, 416910
162, 103, 1, 0, 417009
-45, -21, 1, 0, 417110
-3, 78, 1, 0, 417211
-74, 69, 1, 0, 417310
4, 249, 1, 0, 417411
178, -212, 1, 0, 417512
163, 239, 1, 0, 417612
1, 38, 1, 0, 417712
334, -18, 1, 0, 417813
-17, 23, 1, 0, 417913
-159, -312, 1, 0, 418022
155, -4, 1, 0, 418115
-289, 154, 1, 0, 418215
-170, 91, 1, 0, 418315
-295, -267, 1, 0, 418416
-87, 205, 1, 0, 418541
3, 78, 1, 0, 418619
-98, -280, 1, 0, 419073
-314, -129, 1, 0, 419073
-213, -202, 1, 0, 419073
166, -121, 1, 0, 419073
240, 17, 1, 0, 419810
373, -88, 1, 0, 419810
132, 35, 1, 0, 419810
276, 325, 1, 0, 419810
126, 86, 1, 0, 419810
44, -169, 1, 0, 419810
56, -141, 1, 0, 419810
-101, -24, 1, 0, 419915
-3, 104, 1, 0, 420108
-17, -231, 1, 0, 420108
-12, -109, 1, 0, 420138
47, 64, 1, 0, 420250
193, 126, 1, 0, 420324
47, 279, 1, 0, 420425
-16, 402, 1, 0, 420525
-43, 126, 1, 0, 420626
247, 63, 1, 0, 420726
25, 36, 1, 0, 420826
17, 221, 1, 0, 420927
-88, 37, 1, 0, 421027
62, 42, 1, 0, 421127
69, -89, 1, 0, 421228
90, 27, 1, 0, 421329
-71, 24, 1, 0, 421429
9, 28, 1, 0, 421529
-71, 4, 1, 0, 421630
-10, 82, 1, 0, 421730
104, 116, 1, 0, 421831
-9, 10, 1, 0, 421931
11, 137, 1, 0, 422031
41, 134, 1, 0, 422132
-42, 172, 1, 0, 422233
45, 218, 1, 0, 422333
49, 132, 1, 0, 422434
-5, 358, 1, 0, 422535
98, -177, 1, 0, 422634
0, 97, 1, 0, 422735
107, -223, 1, 0, 422835
7, -129, 1, 0, 422935
57, -402, 1, 0, 423036
28, -54, 1, 0, 423136
-7, 14, 1, 0, 423237
42, 121, 1, 0, 423338
37, 12, 1, 0, 423437
49, 42, 1, 0, 423538
141, -73, 1, 0, 423639
-129, -5, 1, 0, 423739
119, 223, 1, 0, 423840
113, 124, 1, 0, 423940
118, 41, 1, 0, 424040
43, 168, 1, 0, 424141
19, 25, 1, 0, 424242
-86, -135, 1, 0, 424341
-31, 43, 1, 0, 424442
52, -418, 1, 0, 424543
11, -178, 1, 0, 424643
91, 21, 1, 0, 424744
27, 15, 1, 0, 424844
50, 393, 1, 0, 424944
152, -388, 1, 0, 425045
143, -185, 1, 0, 425146
-11, -13, 1, 0, 425246
63, -28, 1, 0, 425346
27, 303, 1, 0, 425447
33, 273, 1, 0, 425547
153, 133, 1, 0, 425648
-8, 19, 1, 0, 425748
126, 17, 1, 0, 425848
133, 163, 0, 0, 425949
67, -22, 0, 0, 426049
53, -65, 0, 0, 426150
-243, 116, 1, 0, 426250
-85, -63, 1, 0, 426350
-65, 35, 1, 0, 426451
0, 98, 1, 0, 426552
157, 165, 1, 0, 426652
4, 48, 1, 0, 426752
20, -138, 1, 0, 426853
-10, 36, 1, 0, 426953
-30, 38, 1, 0, 427054
-32, -91, 1, 0, 427155
218, 93, 1, 0, 427254
-108, -35, 1, 0, 427355
-25, 149, 1, 0, 427456
75, 52, 1, 0, 427556
115, 28, 1, 0, 427656
-93, 61, 1, 0, 427757
342, 193, 1, 0, 427857
79, 47, 1, 0, 427958
-68, 71, 1, 0, 428059
34, -24, 1, 0, 428158
-2, -27, 1, 0, 428259
43, -78, 1, 0, 428360
131, 28, 1, 0, 428460
33, -127, 1, 0, 428561
15, -126, 1, 0, 428661
127, -14, 1, 0, 428761
44, 144, 1, 0, 428862
-17, 64, 1, 0, 428962
3, 43, 1, 0, 429062
189, -88, 1, 0, 429163
-51, 70, 1, 0, 429263
132, -139, 1, 0, 429364
22, -104, 1, 0, 429464
-34, -315, 1, 0, 429564
-44, -158, 1, 0, 429665
193, 29, 1, 0, 429766
-64, -151, 1, 0, 429866
-6, 38, 1, 0, 429967
-10, 90, 1, 0, 430067
155, -10, 1, 0, 430167
26, -151, 1, 0, 430268
176, 189, 1, 0, 430369
82, -183, 1, 0, 430469
28, 227, 1, 0, 430569
-172, 17, 1, 0, 430670
41, -52, 1, 0, 430770
37, -410, 1, 0, 430870
186, 93, 1, 0, 430972
40, 82, 1, 0, 431071
54, 69, 0, 0, 431172
96, 155, 0, 0, 431273
139, -69, 0, 0, 431373
