417, 285, 1, 0, 10020
-425, 409, 1, 0, 10121
137, 59, 1, 0, 10220
84, 10, 1, 0, 10321
-81, 133, 1, 0, 10422
221, -90, 1, 0, 10522
20, 18, 1, 0, 10623
9, 89, 1, 0, 10723
-18, 230, 1, 0, 10823
29, 44, 1, 0, 10924
-10, 0, 1, 0, 11025
21, 303, 1, 0, 11125
81, -49, 1, 0, 11225
-40, 190, 1, 0, 11326
6, 257, 1, 0, 11426
39, 9, 1, 0, 11527
-17, 57, 1, 0, 11628
-10, 151, 1, 0, 11727
17, 141, 1, 0, 8
-293, 19, 1, 0, 110
-29, -7, 1, 0, 135
-405, 205, 1, 0, 236
144, 75, 1, 0, 335
419, -49, 1, 0, 436
319, 38, 1, 0, 537
63, -244, 1, 0, 637
-516, -3, 1, 0, 737
-582, -151, 1, 0, 839
58, 239, 1, 0, 938
158, 224, 1, 0, 1039
8, 68, 1, 0, 1139
-103, 400, 1, 0, 1240
171, -202, 1, 0, 1341
16, 174, 1, 0, 1440
12, -301, 1, 0, 1541
-14, 39, 1, 0, 1642
335, -560, 1, 0, 1742
-4, -42, 1, 0, 1842
277, 409, 1, 0, 1943
33, -347, 1, 0, 2043
35, 325, 1, 0, 2144
183, -414, 1, 0, 2244
114, 402, 1, 0, 2344
-36, 111, 1, 0, 2445
-217, -357, 1, 0, 2546
-33, 150, 1, 0, 2645
229, 405, 1, 0, 2746
-239, 22, 1, 0, 2847
413, -105, 1, 0, 2947
188, 0, 1, 0, 3048
-11, -19, 1, 0, 3149
308, 75, 1, 0, 3248
80, 40, 1, 0, 3349
48, -131, 1, 0, 3450
-80, 282, 1, 0, 3549
93, 128, 1, 0, 3650
23, 122, 1, 0, 3751
-181, -150, 1, 0, 3851
96, 54, 1, 0, 3952
281, 52, 1, 0, 4053
135, 146, 1, 0, 4153
-280, -247, 1, 0, 4253
318, 1, 1, 0, 4353
180, 152, 1, 0, 4454
65, 202, 1, 0, 4554
-25, 20, 1, 0, 4654
187, -372, 1, 0, 4755
403, 44, 1, 0, 4856
-307, 130, 1, 0, 4956
400, 65, 1, 0, 5057
-167, 34, 1, 0, 5157
-115, 106, 1, 0, 5257
30, 40, 1, 0, 5358
-309, 190, 1, 0, 5458
-151, 14, 1, 0, 5558
10, -323, 1, 0, 5659
-296, 52, 1, 0, 5760
126, -149, 1, 0, 5860
58, -24, 1, 0, 5961
83, -147, 1, 0, 6061
238, -353, 1, 0, 6161
162, -261, 1, 0, 6262
332, 369, 1, 0, 6362
-361, -215, 1, 0, 6462
409, -223, 1, 0, 6563
-288, 106, 1, 0, 6664
-410, 329, 1, 0, 6764
204, 42, 1, 0, 6864
1, 86, 1, 0, 6965
-22, -14, 1, 0, 7065
135, 3, 1, 0, 7166
105, 378, 1, 0, 7267
378, 142, 1, 0, 7366
121, -303, 1, 0, 7467
-18, -1, 1, 0, 7567
-23, 92, 1, 0, 7668
-23, 170, 1, 0, 7769
-18, -137, 1, 0, 7868
14, -244, 1, 0, 7969
-62, 41, 1, 0, 8070
89, 228, 1, 0, 8169
133, 122, 1, 0, 8270
59, -242, 1, 0, 8371
41, 48, 1, 0, 8471
63, 231, 1, 0, 8572
53, 164, 1, 0, 8673
37, -48, 1, 0, 8773
-16, -219, 1, 0, 8873
7, -24, 1, 0, 8974
61, 250, 1, 0, 9074
38, 119, 1, 0, 9175
56, -84, 1, 0, 9275
-4, 29, 1, 0, 9375
35, 163, 1, 0, 9476
54, 189, 1, 0, 9577
27, 5, 1, 0, 9676
17, -138, 1, 0, 9777
31, 33, 1, 0, 9878
52, 146, 1, 0, 9978
47, 133, 1, 0, 10079
23, -116, 1, 0, 10179
23, 34, 1, 0, 10279
59, 124, 1, 0, 10380
83, 208, 0, 0, 10481
54, -41, 0, 0, 10580
-3, -298, 0, 0, 10682
-1, -11, 0, 0, 10781
58, 144, 0, 0, 10882
60, 170, 0, 0, 10983
19, -124, 0, 0, 11083
-1, 86, 0, 0, 11183
65, 115, 0, 0, 11284
75, 265, 0, 0, 11384
31, 6, 0, 0, 11484
-7, -90, 0, 0, 11586
-29, 71, 0, 0, 11685
63, 140, 0, 0, 11786
61, 176, 0, 0, 11887
-14, -272, 0, 0, 11987
17, 45, 0, 0, 12087
-14, 86, 0, 0, 12188
33, 181, 0, 0, 12288
105, 251, 0, 0, 12389
-7, -235, 0, 0, 12489
13, 48, 0, 0, 12589
79, 179, 0, 0, 12690
50, 175, 0, 0, 12791
10, -220, 0, 0, 12891
34, -118, 0, 0, 12992
98, 188, 0, 0, 13092
99, 264, 0, 0, 13192
37, 118, 0, 0, 13293
26, -159, 0, 0, 13394
-5, -141, 0, 0, 13493
48, 182, 0, 0, 13594
37, 182, 0, 0, 13695
40, -105, 0, 0, 13795
74, 95, 0, 0, 13895
66, 89, 0, 0, 13995
51, -9, 0, 0, 14096
-15, 135, 0, 0, 14197
8, 209, 0, 0, 14297
112, 64, 0, 0, 14398
54, -19, 0, 0, 14498
-120, 31, 1, 0, 14598
86, 91, 1, 0, 14699
47, -56, 1, 0, 14799
21, -230, 1, 0, 14899
301, 236, 1, 0, 15000
97, 142, 1, 0, 15101
-228, -37, 1, 0, 15201
42, -162, 1, 0, 15302
157, 145, 1, 0, 15402
-36, 234, 1, 0, 15502
-225, 202, 1, 0, 15603
-205, 229, 1, 0, 15704
8, 303, 1, 0, 15803
-15, 92, 1, 0, 15904
-234, -509, 1, 0, 16021
392, 365, 1, 0, 16105
52, -214, 1, 0, 16206
103, 33, 1, 0, 16307
37, -98, 1, 0, 16406
62, 31, 1, 0, 16507
9, 19, 1, 0, 16608
418, 21, 1, 0, 16708
28, 204, 1, 0, 16809
42, 5, 1, 0, 16909
9, 9, 1, 0, 17009
142, 134, 1, 0, 17110
348, 21, 1, 0, 17210
-220, 132, 1, 0, 17311
391, -99, 1, 1, 17411
48, 40, 1, 1, 17511
-221, 195, 1, 1, 17612
253, 66, 1, 1, 17712
16, 147, 1, 1, 17812
-100, -185, 1, 1, 17913
-66, 10, 1, 1, 18021
20, 221, 1, 1, 18114
135, 61, 1, 1, 18215
106, -47, 1, 1, 18315
-153, 8, 1, 1, 18415
-5, 121, 1, 1, 18516
138, 27, 1, 1, 18617
26, -258, 1, 1, 18716
-15, 164, 1, 1, 18817
81, 126, 1, 1, 18918
-35, 46, 1, 1, 19018
3, 4, 1, 1, 19118
16, -97, 1, 1, 19219
25, 0, 1, 1, 19319
-54, 39, 1, 1, 19420
81, 45, 1, 1, 19521
-17, 53, 1, 1, 19620
-54, 75, 1, 1, 19721
-48, 138, 0, 1, 19822
31, 62, 0, 1, 19921
93, 110, 0, 1, 20023
162, 123, 0, 1, 20124
45, 23, 0, 1, 20223
36, -174, 0, 1, 20324
-166, -7, 1, 0, 20424
43, 164, 1, 0, 20525
72, -34, 1, 0, 20625
34, 27, 1, 0, 20725
93, 43, 1, 0, 20826
169, -161, 1, 0, 20927
64, -9, 1, 0, 21026
0, 59, 1, 0, 21127
61, 41, 1, 0, 21228
1, 172, 1, 0, 21328
122, 41, 1, 0, 21429
86, 196, 1, 0, 21530
29, 226, 1, 0, 21629
143, 150, 1, 0, 21730
162, 121, 1, 0, 21831
-17, 256, 1, 0, 21931
12, 358, 1, 0, 22031
231, 133, 1, 0, 22132
74, 147, 1, 0, 22232
32, 135, 1, 0, 22333
5, -113, 1, 0, 22434
92, -138, 1, 0, 22533
-34, 21, 1, 0, 22634
170, 126, 1, 0, 22735
84, 4, 1, 0, 22835
101, 30, 1, 0, 22935
81, 225, 1, 0, 23036
12, -73, 1, 0, 23138
166, -277, 1, 0, 23237
39, -169, 1, 0, 23338
57, -7, 1, 0, 23437
8, 240, 1, 0, 23538
185, -44, 0, 0, 23638
187, 361, 0, 0, 23739
145, 116, 0, 0, 23840
100, -215, 0, 0, 23940
26, 29, 0, 0, 24040
65, -233, 1, 0, 24141
-424, 47, 1, 0, 24240
-97, 256, 1, 0, 24341
36, -47, 1, 0, 24442
-10, 129, 1, 0, 24542
-12, 67, 1, 0, 24643
-31, 58, 1, 0, 24744
87, -190, 1, 0, 24844
4, 61, 1, 0, 24944
9, 18, 1, 0, 25045
43, -219, 1, 0, 25145
79, 3, 1, 0, 25245
76, 146, 1, 0, 25346
48, 94, 1, 0, 25446
174, -325, 1, 0, 25547
13, -34, 1, 0, 25648
112, -231, 1, 0, 25748
185, -282, 1, 0, 25848
83, 116, 1, 0, 25949
69, -182, 1, 0, 26049
-99, -5, 1, 0, 26149
-322, -390, 1, 0, 26251
-1, 377, 1, 0, 26350
-8, 0, 1, 0, 26450
-3, -271, 1, 0, 26552
-101, -18, 1, 0, 26652
-3, 57, 1, 0, 26752
73, 21, 1, 0, 26852
-163, 244, 1, 0, 26953
-8, -128, 1, 0, 27054
-116, 234, 1, 0, 27154
26, -303, 1, 0, 27254
129, 432, 0, 0, 27355
-11, -252, 0, 0, 27455
110, 149, 0, 0, 27556
86, 138, 1, 0, 27656
129, 383, 1, 0, 27756
63, 51, 1, 0, 27857
-109, 164, 1, 0, 27958
30, 246, 1, 0, 28058
-49, -464, 1, 0, 28159
-35, -15, 1, 0, 28259
9, -462, 1, 0, 28359
119, -184, 1, 0, 28460
24, 224, 1, 0, 28560
182, 76, 1, 0, 28660
-190, 305, 1, 0, 28761
239, 174, 1, 0, 28862
60, 406, 1, 0, 28962
48, -460, 1, 0, 29062
-10, 183, 1, 0, 29163
308, -219, 1, 0, 29263
7, -15, 1, 0, 29364
57, -53, 1, 0, 29465
-25, 34, 1, 0, 29564
85, 356, 1, 0, 29665
60, 85, 1, 0, 29766
-24, 196, 1, 0, 29866
-2, -132, 1, 0, 29967
139, -172, 1, 0, 30066
194, 109, 1, 0, 30167
63, -187, 1, 0, 30268
-30, -31, 1, 0, 30368
89, 74, 1, 0, 30468
3, 84, 1, 0, 30569
269, 201, 1, 0, 30669
166, -30, 1, 0, 30770
14, -139, 1, 0, 30870
-97, -31, 0, 0, 30970
-38, 99, 0, 0, 31071
242, 185, 0, 0, 31172
26, 261, 0, 0, 31272
47, -171, 1, 0, 31372
0, -229, 1, 0, 31473
112, 88, 1, 0, 31573
79, -62, 1, 0, 31674
6, -148, 1, 0, 31775
39, 56, 1, 0, 31874
-51, -147, 1, 0, 31975
1, 78, 1, 0, 32076
-358, -55, 1, 0, 32176
-21, 80, 1, 0, 32276
20, 173, 1, 0, 32377
-20, 6, 1, 0, 32477
-527, 377, 1, 0, 32578
42, 309, 1, 0, 32679
326, 168, 1, 0, 32779
33, 63, 1, 0, 32879
-414, 22, 1, 0, 32980
-247, -232, 1, 0, 33080
-371, 37, 1, 0, 33181
2, 63, 1, 0, 33280
389, -87, 1, 0, 33382
14, 339, 1, 0, 33482
321, 127, 1, 0, 33582
60, 210, 1, 0, 33682
41, 179, 1, 0, 33783
117, 142, 1, 0, 33883
8, -15, 1, 0, 33984
293, -154, 1, 0, 34085
11, -171, 1, 0, 34185
76, -124, 1, 0, 34286
175, -210, 1, 0, 34386
164, -205, 1, 0, 34486
26, 3, 1, 0, 34587
-315, -17, 1, 0, 34687
58, 52, 1, 0, 34787
40, 167, 1, 0, 34888
-346, 122, 1, 0, 34989
16, 104, 1, 0, 35088
-91, -128, 1, 0, 35190
-145, -76, 1, 0, 35290
11, -270, 1, 0, 35390
83, 91, 1, 0, 35491
286, -164, 1, 0, 35592
-584, -311, 1, 0, 35692
39, 133, 1, 0, 35792
23, 105, 1, 0, 35893
124, 68, 1, 0, 35993
383, -33, 1, 0, 36094
76, 25, 1, 0, 36194
27, -135, 1, 0, 36294
82, -24, 1, 0, 36395
38, 55, 1, 0, 36494
295, 268, 1, 0, 36595
189, 231, 1, 0, 36696
38, 58, 1, 0, 36796
306, 144, 1, 0, 36897
-340, 371, 1, 0, 36998
255, 375, 1, 0, 37097
375, -46, 1, 0, 37198
175, -78, 1, 0, 37299
55, -147, 1, 0, 37399
-508, -34, 1, 0, 37500
-5, 145, 1, 0, 37600
-354, 90, 1, 0, 37700
-5, 145, 1, 0, 37801
99, 264, 1, 0, 37902
40, 41, 1, 0, 38021
-242, -74, 1, 0, 38102
146, -269, 1, 0, 38203
-163, 115, 1, 0, 38303
365, 83, 1, 0, 38403
64, -144, 1, 0, 38504
377, 22, 1, 0, 38604
73, 224, 1, 0, 38705
132, 119, 1, 0, 38806
379, -298, 1, 0, 38905
-224, -98, 1, 0, 39006
73, 289, 1, 0, 39107
11, -158, 1, 0, 39207
-317, 13, 1, 0, 39308
-22, -436, 1, 0, 39409
55, 138, 1, 0, 39508
334, 296, 1, 0, 39609
82, 32, 1, 0, 39709
-26, -252, 1, 0, 39810
41, 385, 1, 0, 39910
140, 238, 1, 0, 40021
281, -242, 1, 0, 40111
-174, 142, 1, 0, 40212
208, -185, 1, 0, 40312
-31, 256, 1, 0, 40412
137, 138, 1, 0, 40513
-81, 131, 1, 0, 40613
-104, -17, 1, 0, 40714
5, 88, 1, 0, 40814
180, 12, 1, 0, 40914
-36, 93, 1, 0, 41015
145, -23, 1, 0, 41116
-131, -148, 1, 0, 41216
30, 109, 1, 0, 41316
54, 15, 1, 0, 41417
8, -12, 1, 0, 41517
66, -281, 1, 0, 41618
-20, 45, 1, 0, 41718
-3, 185, 1, 0, 41818
-303, 21, 1, 0, 41919
-173, 89, 1, 0, 42021
22, -321, 1, 0, 42120
-75, 19, 1, 0, 42220
419, 136, 1, 0, 42321
-318, 371, 1, 0, 42421
-20, 406, 1, 0, 42522
128, 82, 1, 0, 42622
340, 45, 1, 0, 42722
-37, -162, 1, 0, 42823
115, -315, 1, 0, 42923
11, -48, 1, 0, 43024
7, 6, 1, 0, 43124
133, 259, 1, 0, 43224
-90, -9, 1, 0, 43325
23, -444, 1, 0, 43426
2, -23, 1, 0, 43525
133, -30, 1, 0, 43626
0, 93, 1, 0, 43727
-70, 66, 1, 0, 43827
57, -5, 1, 0, 43928
166, 4, 1, 0, 44028
63, 25, 1, 0, 44128
30, 17, 1, 0, 44229
-248, -19, 1, 0, 44330
148, 352, 1, 0, 44430
115, -152, 1, 0, 44531
80, -36, 1, 0, 44631
80, 8, 1, 0, 44731
-152, -442, 1, 0, 44832
16, -394, 1, 0, 44933
39, 408, 1, 0, 45033
130, 34, 1, 0, 45133
0, -4, 1, 0, 45234
-45, 172, 1, 0, 45334
51, -189, 1, 0, 45435
40, 271, 1, 0, 45535
51, 91, 1, 0, 45635
-57, -121, 0, 0, 45736
16, -206, 0, 0, 45837
53, 17, 0, 0, 45936
72, 77, 1, 0, 46037
-3, 33, 1, 0, 46137
-14, 420, 1, 0, 46238
57, 18, 1, 0, 46339
96, 366, 1, 0, 46438
-13, -164, 1, 0, 46539
-237, 31, 1, 0, 46640
34, -2, 1, 0, 46739
111, 80, 1, 0, 46840
-27, 422, 1, 0, 46941
124, -399, 1, 0, 47041
40, 91, 1, 0, 47142
157, 317, 1, 0, 47243
2, -337, 1, 0, 47342
-39, -205, 1, 0, 47443
53, 63, 1, 0, 47544
279, -87, 1, 0, 47644
124, -295, 1, 0, 47745
82, 90, 1, 0, 47845
-108, 29, 1, 0, 47945
-44, -296, 1, 0, 48046
57, 24, 1, 0, 48147
14, -16, 1, 0, 48246
-22, -433, 1, 0, 48348
71, 17, 1, 0, 48448
-17, 65, 1, 0, 48548
47, -279, 1, 0, 48649
109, 30, 1, 0, 48750
-125, 118, 1, 0, 48849
-156, 54, 1, 0, 48950
166, 303, 1, 0, 49051
11, -45, 1, 0, 49151
19, 40, 1, 0, 49252
24, 19, 1, 0, 49351
144, -2, 1, 0, 49452
68, -26, 1, 0, 49553
-37, 62, 1, 0, 49652
-76, -253, 1, 0, 49754
136, 86, 1, 0, 49854
111, 316, 1, 0, 49954
111, 35, 1, 0, 50055
70, -23, 1, 0, 50156
81, -177, 1, 0, 50256
-43, 1, 1, 0, 50356
47, 293, 1, 0, 50457
52, 174, 1, 0, 50557
-44, -46, 1, 0, 50657
-48, 160, 0, 0, 50758
69, 36, 0, 0, 50858
61, 228, 0, 0, 50959
94, 0, 0, 0, 51059
0, -31, 0, 0, 51159
-102, 97, 0, 0, 51260
116, 177, 0, 0, 51361
5, 169, 0, 0, 51461
28, -23, 0, 0, 51562
-16, -4, 0, 0, 51662
-71, -2, 0, 0, 51762
158, -17, 0, 0, 51863
-49, 90, 0, 0, 51964
-245, -1, 0, 0, 52064
88, -15, 0, 0, 52164
-17, 143, 0, 0, 52265
-54, 6, 0, 0, 52365
125, -207, 0, 0, 52466
-46, -51, 1, 0, 52565
369, 12, 1, 0, 52666
40, 358, 1, 0, 52767
274, -98, 1, 0, 52867
165, -68, 1, 0, 52968
-177, 33, 1, 0, 53068
306, 246, 1, 0, 53168
-39, 59, 1, 0, 53269
379, -13, 1, 0, 53370
64, -34, 1, 0, 53469
120, -3, 1, 0, 53570
-212, 68, 1, 0, 53671
99, -4, 1, 0, 53771
6, 81, 1, 0, 53871
17, 124, 1, 0, 53972
-329, 74, 1, 0, 54072
53, -11, 1, 0, 54173
23, 26, 1, 0, 54273
130, 337, 1, 0, 54373
423, 82, 1, 0, 54474
42, 284, 1, 0, 54575
51, 144, 1, 0, 54675
125, -336, 1, 0, 54776
-436, 143, 1, 0, 54876
16, 45, 1, 0, 54976
311, -288, 1, 0, 55077
4, 102, 1, 0, 55178
47, 66, 1, 0, 55278
13, 372, 1, 0, 55379
433, 390, 1, 0, 55480
329, -71, 1, 0, 55579
390, -330, 1, 0, 55680
282, -65, 1, 0, 55780
429, -8, 1, 0, 55880
429, 307, 1, 0, 55981
52, -76, 1, 0, 56081
-206, -79, 1, 0, 56182
205, 386, 1, 0, 56283
35, 311, 1, 0, 56382
169, -308, 1, 0, 56484
60, 33, 1, 0, 56584
-314, -369, 1, 0, 56684
337, 426, 1, 0, 56785
4, -515, 1, 0, 56885
130, -310, 1, 0, 56985
4, 15, 1, 0, 57086
289, 3, 1, 0, 57187
90, 258, 1, 0, 57286
3, -80, 1, 0, 57387
21, 76, 1, 0, 57488
221, -187, 1, 0, 57588
33, 229, 1, 0, 57689
-121, 369, 1, 0, 57790
360, 71, 1, 0, 57889
186, -3, 1, 0, 57990
-381, 9, 1, 0, 58091
-268, -137, 1, 0, 58191
247, -53, 1, 0, 58291
-72, -269, 1, 0, 58392
-306, 359, 1, 0, 58492
7, -191, 1, 0, 58593
-126, -300, 1, 0, 58694
232, 14, 1, 0, 58793
-4, -114, 1, 0, 58894
48, -17, 1, 0, 58994
-49, -269, 1, 0, 59095
33, 274, 1, 0, 59195
2, 113, 1, 0, 59295
50, -4, 1, 0, 59396
-35, 181, 1, 0, 59497
278, -11, 1, 0, 59597
176, 270, 1, 0, 59698
2, 48, 1, 0, 59798
-47, -183, 1, 0, 59898
-10, -378, 1, 0, 59999
9, 39, 1, 0, 60099
100, 80, 1, 0, 60199
182, -8, 1, 0, 60300
28, -11, 1, 0, 60401
-53, 16, 1, 0, 60500
131, 396, 1, 0, 60601
361, -79, 0, 0, 60702
-308, 128, 0, 0, 60802
-321, -118, 0, 0, 60903
1, 59, 0, 0, 61003
-19, -246, 0, 0, 61104
-225, -22, 0, 0, 61204
20, 160, 0, 0, 61305
-30, -341, 1, 0, 61405
-214, 244, 1, 0, 61506
-4, 27, 1, 0, 61606
-76, 116, 1, 0, 61706
25, 59, 1, 0, 61806
63, -186, 1, 0, 61908
-11, 85, 1, 0, 62021
31, 5, 1, 0, 62108
68, 0, 1, 0, 62208
-125, 201, 1, 0, 62309
38, 345, 1, 0, 62409
21, -349, 1, 0, 62509
-112, 203, 1, 0, 62610
14, -220, 1, 0, 62711
-93, -202, 1, 0, 62811
-37, 12, 1, 0, 62912
72, -150, 1, 0, 63013
38, -72, 1, 0, 63112
255, 140, 1, 0, 63213
6, 347, 1, 0, 63314
7, 70, 1, 0, 63413
-67, 0, 1, 0, 63514
-7, 139, 1, 0, 63615
34, -35, 1, 0, 63715
-17, 159, 1, 0, 63816
312, 33, 1, 0, 63916
20, -65, 1, 0, 64021
97, -72, 1, 0, 64117
10, -25, 1, 0, 64218
11, 148, 1, 0, 64317
86, 37, 1, 0, 64418
94, -4, 1, 0, 64519
18, 136, 1, 0, 64619
19, -206, 1, 0, 64720
74, 74, 1, 0, 64820
-11, -125, 1, 0, 64920
1, 13, 1, 0, 65021
17, -37, 1, 0, 65122
0, -10, 1, 0, 65221
212, 69, 1, 0, 65322
-8, -5, 1, 0, 65422
330, -137, 1, 0, 65523
49, 24, 1, 0, 65624
2, -14, 1, 0, 65723
-132, 320, 1, 0, 65824
-12, 101, 1, 0, 65925
-1, 42, 1, 0, 66024
98, 33, 1, 0, 66126
74, -22, 1, 0, 66227
-65, -18, 1, 0, 66326
-353, 38, 1, 0, 66427
31, 113, 1, 0, 66528
33, 169, 1, 0, 66628
74, 51, 1, 0, 66728
98, 25, 1, 0, 66829
34, 168, 1, 0, 66929
-451, -129, 1, 0, 67030
-209, -47, 1, 0, 67131
8, 63, 1, 0, 67230
58, 105, 1, 0, 67331
9, 39, 1, 0, 67432
53, 36, 1, 0, 67531
35, 85, 1, 0, 67632
106, 9, 1, 0, 67733
45, -409, 1, 0, 67833
96, -18, 1, 0, 67934
1, 159, 1, 0, 68035
-13, -243, 1, 0, 68134
51, 411, 1, 0, 68235
-18, 95, 1, 0, 68336
72, -14, 1, 0, 68436
184, 190, 1, 0, 68536
-47, 6, 1, 0, 68636
-314, -39, 1, 0, 68737
-6, 95, 1, 0, 68838
-8, 9, 1, 0, 68937
-21, 22, 1, 0, 69038
-80, 137, 1, 0, 69139
-58, 21, 1, 0, 69239
345, -322, 1, 0, 69340
46, -10, 1, 0, 69440
201, 97, 1, 0, 69540
8, 31, 1, 0, 69641
56, -172, 1, 0, 69742
49, 62, 1, 0, 69842
31, 38, 1, 0, 69942
336, 153, 1, 0, 70043
52, 0, 1, 0, 70143
-6, 28, 1, 0, 70244
10, -20, 1, 0, 70345
218, 239, 1, 0, 70444
3, -1, 1, 0, 70545
210, 12, 1, 0, 70646
54, 23, 1, 0, 70745
26, 11, 1, 0, 70846
-31, 32, 1, 0, 70948
-253, 326, 1, 0, 71047
-48, 29, 1, 0, 71148
-119, 11, 1, 0, 71249
20, 153, 1, 0, 71349
52, 27, 1, 0, 71449
75, 140, 1, 0, 71550
28, -3, 1, 0, 71650
53, -64, 1, 0, 71751
20, -14, 1, 0, 71850
12, -183, 1, 0, 71951
21, -246, 1, 0, 72052
47, 317, 1, 0, 72152
28, 90, 1, 0, 72253
53, 219, 1, 0, 72353
55, 124, 1, 0, 72453
-33, 241, 1, 0, 72554
41, 210, 1, 0, 72655
62, 20, 1, 0, 72754
10, 0, 1, 0, 72855
76, 9, 1, 0, 72956
347, 298, 1, 0, 73056
-7, -18, 1, 0, 73157
212, 256, 1, 0, 73258
17, 312, 1, 0, 73357
81, 43, 1, 0, 73458
2, -249, 1, 0, 73559
3, 182, 1, 0, 73659
18, -214, 1, 0, 73760
100, -46, 1, 0, 73860
51, -65, 1, 0, 73960
-38, 7, 1, 0, 74061
355, 106, 1, 0, 74162
95, 116, 1, 0, 74261
16, -68, 1, 0, 74362
18, 0, 1, 0, 74463
49, -1, 1, 0, 74563
394, 17, 1, 0, 74663
11, 155, 1, 0, 74764
41, 51, 1, 0, 74864
-279, 56, 1, 0, 74965
334, -134, 1, 0, 75065
-5, 75, 1, 0, 75165
101, 299, 1, 0, 75266
183, 201, 1, 0, 75366
97, 43, 1, 0, 75467
-331, 45, 1, 0, 75567
-30, -144, 1, 0, 75667
392, -152, 1, 0, 75769
9, 50, 1, 0, 75869
63, 344, 1, 0, 75969
2, 220, 1, 0, 76069
12, 81, 1, 0, 76170
24, 95, 1, 0, 76270
337, 122, 1, 0, 76371
-30, 378, 1, 0, 76472
181, -6, 1, 0, 76571
-252, -21, 1, 0, 76672
-200, -116, 1, 0, 76773
-261, 153, 1, 0, 76873
118, 68, 1, 0, 76974
230, 24, 1, 0, 77074
8, 89, 1, 0, 77174
75, 96, 1, 0, 77275
16, 183, 1, 0, 77376
-75, 22, 1, 0, 77476
-130, 14, 1, 0, 77577
382, 39, 1, 0, 77677
48, 13, 1, 0, 77777
-88, 240, 1, 0, 77878
-629, -13, 1, 0, 77979
-2, 32, 1, 0, 78078
-242, -153, 1, 0, 78179
78, -10, 1, 0, 78279
186, 370, 1, 0, 78379
30, -109, 1, 0, 78480
12, 366, 1, 0, 78580
-448, 149, 1, 0, 78681
-350, -159, 1, 0, 78782
-27, -189, 1, 0, 78882
-99, 22, 1, 0, 78982
200, 144, 1, 0, 79084
70, -121, 1, 0, 79183
311, 20, 1, 0, 79284
-152, 87, 1, 0, 79385
30, 61, 1, 0, 79484
3, 6, 1, 0, 79585
-220, 385, 1, 0, 79686
203, -29, 1, 0, 79786
-18, -9, 1, 0, 79886
32, 57, 1, 0, 79987
215, 202, 1, 0, 80087
-17, -47, 1, 0, 80188
312, 39, 1, 0, 80289
8, -66, 1, 0, 80388
37, 41, 1, 0, 80489
71, 178, 1, 0, 80590
347, 131, 1, 0, 80690
52, -236, 1, 0, 80791
80, -249, 1, 0, 80891
179, 94, 1, 0, 80991
183, 3, 1, 0, 81092
-5, -60, 1, 0, 81192
-17, -127, 1, 0, 81293
43, 83, 1, 0, 81393
189, 4, 1, 0, 81493
-336, 15, 1, 0, 81594
199, 34, 1, 0, 81695
169, 0, 1, 0, 81794
387, -173, 1, 0, 81895
85, 131, 1, 0, 81996
-61, 111, 1, 0, 82096
23, -51, 1, 0, 82197
-153, -64, 1, 0, 82297
-96, 161, 1, 0, 82397
-4, 66, 1, 0, 82498
175, -66, 1, 0, 82599
37, 20, 1, 0, 82698
29, 90, 1, 0, 82799
-93, 99, 1, 0, 82900
38, 129, 1, 0, 83000
110, -308, 1, 0, 83101
-50, 29, 1, 0, 83201
237, -181, 1, 0, 83302
13, 228, 1, 0, 83402
0, 81, 1, 0, 83503
-140, 166, 1, 0, 83603
-36, 21, 1, 0, 83703
168, 119, 1, 0, 83804
-170, 122, 1, 0, 83904
81, -48, 1, 0, 84021
-302, 55, 1, 0, 84106
-53, 133, 1, 0, 84205
76, 152, 1, 0, 84306
199, 89, 1, 0, 84407
327, 103, 1, 0, 84507
-175, 50, 1, 0, 84608
17, 109, 1, 0, 84707
258, 189, 1, 0, 84808
201, 193, 1, 0, 84909
143, -182, 1, 0, 85009
26, 22, 1, 0, 85109
-23, 49, 1, 0, 85210
14, -28, 1, 0, 85310
-1, 10, 1, 0, 85411
169, -445, 1, 0, 85512
-253, 162, 1, 0, 85611
12, 213, 1, 0, 85712
131, -126, 1, 0, 85813
-266, 6, 1, 0, 85913
-124, 337, 1, 0, 86021
148, 99, 1, 0, 86114
-90, 74, 1, 0, 86214
51, 241, 1, 0, 86315
65, 265, 1, 0, 86416
78, 186, 1, 0, 86516
357, 192, 1, 0, 86616
-102, 185, 1, 0, 86717
30, 294, 1, 0, 86817
222, 49, 1, 0, 86917
148, 4, 1, 0, 87018
-37, 65, 1, 0, 87118
-361, 238, 1, 0, 87219
-365, 19, 1, 0, 87320
-232, -53, 1, 0, 87420
231, -285, 1, 0, 87520
-103, 43, 1, 0, 87621
-182, 57, 1, 0, 87721
-17, 31, 1, 0, 87822
-264, -97, 1, 0, 87922
49, -124, 1, 0, 88022
267, -360, 1, 0, 88123
-309, 188, 1, 0, 88223
-28, -177, 1, 0, 88323
334, 345, 1, 0, 88424
-478, 129, 1, 0, 88524
-28, 18, 1, 0, 88625
-217, 17, 1, 0, 88726
-137, -57, 1, 0, 88826
210, 181, 1, 0, 88927
25, 74, 1, 0, 89027
-42, -48, 1, 0, 89127
42, -11, 1, 0, 89228
410, -9, 1, 0, 89329
342, 295, 1, 0, 89428
6, 89, 1, 0, 89529
-16, 115, 1, 0, 89630
-2, 198, 1, 0, 89729
55, 83, 1, 0, 89830
6, -51, 1, 0, 89931
156, 43, 1, 0, 90031
57, -343, 1, 0, 90132
-47, 176, 1, 0, 90232
-59, 26, 1, 0, 90332
184, 280, 1, 0, 90433
-98, 72, 1, 0, 90534
-186, -98, 1, 0, 90634
0, -11, 1, 0, 90734
33, -202, 1, 0, 90835
-20, 157, 1, 0, 90935
-5, 48, 1, 0, 91036
-18, 42, 1, 0, 91135
-163, 168, 1, 0, 91237
-195, 115, 1, 0, 91337
1, 67, 1, 0, 91436
404, -114, 1, 0, 91538
343, 165, 1, 0, 91639
170, 351, 1, 0, 91738
35, -55, 1, 0, 91839
-2, -119, 1, 0, 91940
-288, 1, 1, 0, 92039
355, 107, 1, 0, 92140
44, 25, 1, 0, 92241
-116, -7, 1, 0, 92341
161, -7, 1, 0, 92442
380, 68, 1, 0, 92543
-4, 244, 1, 0, 92642
-80, 144, 1, 0, 92743
126, 69, 1, 0, 92844
-32, 27, 1, 0, 92944
26, -42, 1, 0, 93044
63, -11, 1, 0, 93145
21, -62, 1, 0, 93245
84, 193, 1, 0, 93346
-3, 274, 1, 0, 93446
370, 143, 1, 0, 93546
-255, 23, 1, 0, 93647
57, -5, 1, 0, 93748
205, 21, 1, 0, 93848
58, 20, 1, 0, 93948
-51, -6, 1, 0, 94049
2, 63, 1, 0, 94149
-49, 110, 1, 0, 94250
190, -13, 1, 0, 94350
-70, 1, 1, 0, 94450
-153, 11, 1, 0, 94551
6, 80, 1, 0, 94651
115, -154, 1, 0, 94752
-339, -142, 1, 0, 94853
178, 71, 1, 0, 94952
67, -315, 1, 0, 95053
-147, -192, 1, 0, 95154
287, -91, 1, 0, 95254
202, 207, 1, 0, 95355
165, 306, 1, 0, 95455
166, 24, 1, 0, 95555
-121, 307, 1, 0, 95656
259, 115, 1, 0, 95757
-47, 197, 1, 0, 95857
-169, -159, 1, 0, 95958
-368, 162, 1, 0, 96058
132, 321, 1, 0, 96158
33, 74, 1, 0, 96258
167, 256, 1, 0, 96359
22, 256, 1, 0, 96459
80, 132, 1, 0, 96560
-15, 228, 1, 0, 96661
-128, 251, 1, 0, 96761
107, -456, 1, 0, 96862
-262, -5, 1, 0, 96962
-378, 186, 1, 0, 97062
-220, 187, 1, 0, 97163
193, 94, 1, 0, 97264
63, 112, 1, 0, 97363
-265, 63, 1, 0, 97464
-199, -22, 1, 0, 97564
-335, -277, 1, 0, 97665
-216, -68, 1, 0, 97765
341, -313, 1, 0, 97865
189, 189, 1, 0, 97966
191, 154, 1, 0, 98067
62, -252, 1, 0, 98166
370, -337, 1, 0, 98268
30, -213, 1, 0, 98368
-23, 71, 1, 0, 98468
141, -170, 0, 0, 98569
49, 399, 0, 0, 98670
13, 42, 0, 0, 98769
42, 62, 1, 0, 98870
71, 19, 1, 0, 98971
-260, 334, 1, 0, 99071
-4, -234, 1, 0, 99176
105, -517, 1, 0, 99272
-417, 19, 1, 0, 99372
-12, 56, 1, 0, 99473
-40, -24, 1, 0, 99573
189, 124, 1, 0, 99673
47, 37, 1, 0, 99774
22, 113, 1, 0, 99875
6, 345, 1, 0, 99974
-59, 43, 1, 0, 100076
-24, 17, 1, 0, 100176
-19, -169, 1, 0, 100276
113, 157, 1, 0, 100377
38, 43, 1, 0, 100477
53, 9, 1, 0, 100577
16, 0, 1, 0, 100678
166, -84, 1, 0, 100778
11, 151, 1, 0, 100879
197, -49, 1, 0, 100980
47, -189, 1, 0, 101079
5, -169, 1, 0, 101180
8, 37, 1, 0, 101281
18, 4, 1, 0, 101380
19, -124, 1, 0, 101481
0, 161, 1, 0, 101582
240, 0, 1, 0, 101682
4, -96, 1, 0, 101783
103, -142, 0, 0, 101884
-9, -5, 0, 0, 101983
185, 79, 0, 0, 102084
3, 241, 0, 0, 102185
-170, 5, 0, 0, 102285
5, 107, 0, 0, 102386
10, 73, 0, 0, 102486
-8, -63, 0, 0, 102586
-90, 21, 0, 0, 102687
-32, -36, 0, 0, 102788
-131, 112, 0, 0, 102887
-19, -35, 0, 0, 102988
0, 2, 0, 0, 103089
75, 131, 0, 0, 103189
-47, 80, 0, 0, 103290
55, -6, 0, 0, 103390
60, 5, 0, 0, 103490
-162, -327, 0, 0, 103591
-11, -7, 0, 0, 103692
-8, -29, 0, 0, 103791
-52, 208, 0, 0, 103893
9, 7, 0, 0, 103992
-126, -165, 0, 0, 104093
53, 40, 0, 0, 104194
245, 52, 0, 0, 104294
101, 76, 0, 0, 104394
102, 183, 0, 0, 104495
136, 96, 0, 0, 104595
80, 182, 0, 0, 104696
94, 5, 0, 0, 104796
27, 17, 0, 0, 104896
165, -55, 1, 0, 104997
-96, -28, 1, 0, 105098
10, 32, 1, 0, 105197
-263, 11, 1, 0, 105299
-15, 51, 1, 0, 105399
86, -47, 1, 0, 105499
35, 148, 1, 0, 105600
85, 173, 1, 0, 105701
19, 198, 1, 0, 105800
-234, -283, 1, 0, 105901
115, 51, 1, 0, 106021
-249, 27, 1, 0, 106102
40, -21, 1, 0, 106203
295, 95, 1, 0, 106304
14, -76, 1, 0, 106403
188, 77, 1, 0, 106504
91, -133, 1, 0, 106605
8, 26, 1, 0, 106704
-6, 179, 1, 0, 106805
101, 175, 1, 0, 106906
-19, 78, 1, 0, 107006
78, 150, 1, 0, 107106
-2, -24, 1, 0, 107206
-124, 227, 1, 0, 107307
22, 59, 1, 0, 107408
111, 136, 1, 0, 107508
-225, 125, 1, 0, 107609
166, 109, 1, 0, 107709
-72, 389, 1, 0, 107809
-209, -87, 1, 0, 107910
159, 55, 1, 0, 108021
-193, 337, 1, 0, 108111
-12, 214, 1, 0, 108211
31, -247, 1, 0, 108312
7, 21, 1, 0, 108412
160, 52, 1, 0, 108513
-1, 10, 1, 0, 108613
9, 4, 1, 0, 108713
-330, -43, 1, 0, 108814
338, -106, 1, 0, 108915
-18, 41, 1, 0, 109014
114, 91, 1, 0, 109116
-42, 54, 1, 0, 109216
148, 97, 1, 0, 109316
112, -307, 1, 0, 109417
-265, 152, 1, 0, 109517
64, 186, 1, 0, 109617
-309, -75, 1, 0, 109718
-103, 11, 1, 0, 109819
-25, -195, 1, 0, 109919
82, 180, 1, 0, 110021
-10, 19, 1, 0, 110120
-26, -104, 1, 0, 110220
43, 366, 1, 0, 110321
-35, -170, 1, 0, 110421
-113, 37, 1, 0, 110521
45, 112, 1, 0, 110622
-184, 143, 1, 0, 110722
58, -182, 1, 0, 110823
317, 120, 1, 0, 110924
-23, -110, 1, 0, 111024
-300, 144, 1, 0, 111124
-104, -276, 1, 0, 111225
75, -46, 1, 0, 111325
-292, 89, 1, 0, 111425
-109, -114, 1, 0, 111526
165, -24, 1, 0, 111626
-384, -42, 1, 0, 111727
-165, -86, 1, 0, 111827
186, 115, 1, 0, 111927
169, 368, 1, 0, 112028
145, 67, 1, 0, 112129
-82, 62, 1, 0, 112228
-26, -53, 1, 0, 112329
-113, -29, 1, 0, 112430
5, 23, 1, 0, 112530
74, 242, 1, 0, 112631
251, 45, 1, 0, 112731
15, 0, 1, 0, 112831
363, 177, 1, 0, 112932
78, 221, 1, 0, 113033
-22, -139, 1, 0, 113133
86, -143, 1, 0, 113234
-176, -54, 1, 0, 113335
218, -33, 1, 0, 113434
-1, 109, 1, 0, 113535
118, 50, 1, 0, 113635
-1, -184, 1, 0, 113735
-18, 17, 1, 0, 113836
115, -36, 1, 0, 113936
293, 118, 1, 0, 114037
13, -156, 1, 0, 114138
-137, 226, 1, 0, 114238
79, -273, 1, 0, 114338
-56, -383, 1, 0, 114439
189, 198, 1, 0, 114539
36, 44, 1, 0, 114639
-13, 222, 1, 0, 114740
153, -231, 1, 0, 114840
168, 143, 1, 0, 114941
380, 76, 1, 0, 115042
140, -202, 1, 0, 115141
-245, -86, 1, 0, 115242
247, 49, 1, 0, 115343
-155, 214, 1, 0, 115443
-164, 44, 1, 0, 115543
189, -267, 1, 0, 115644
-63, 295, 1, 0, 115744
116, -57, 1, 0, 115845
230, 13, 1, 0, 115946
-9, 146, 1, 0, 116046
392, 257, 1, 0, 116147
-313, 78, 1, 0, 116247
-148, 85, 1, 0, 116347
-59, 0, 1, 0, 116448
6, -126, 1, 0, 116549
-63, -129, 1, 0, 116648
15, 112, 1, 0, 116749
-18, -326, 1, 0, 116849
32, -129, 1, 0, 116950
27, 63, 1, 0, 117050
-24, 107, 1, 0, 117150
87, 237, 1, 0, 117250
109, 106, 1, 0, 117352
11, 35, 1, 0, 117452
211, 57, 1, 0, 117553
-20, 101, 1, 0, 117653
211, 33, 1, 0, 117753
-459, 270, 1, 0, 117854
57, 170, 1, 0, 117955
-222, 145, 1, 0, 118054
-320, 137, 1, 0, 118155
-138, 20, 1, 0, 118256
302, -142, 1, 0, 118356
145, -155, 1, 0, 118457
110, 88, 1, 0, 118557
-424, 9, 1, 0, 118657
418, -6, 1, 0, 118758
13, 34, 1, 0, 118859
24, 2, 1, 0, 118958
-146, 122, 1, 0, 119059
27, 46, 1, 0, 119160
18, -73, 1, 0, 119260
247, -195, 1, 0, 119361
0, -6, 1, 0, 119461
20, 56, 1, 0, 119561
-145, -64, 1, 0, 119662
56, -14, 1, 0, 119763
33, 131, 1, 0, 119863
-76, -103, 1, 0, 119963
-19, -10, 1, 0, 120063
104, 71, 1, 0, 120164
-80, 11, 1, 0, 120264
16, 6, 1, 0, 120364
363, 15, 1, 0, 120465
-14, 88, 1, 1, 120566
363, -217, 1, 1, 120666
-170, 18, 1, 1, 120766
-65, -45, 1, 1, 120867
89, 59, 1, 1, 120967
77, 137, 1, 1, 121068
-186, 187, 1, 1, 121169
151, -193, 1, 1, 121269
364, 409, 1, 1, 121369
141, -146, 1, 1, 121470
29, 133, 1, 1, 121570
74, -23, 1, 1, 121670
-189, 209, 1, 1, 121771
-226, 42, 1, 1, 121871
-23, -302, 1, 1, 121972
280, 121, 1, 1, 122073
-349, -302, 1, 1, 122173
87, 138, 1, 1, 122273
-58, 151, 1, 1, 122374
152, 44, 1, 1, 122474
67, 11, 1, 1, 122574
189, 39, 1, 1, 122676
-91, 102, 1, 1, 122775
136, 19, 1, 1, 122876
-93, 106, 1, 1, 122977
-69, 145, 1, 1, 123077
-97, -6, 1, 1, 123178
-207, 197, 1, 1, 123277
152, 109, 1, 1, 123378
-342, 17, 1, 0, 123479
-156, 246, 1, 0, 123579
-106, 85, 1, 0, 123680
-210, -155, 1, 0, 123780
-46, 263, 1, 0, 123880
-169, -418, 1, 0, 123981
176, 416, 1, 0, 124082
-13, -196, 1, 0, 124181
12, -66, 1, 0, 124282
54, 191, 1, 0, 124383
368, -262, 1, 0, 124483
300, -137, 1, 0, 124584
19, 119, 1, 0, 124684
11, -99, 1, 0, 124784
234, 223, 1, 0, 124885
312, 63, 1, 0, 124986
-7, -69, 1, 0, 125086
1, 54, 1, 0, 125189
136, -80, 1, 0, 125287
-239, 95, 1, 0, 125387
238, -54, 1, 0, 125488
-11, 133, 1, 0, 125588
-72, -96, 1, 0, 125688
-91, 223, 1, 0, 125789
266, -255, 1, 0, 125890
390, -195, 1, 0, 125990
92, 277, 1, 0, 126090
-31, -41, 1, 0, 126191
202, 160, 1, 0, 126291
80, -36, 1, 0, 126392
-35, 121, 1, 0, 126492
198, 90, 1, 0, 126592
312, 73, 1, 0, 126693
230, 161, 1, 0, 126793
149, 185, 1, 0, 126893
-142, -27, 1, 0, 126994
178, -197, 1, 0, 127094
353, 112, 1, 0, 127195
59, -143, 1, 0, 127296
23, -110, 1, 0, 127396
205, -312, 1, 0, 127497
-316, 74, 1, 0, 127597
26, 363, 1, 0, 127695
-40, 36, 1, 0, 127797
63, 175, 1, 0, 127898
20, 22, 1, 0, 127998
31, -2, 1, 1, 128099
-341, 48, 1, 1, 128200
-449, -212, 1, 1, 128300
159, -306, 1, 1, 128400
70, 202, 1, 1, 128501
33, 405, 1, 1, 128601
369, 322, 1, 1, 128702
-392, 4, 1, 1, 128802
0, -262, 1, 1, 128902
-324, 145, 1, 1, 129003
449, -100, 1, 1, 129104
119, -88, 1, 1, 129204
153, 16, 1, 1, 129304
284, -31, 1, 1, 129405
21, -29, 1, 1, 129505
336, 179, 1, 1, 129606
130, -124, 1, 1, 129706
116, -171, 1, 1, 129807
214, 100, 1, 1, 129907
24, -362, 1, 1, 130021
-249, -280, 1, 1, 130108
302, 130, 1, 1, 130208
217, 55, 1, 1, 130308
41, -184, 1, 1, 130409
3, 176, 1, 1, 130510
137, 40, 1, 1, 130610
63, 277, 1, 1, 130711
51, -68, 1, 1, 130811
39, 18, 1, 1, 130911
0, -6, 1, 1, 131012
-1, -162, 1, 0, 131113
-5, 131, 1, 0, 131212
-12, 112, 1, 0, 131313
-137, 150, 1, 0, 131414
7, -35, 1, 0, 131514
60, 146, 1, 0, 131614
213, 38, 1, 0, 131715
-15, 220, 1, 0, 131815
113, 23, 1, 0, 131916
-173, 103, 1, 0, 132021
388, -227, 1, 0, 132117
50, -82, 1, 0, 132217
-91, -411, 1, 0, 132318
107, 39, 1, 0, 132418
-151, 113, 1, 0, 132519
67, -248, 1, 0, 132620
-259, 66, 1, 0, 132719
67, 72, 1, 0, 132820
62, 200, 1, 0, 132919
256, 301, 1, 0, 133020
146, -14, 1, 0, 133121
-113, -19, 1, 0, 133221
-19, -239, 1, 0, 133322
185, 10, 1, 0, 133423
-56, 70, 1, 0, 133522
160, 34, 1, 0, 133623
-23, 25, 1, 0, 133724
-163, -112, 1, 0, 133824
91, -83, 1, 0, 133925
46, 233, 1, 0, 134025
351, 194, 1, 0, 134125
-548, 174, 1, 0, 134226
-317, 91, 1, 0, 134327
-428, -60, 1, 0, 134426
106, -15, 1, 0, 134527
231, -5, 1, 0, 134628
32, 142, 1, 0, 134728
12, 73, 1, 0, 134828
100, -166, 1, 0, 134930
1, -46, 1, 0, 135029
417, -100, 1, 0, 135130
350, 1, 1, 0, 135231
-19, 199, 1, 0, 135331
-251, 130, 1, 0, 135432
-94, 290, 1, 0, 135532
260, 30, 1, 0, 135632
-69, 52, 1, 0, 135733
71, 48, 1, 0, 135833
386, 7, 1, 0, 135933
-38, 179, 1, 0, 136034
185, 81, 1, 0, 136134
80, 139, 1, 0, 136234
-111, 175, 1, 0, 136336
-25, 104, 1, 0, 136435
11, -5, 1, 0, 136536
-304, 28, 1, 0, 136637
39, 133, 1, 0, 136737
8, -110, 1, 0, 136837
410, 354, 1, 0, 136938
-81, -274, 1, 0, 137038
24, -26, 1, 0, 137139
408, 31, 1, 0, 137240
-387, -6, 1, 0, 137339
146, 134, 1, 0, 137440
169, 205, 1, 0, 137541
21, -25, 1, 0, 137641
-387, -96, 1, 0, 137741
-39, 103, 1, 0, 137842
373, -23, 1, 0, 137942
373, 4, 1, 0, 138043
21, -202, 1, 0, 138144
-22, 81, 1, 0, 138244
138, 140, 1, 0, 138345
-51, 187, 1, 0, 138445
-454, 172, 1, 0, 138545
124, -75, 1, 0, 138646
118, 56, 1, 0, 138747
281, -121, 1, 0, 138846
-28, 170, 1, 0, 138947
299, 102, 1, 0, 139048
-229, 53, 1, 0, 139148
99, -208, 1, 0, 139248
-125, 347, 1, 0, 139348
245, 103, 1, 0, 139449
15, -225, 1, 0, 139550
42, 191, 1, 0, 139649
-15, 51, 1, 0, 139750
141, 131, 1, 0, 139851
405, 31, 1, 0, 139951
-103, 8, 1, 0, 140051
227, 221, 1, 0, 140152
-418, 107, 1, 0, 140252
193, 59, 1, 0, 140353
-311, 5, 1, 0, 140454
119, 0, 1, 0, 140553
267, -14, 1, 0, 140655
235, -103, 1, 0, 140755
63, -113, 1, 0, 140855
220, -178, 1, 0, 140956
130, -40, 1, 0, 141057
78, 277, 1, 0, 141156
86, 127, 1, 0, 141257
82, 86, 1, 0, 141358
-77, -192, 1, 0, 141457
140, 90, 1, 0, 141558
124, -7, 1, 0, 141659
-99, 183, 1, 0, 141759
315, 203, 1, 0, 141860
5, 154, 1, 0, 141961
-58, -207, 1, 0, 142060
-201, 54, 1, 0, 142161
365, 211, 1, 0, 142262
-221, 56, 1, 0, 142362
-123, 2, 1, 0, 142463
-256, 139, 1, 0, 142562
-220, 288, 1, 0, 142663
-251, -48, 1, 0, 142764
151, -377, 1, 0, 142864
-64, 223, 1, 0, 142964
37, 7, 1, 0, 143065
-102, 113, 1, 0, 143165
51, -58, 1, 0, 143266
123, -145, 1, 0, 143367
151, 247, 1, 0, 143466
350, -100, 1, 0, 143567
-6, -209, 1, 0, 143668
127, 135, 1, 0, 143768
334, 40, 1, 0, 143869
-140, 108, 1, 0, 143970
-94, 4, 1, 0, 144069
125, -70, 1, 0, 144170
58, -61, 1, 0, 144271
143, 381, 1, 0, 144371
75, 0, 1, 0, 144471
-26, -126, 1, 0, 144572
115, -106, 1, 0, 144672
229, -2, 1, 0, 144773
-294, 54, 1, 0, 144873
-219, 68, 1, 0, 144973
280, 1, 1, 0, 145074
21, 40, 1, 0, 145175
-3, 35, 1, 0, 145274
296, 135, 1, 0, 145375
35, 223, 1, 0, 145476
68, 193, 1, 0, 145576
219, 279, 1, 0, 145677
40, 227, 1, 0, 145776
-155, -20, 1, 0, 145877
99, 223, 1, 0, 145978
126, 29, 1, 0, 146078
-19, 184, 1, 0, 146179
-210, -243, 1, 0, 146280
-7, 178, 1, 0, 146379
-29, 15, 1, 0, 146480
-95, 315, 1, 0, 146581
-60, -311, 1, 0, 146680
392, 204, 1, 0, 146781
-62, 286, 1, 0, 146882
-328, 160, 1, 0, 146982
97, 345, 1, 0, 147083
77, 352, 1, 0, 147183
-43, -27, 1, 0, 147283
200, -83, 1, 0, 147384
-4, 51, 1, 0, 147485
155, 231, 1, 0, 147585
-118, 36, 1, 0, 147685
360, 278, 1, 0, 147786
-183, 195, 1, 0, 147886
-52, 444, 1, 0, 147987
9, 395, 1, 0, 148088
-272, -154, 1, 0, 148188
19, -196, 1, 0, 148288
90, 19, 1, 0, 148389
-14, -199, 1, 0, 148489
191, -168, 1, 0, 148590
175, 253, 1, 0, 148690
263, -3, 1, 0, 148790
215, 20, 1, 0, 148891
-319, -4, 1, 0, 148990
10, 132, 1, 0, 149091
4, -339, 1, 0, 149192
385, 257, 1, 0, 149292
101, 36, 1, 0, 149393
29, -290, 0, 0, 149493
-32, -49, 0, 0, 149593
-275, 67, 0, 0, 149694
28, -121, 0, 0, 149795
-126, 39, 0, 0, 149895
-80, 285, 0, 0, 149995
-263, -276, 0, 0, 150096
-281, 115, 0, 0, 150196
-34, -27, 0, 0, 150297
145, 214, 0, 0, 150398
-161, -236, 0, 0, 150497
182, 27, 0, 0, 150598
190, 252, 0, 0, 150699
189, 263, 0, 0, 150799
-171, 37, 0, 0, 150900
42, 62, 0, 0, 151000
197, 136, 0, 0, 151100
402, 217, 0, 0, 151202
79, 150, 0, 0, 151302
80, -108, 0, 0, 151401
116, 74, 0, 0, 151502
-172, 142, 0, 0, 151603
74, -69, 0, 0, 151703
154, 37, 0, 0, 151803
-4, -329, 0, 0, 151904
48, -213, 0, 0, 152022
-158, -349, 0, 0, 152105
66, 361, 0, 0, 152205
-67, 189, 0, 0, 152305
-82, -2, 0, 0, 152406
30, -13, 0, 0, 152506
174, -57, 0, 0, 152607
50, -396, 0, 0, 152708
349, -29, 0, 0, 152808
37, 115, 0, 0, 152908
-8, 186, 0, 0, 153009
241, 27, 1, 0, 153109
215, 361, 1, 0, 153210
343, 11, 1, 0, 153310
-235, 27, 1, 0, 153410
13, -71, 1, 0, 153511
102, -143, 1, 0, 153612
316, -151, 1, 0, 153712
18, 215, 1, 0, 153812
-489, 24, 1, 0, 153913
-153, 286, 1, 0, 154021
-10, 10, 1, 0, 154114
115, -111, 1, 0, 154215
191, 170, 1, 0, 154314
-19, 63, 1, 0, 154415
-133, 104, 1, 0, 154516
-335, -194, 1, 0, 154616
-301, -11, 1, 0, 154717
-100, 124, 1, 0, 154817
-243, 67, 1, 0, 154917
-7, -159, 1, 0, 155018
172, 354, 1, 0, 155119
-371, 7, 1, 0, 155219
113, 27, 1, 0, 155319
221, 149, 1, 0, 155419
120, -252, 1, 0, 155520
-27, 30, 1, 0, 155620
50, 317, 1, 0, 155721
416, 331, 1, 0, 155821
212, 9, 1, 0, 155922
204, 61, 1, 0, 156022
28, 360, 1, 0, 156123
76, 100, 1, 0, 156223
-166, 38, 1, 0, 156323
82, -56, 1, 0, 156424
189, 44, 1, 0, 156525
29, -38, 1, 0, 156624
6, 169, 1, 0, 156725
41, -8, 1, 0, 156826
27, -89, 1, 0, 156926
6, 218, 1, 0, 157026
62, 178, 1, 0, 157127
98, 97, 1, 0, 157227
-88, -329, 1, 0, 157328
99, -18, 1, 0, 157429
50, 55, 1, 0, 157528
186, 85, 1, 0, 157629
78, 63, 1, 0, 157730
8, -323, 1, 0, 157830
106, 82, 1, 0, 157931
-27, 292, 1, 0, 158031
-132, 175, 1, 0, 158131
287, -311, 1, 0, 158232
-489, -460, 1, 0, 158333
-416, 16, 1, 0, 158433
-315, -318, 1, 0, 158534
-413, 280, 1, 0, 158633
-250, 104, 1, 0, 158734
-83, 376, 1, 0, 158835
-199, 423, 1, 0, 158935
242, 31, 1, 0, 159035
77, 96, 1, 0, 159136
-394, 310, 1, 0, 159236
-257, 73, 1, 0, 159337
18, 23, 1, 0, 159437
48, -16, 1, 0, 159537
-483, -109, 1, 0, 159638
428, 99, 1, 0, 159739
27, 283, 1, 0, 159838
-187, 118, 1, 0, 159940
91, 40, 1, 0, 160040
18, -43, 1, 0, 160140
-6, 8, 1, 0, 160240
78, 108, 1, 0, 160341
34, -206, 1, 0, 160441
28, -159, 1, 0, 160542
28, 84, 1, 0, 160643
80, 263, 1, 0, 160743
53, 125, 1, 0, 160844
-20, -189, 1, 0, 160945
17, -78, 1, 0, 161044
39, 128, 1, 0, 161145
71, 251, 1, 0, 161246
-10, -76, 1, 0, 161345
27, -304, 1, 0, 161446
-14, 38, 1, 0, 161547
54, 191, 1, 0, 161647
36, 178, 1, 0, 161747
-36, -270, 1, 0, 161847
-15, -62, 1, 0, 161948
20, -16, 1, 0, 162049
39, 215, 1, 0, 162149
33, -130, 1, 0, 162249
5, -79, 1, 0, 162350
53, 161, 1, 0, 162450
77, 201, 1, 0, 162551
46, 180, 1, 0, 162652
29, -76, 1, 0, 162751
11, -25, 1, 0, 162852
55, 183, 0, 0, 162953
48, 259, 0, 0, 163053
61, 57, 0, 0, 163153
20, -123, 0, 0, 163254
33, 113, 0, 0, 163354
66, 230, 0, 0, 163455
37, 40, 0, 0, 163555
18, -81, 0, 0, 163655
74, -12, 0, 0, 163756
45, 124, 0, 0, 163857
6, 59, 0, 0, 163957
13, -213, 0, 0, 164058
19, 17, 0, 0, 164158
51, -26, 0, 0, 164258
59, 244, 0, 0, 164359
54, 138, 0, 0, 164460
79, -113, 0, 0, 164559
45, -192, 0, 0, 164660
137, 162, 0, 0, 164761
24, 213, 0, 0, 164861
94, -4, 0, 0, 164961
-80, -313, 0, 0, 165062
-53, 73, 0, 0, 165162
-34, 123, 0, 0, 165263
136, 120, 0, 0, 165363
-220, -144, 0, 0, 165464
-138, -45, 1, 0, 165564
285, 13, 1, 0, 165664
50, 375, 1, 0, 165765
70, 122, 1, 0, 165866
175, -241, 1, 0, 165966
-8, 3, 1, 0, 166066
-318, 195, 1, 0, 166167
14, 367, 1, 0, 166267
297, -92, 1, 0, 166368
-24, -112, 1, 0, 166469
18, 112, 1, 0, 166568
143, 231, 1, 0, 166669
44, 146, 1, 0, 166770
3, -301, 1, 0, 166870
6, -33, 1, 0, 166970
-1, 309, 1, 0, 167071
25, -42, 1, 0, 167171
27, -7, 1, 0, 167272
2, -199, 1, 0, 167372
44, 93, 1, 0, 167472
58, 93, 1, 0, 167573
69, 81, 1, 0, 167674
-7, -332, 1, 0, 167774
-1, 33, 1, 0, 167875
52, 25, 1, 0, 167975
70, 243, 1, 0, 168075
21, -63, 1, 0, 168176
13, -191, 1, 0, 168276
1, 69, 1, 0, 168376
103, 352, 1, 0, 168477
47, 83, 1, 0, 168577
-10, -280, 1, 0, 168678
-12, -101, 1, 0, 168779
81, 363, 1, 0, 168878
57, 213, 0, 0, 168979
23, -83, 0, 0, 169080
-7, -195, 0, 0, 169180
-11, -119, 0, 0, 169280
25, 114, 0, 0, 169381
31, -8, 0, 0, 169481
14, -157, 0, 0, 169582
12, 21, 0, 0, 169682
31, 157, 0, 0, 169783
49, 197, 0, 0, 169883
49, 20, 0, 0, 169984
-18, -39, 0, 0, 170084
8, -77, 0, 0, 170184
84, 315, 0, 0, 170285
64, 119, 0, 0, 170385
3, -315, 0, 0, 170486
20, 28, 0, 0, 170586
55, 130, 0, 0, 170687
21, 149, 0, 0, 170788
18, -47, 0, 0, 170888
-4, -332, 0, 0, 170988
5, 22, 0, 0, 171089
51, 194, 0, 0, 171189
41, 158, 0, 0, 171289
25, -195, 0, 0, 171390
-31, 51, 0, 0, 171490
42, 140, 0, 0, 171590
55, 176, 0, 0, 171691
54, 12, 0, 0, 171791
31, -296, 0, 0, 171892
1, 41, 0, 0, 171993
71, 242, 0, 0, 172093
41, 155, 0, 0, 172193
2, -230, 0, 0, 172294
-3, 5, 0, 0, 172394
56, 101, 0, 0, 172494
47, 229, 0, 0, 172595
34, -14, 0, 0, 172695
-14, -311, 0, 0, 172796
17, -6, 0, 0, 172897
62, 131, 0, 0, 172997
66, 201, 0, 0, 173097
45, 0, 0, 0, 173198
-11, -66, 0, 0, 173298
50, 79, 0, 0, 173399
67, 326, 0, 0, 173499
69, 118, 0, 0, 173599
-4, -305, 0, 0, 173700
15, 72, 0, 0, 173801
49, 97, 0, 0, 173901
97, 251, 0, 0, 174022
54, -4, 0, 0, 174102
21, -164, 0, 0, 174202
29, 41, 0, 0, 174303
33, 95, 0, 0, 174403
44, 44, 0, 0, 174503
-35, -456, 0, 0, 174604
34, 95, 0, 0, 174704
65, 198, 0, 0, 174805
50, 147, 0, 0, 174906
39, -26, 0, 0, 175006
-20, -130, 0, 0, 175106
36, 62, 0, 0, 175207
49, 139, 0, 0, 175307
22, -28, 0, 0, 175407
18, -274, 0, 0, 175508
8, 91, 0, 0, 175608
53, 144, 0, 0, 175709
22, 141, 0, 0, 175809
20, -170, 0, 0, 175909
-58, -297, 0, 0, 176022
59, 159, 0, 0, 176111
78, 254, 0, 0, 176211
62, 90, 0, 0, 176311
4, -259, 0, 0, 176413
5, 87, 0, 0, 176512
72, 238, 0, 0, 176613
52, 158, 0, 0, 176714
18, -168, 0, 0, 176814
28, 9, 0, 0, 176914
24, 56, 0, 0, 177015
48, 170, 0, 0, 177115
76, 134, 0, 0, 177215
9, -230, 0, 0, 177316
-5, -38, 0, 0, 177416
46, 70, 0, 0, 177517
22, 98, 0, 0, 177618
37, -183, 0, 0, 177718
16, -230, 0, 0, 177818
17, 21, 0, 0, 177918
82, 208, 0, 0, 178022
49, 132, 0, 0, 178120
12, -180, 0, 0, 178219
30, 51, 0, 0, 178320
61, 189, 0, 0, 178421
59, 236, 0, 0, 178521
51, 36, 0, 0, 178621
-1, -119, 0, 0, 178723
38, 48, 0, 0, 178822
55, 218, 0, 0, 178923
77, 240, 0, 0, 179024
23, -90, 0, 0, 179124
41, 43, 0, 0, 179224
57, 158, 0, 0, 179325
61, 139, 0, 0, 179425
28, -41, 0, 0, 179526
6, -247, 0, 0, 179626
-48, -230, 0, 0, 179726
69, 146, 0, 0, 179827
-24, -225, 0, 0, 179928
83, 210, 0, 0, 180027
64, 106, 0, 0, 180128
17, 93, 0, 0, 180229
65, 279, 0, 0, 180329
36, 33, 0, 0, 180430
28, -138, 0, 0, 180531
39, 42, 0, 0, 180630
65, 200, 0, 0, 180731
51, 190, 0, 0, 180832
23, -315, 0, 0, 180932
1, 33, 0, 0, 181032
39, 102, 0, 0, 181132
86, 321, 0, 0, 181233
63, 137, 0, 0, 181334
20, -245, 0, 0, 181434
-16, -117, 0, 0, 181534
36, 133, 0, 0, 181635
65, 192, 0, 0, 181735
26, -80, 0, 0, 181836
44, 21, 0, 0, 181936
70, 101, 0, 0, 182037
109, 363, 0, 0, 182137
26, 105, 0, 0, 182238
-9, -327, 0, 0, 182338
21, 49, 0, 0, 182439
64, 162, 0, 0, 182539
58, 202, 0, 0, 182639
28, -110, 0, 0, 182740
10, -89, 0, 0, 182841
24, 107, 0, 0, 182940
86, 328, 0, 0, 183041
49, 101, 0, 0, 183142
-4, -279, 0, 0, 183242
10, 76, 0, 0, 183342
51, 225, 0, 0, 183444
49, 130, 0, 0, 183543
17, -72, 0, 0, 183644
-8, -266, 0, 0, 183745
-6, 52, 0, 0, 183844
57, 105, 0, 0, 183945
38, 104, 0, 0, 184046
17, -138, 0, 0, 184146
24, 80, 0, 0, 184247
59, 134, 0, 0, 184346
54, 173, 0, 0, 184447
15, -136, 0, 0, 184548
-31, -370, 0, 0, 184648
20, 79, 0, 0, 184748
74, 235, 0, 0, 184850
38, 137, 0, 0, 184949
-53, -387, 0, 0, 185050
11, -44, 0, 0, 185151
27, 142, 0, 0, 185251
72, 230, 0, 0, 185351
60, 78, 0, 0, 185452
41, -44, 0, 0, 185552
-2, 57, 0, 0, 185652
49, 112, 0, 0, 185753
44, 132, 0, 0, 185853
2, -343, 0, 0, 185954
-8, 7, 0, 0, 186054
60, 192, 0, 0, 186155
84, 322, 0, 0, 186256
54, 78, 0, 0, 186356
9, -207, 0, 0, 186456
26, 43, 0, 0, 186557
65, 160, 0, 0, 186657
59, 159, 0, 0, 186757
1, -147, 0, 0, 186858
-16, -42, 0, 0, 186959
87, 172, 0, 0, 187059
52, 167, 0, 0, 187159
43, 84, 0, 0, 187260
8, -268, 0, 0, 187360
3, 55, 0, 0, 187461
30, 123, 0, 0, 187561
55, 158, 0, 0, 187661
36, -100, 0, 0, 187762
34, -10, 0, 0, 187862
75, 220, 0, 0, 187963
42, 143, 0, 0, 188063
17, -192, 0, 0, 188163
-14, -280, 0, 0, 188264
42, 64, 0, 0, 188365
60, 164, 0, 0, 188465
35, 150, 0, 0, 188566
-40, -359, 0, 0, 188667
-9, -42, 0, 0, 188766
-1, 47, 0, 0, 188867
54, 215, 0, 0, 188968
22, -91, 0, 0, 189067
21, -91, 0, 0, 189168
32, 57, 0, 0, 189269
78, 289, 0, 0, 189369
66, 247, 0, 0, 189470
17, -114, 0, 0, 189571
22, -104, 0, 0, 189670
37, 95, 0, 0, 189771
52, 179, 0, 0, 189872
38, 9, 0, 0, 189971
0, -238, 0, 0, 190072
-72, -302, 0, 0, 190173
44, 154, 0, 0, 190273
60, 222, 0, 0, 190374
29, -146, 0, 0, 190474
31, 38, 0, 0, 190574
32, 44, 0, 0, 190675
76, 274, 0, 0, 190775
37, -61, 0, 0, 190876
-19, -320, 0, 0, 190977
-4, 18, 0, 0, 191076
39, 43, 0, 0, 191177
56, 222, 0, 0, 191278
40, -4, 0, 0, 191377
24, -139, 0, 0, 191479
32, 91, 0, 0, 191579
79, 253, 0, 0, 191679
33, 56, 0, 0, 191780
-6, -258, 0, 0, 191881
20, 95, 0, 0, 191980
46, 150, 0, 0, 192081
62, 196, 0, 0, 192182
23, -73, 0, 0, 192281
16, -56, 0, 0, 192382
14, 56, 0, 0, 192483
49, 195, 0, 0, 192583
16, 73, 0, 0, 192684
8, -166, 0, 0, 192785
11, 64, 0, 0, 192884
59, 124, 0, 0, 192985
33, 71, 0, 0, 193086
22, -103, 0, 0, 193186
3, -194, 0, 0, 193286
15, 4, 0, 0, 193387
83, 311, 0, 0, 193487
43, 84, 0, 0, 193588
-38, -280, 0, 0, 193689
-8, -142, 0, 0, 193789
-48, -62, 0, 0, 193889
38, 140, 0, 0, 193989
52, -72, 0, 0, 194090
-122, 18, 0, 0, 194191
107, -133, 0, 0, 194290
31, 166, 1, 0, 194391
178, 332, 1, 0, 194492
94, 370, 1, 0, 194592
-58, -282, 1, 0, 194692
-125, 87, 1, 0, 194794
183, 77, 1, 0, 194893
-20, 40, 1, 0, 194994
-20, -245, 1, 0, 195095
137, 154, 1, 0, 195195
66, 129, 1, 0, 195295
146, 426, 1, 0, 195396
-23, -450, 1, 0, 195496
2, 336, 1, 0, 195596
47, 249, 1, 0, 195697
44, 7, 1, 0, 195797
67, 315, 1, 0, 195898
44, 136, 1, 0, 195999
32, -26, 1, 0, 196098
80, 11, 1, 0, 196199
83, 235, 1, 0, 196300
31, -283, 1, 0, 196400
47, -47, 1, 0, 196501
41, 335, 1, 0, 196601
63, 184, 1, 0, 196701
40, -1, 1, 0, 196802
-12, 8, 1, 0, 196903
-3, -465, 1, 0, 197003
29, 190, 1, 0, 197104
36, 149, 1, 0, 197203
9, -59, 1, 0, 197304
16, 19, 1, 0, 197405
67, -24, 1, 0, 197504
58, -228, 1, 0, 197606
61, 50, 1, 0, 197706
-34, -329, 1, 0, 197806
-26, -254, 1, 0, 197907
71, 296, 1, 0, 198022
21, 207, 1, 0, 198107
0, -332, 1, 0, 198208
22, 6, 1, 0, 198309
79, -13, 1, 0, 198409
54, -24, 1, 0, 198509
56, -32, 1, 0, 198610
2, -78, 1, 0, 198710
-33, 4, 1, 0, 198811
63, 235, 1, 0, 198912
39, 262, 1, 0, 199011
49, -126, 1, 0, 199112
24, -1, 1, 0, 199213
61, 51, 1, 0, 199313
85, -19, 1, 0, 199413
22, 101, 1, 0, 199514
19, -236, 1, 0, 199614
22, 73, 1, 0, 199715
74, 172, 1, 0, 199816
58, 121, 1, 0, 199915
26, -48, 1, 0, 200022
12, 16, 1, 0, 200117
56, 82, 1, 0, 200217
40, 89, 1, 0, 200317
44, 95, 1, 0, 200417
15, -17, 1, 0, 200518
-1, 6, 1, 0, 200619
65, 124, 1, 0, 200719
-4, -134, 1, 0, 200819
18, -72, 1, 0, 200920
55, 59, 1, 0, 201020
30, 68, 1, 0, 201121
96, 367, 1, 0, 201227
60, 154, 1, 0, 201322
15, -298, 1, 0, 201422
24, 17, 1, 0, 201523
79, 190, 1, 0, 201623
31, 86, 1, 0, 201724
45, 3, 1, 0, 201824
21, -290, 1, 0, 201924
64, 179, 1, 0, 202025
58, 142, 1, 0, 202126
35, 63, 1, 0, 202225
1, -337, 1, 0, 202326
-28, 42, 1, 0, 202427
41, 106, 1, 0, 202527
55, 220, 1, 0, 202628
17, -50, 0, 0, 202729
1, -259, 0, 0, 202828
7, 52, 0, 0, 202929
65, 261, 0, 0, 203030
-34, -178, 0, 0, 203129
30, -360, 0, 0, 203230
-11, -99, 0, 0, 203331
31, 272, 0, 0, 203431
74, 153, 0, 0, 203532
-29, -236, 0, 0, 203631
-17, -27, 0, 0, 203732
59, 157, 0, 0, 203833
81, 196, 0, 0, 203933
80, 346, 0, 0, 204033
-27, -389, 0, 0, 204134
8, -109, 0, 0, 204234
63, 293, 0, 0, 204335
106, 200, 0, 0, 204436
-32, -46, 0, 0, 204535
45, 36, 0, 0, 204636
-47, 122, 0, 0, 204737
94, 238, 0, 0, 204837
47, 223, 0, 0, 204938
7, -225, 0, 0, 205039
-59, 64, 0, 0, 205138
7, 159, 0, 0, 205239
139, 357, 0, 0, 205340
45, -18, 0, 0, 205440
13, -15, 0, 0, 205540
54, -4, 0, 0, 205641
48, 119, 0, 0, 205741
140, 193, 0, 0, 205842
42, -285, 0, 0, 205943
-49, 34, 0, 0, 206042
65, 115, 0, 0, 206143
-12, 157, 0, 0, 206244
30, 271, 0, 0, 206344
22, -269, 0, 0, 206444
-15, 40, 0, 0, 206545
69, 155, 0, 0, 206645
13, 48, 0, 0, 206746
-26, -273, 0, 0, 206846
6, -183, 0, 0, 206947
21, 86, 0, 0, 207047
41, 48, 0, 0, 207147
16, -83, 0, 0, 207248
-12, -354, 0, 0, 207349
32, 14, 0, 0, 207448
71, 272, 0, 0, 207549
50, 207, 0, 0, 207650
8, -164, 0, 0, 207750
-2, 19, 0, 0, 207851
64, 142, 0, 0, 207951
2, -96, 0, 0, 208051
44, 42, 0, 0, 208152
-39, -290, 0, 0, 208253
0, 21, 0, 0, 208352
45, 164, 0, 0, 208453
43, 199, 0, 0, 208554
1, -186, 0, 0, 208654
11, -155, 0, 0, 208755
22, 98, 0, 0, 208855
66, 197, 0, 0, 208955
49, 119, 0, 0, 209056
10, -185, 0, 0, 209157
15, -80, 0, 0, 209256
51, 158, 0, 0, 209357
66, 228, 0, 0, 209458
12, -109, 0, 0, 209558
2, -37, 0, 0, 209658
25, 55, 0, 0, 209760
56, 201, 0, 0, 209859
72, 226, 0, 0, 209960
4, -221, 0, 0, 210060
8, -129, 0, 0, 210161
47, 140, 0, 0, 210261
44, 123, 0, 0, 210361
49, 26, 0, 0, 210462
13, -94, 0, 0, 210563
43, 139, 0, 0, 210663
69, 195, 0, 0, 210764
61, 156, 0, 0, 210864
27, -100, 0, 0, 210964
-18, -190, 0, 0, 211065
69, 363, 0, 0, 211166
7, -39, 0, 0, 211265
45, -42, 0, 0, 211366
14, -5, 0, 0, 211467
28, 37, 0, 0, 211566
134, 354, 0, 0, 211668
40, 117, 0, 0, 211768
6, -258, 0, 0, 211868
3, 51, 0, 0, 211968
18, 75, 0, 0, 212070
54, 133, 0, 0, 212169
13, -135, 0, 0, 212270
6, -86, 0, 0, 212371
22, 46, 0, 0, 212471
69, 157, 0, 0, 212571
23, 63, 0, 0, 212672
20, -301, 0, 0, 212772
-18, 48, 0, 0, 212873
33, 142, 0, 0, 212974
42, 156, 0, 0, 213074
28, -16, 0, 0, 213174
10, -187, 0, 0, 213274
-9, -109, 0, 0, 213375
54, 162, 0, 0, 213476
28, -19, 0, 0, 213575
7, -337, 0, 0, 213676
5, -26, 0, 0, 213777
63, 183, 0, 0, 213877
29, 141, 0, 0, 213978
40, -80, 0, 0, 214078
22, -89, 0, 0, 214178
0, 45, 0, 0, 214279
75, 309, 0, 0, 214380
55, 140, 0, 0, 214479
19, -165, 0, 0, 214580
11, 68, 0, 0, 214681
58, 187, 0, 0, 214781
72, 283, 0, 0, 214882
32, -107, 0, 0, 214983
-2, -208, 0, 0, 215082
-44, -55, 0, 0, 215183
36, 222, 0, 0, 215284
53, 58, 0, 0, 215383
42, -73, 0, 0, 215484
21, -17, 0, 0, 215585
51, 171, 0, 0, 215685
69, 145, 0, 0, 215785
40, 16, 0, 0, 215886
21, -189, 0, 0, 215987
1, 98, 0, 0, 216087
36, 117, 0, 0, 216188
43, 220, 0, 0, 216288
-19, -308, 0, 0, 216389
-2, -84, 0, 0, 216488
-23, 94, 0, 0, 216589
42, 128, 0, 0, 216690
69, 165, 0, 0, 216789
-1, -240, 0, 0, 216890
22, 57, 0, 0, 216991
58, 142, 0, 0, 217091
62, 187, 0, 0, 217192
16, -155, 0, 0, 217293
10, 8, 0, 0, 217392
55, -33, 0, 0, 217493
78, 301, 0, 0, 217594
45, 93, 0, 0, 217693
49, -92, 0, 0, 217794
27, 13, 0, 0, 217895
38, 98, 0, 0, 217995
42, 178, 0, 0, 218096
-9, -248, 0, 0, 218197
-12, -124, 0, 0, 218296
30, 61, 0, 0, 218397
118, 408, 0, 0, 218498
32, 152, 0, 0, 218598
29, -85, 0, 0, 218698
-17, -107, 0, 0, 218799
48, 164, 0, 0, 218899
62, 163, 0, 0, 219000
46, -30, 0, 0, 219100
-25, -233, 0, 0, 219200
36, 48, 0, 0, 219301
60, 149, 0, 0, 219402
18, 145, 0, 0, 219502
-5, -132, 0, 0, 219603
17, 109, 0, 0, 219702
59, 181, 0, 0, 219803
50, 183, 0, 0, 219904
21, -165, 0, 0, 220022
4, -229, 0, 0, 220104
29, 101, 0, 0, 220205
61, 176, 0, 0, 220305
54, 103, 0, 0, 220406
15, -133, 0, 0, 220507
13, 24, 0, 0, 220606
64, 212, 0, 0, 220707
62, 247, 0, 0, 220808
48, 65, 0, 0, 220908
0, -211, 0, 0, 221009
20, 108, 0, 0, 221110
80, 323, 0, 0, 221209
30, 56, 0, 0, 221310
6, -238, 0, 0, 221411
-3, -64, 0, 0, 221510
30, 87, 0, 0, 221611
-15, -134, 0, 0, 221712
49, -75, 0, 0, 221812
-49, -318, 0, 0, 221913
5, -28, 0, 0, 222022
106, 337, 0, 0, 222113
66, 128, 0, 0, 222214
0, -178, 0, 0, 222315
0, 19, 0, 0, 222414
61, 164, 0, 0, 222515
36, 134, 0, 0, 222616
35, -86, 0, 0, 222716
-21, -15, 0, 0, 222817
-11, -22, 0, 0, 222916
45, 146, 0, 0, 223017
75, 241, 0, 0, 223118
9, -301, 0, 0, 223218
12, 34, 0, 0, 223318
51, 187, 0, 0, 223420
67, 220, 0, 0, 223519
26, -58, 0, 0, 223620
13, -159, 0, 0, 223721
-18, -48, 0, 0, 223821
54, 109, 0, 0, 223921
116, 282, 0, 0, 224022
34, -120, 0, 0, 224122
26, -24, 0, 0, 224223
25, 45, 0, 0, 224323
69, 252, 0, 0, 224423
51, 84, 0, 0, 224524
22, -144, 0, 0, 224625
4, 27, 0, 0, 224724
63, 222, 0, 0, 224826
53, 151, 0, 0, 224926
36, -100, 0, 0, 225026
50, 111, 0, 0, 225127
51, 106, 0, 0, 225228
-5, -11, 0, 0, 225327
66, 87, 0, 0, 225428
-326, -414, 1, 0, 225529
116, 20, 1, 0, 225629
-344, 298, 1, 0, 225730
-4, 94, 1, 0, 225830
363, -185, 1, 0, 225931
54, -47, 1, 0, 226031
-6, -325, 1, 0, 226131
64, 278, 1, 0, 226231
434, 308, 1, 0, 226332
45, 220, 1, 0, 226432
-5, -67, 1, 0, 226533
35, -161, 1, 0, 226634
29, -61, 1, 0, 226733
-150, -289, 1, 0, 226834
-86, 9, 1, 0, 226935
41, -337, 1, 0, 227035
70, -123, 1, 0, 227136
184, 162, 1, 0, 227240
-272, 40, 1, 0, 227336
-526, 32, 1, 0, 227437
-60, -119, 1, 0, 227538
37, -315, 1, 0, 227638
-219, -163, 1, 0, 227739
26, 14, 1, 0, 227839
355, 29, 1, 0, 227939
-319, -292, 1, 0, 228040
-25, 14, 1, 0, 228140
-70, 89, 1, 0, 228240
94, -6, 1, 0, 228341
182, 13, 1, 0, 228442
-337, -21, 1, 0, 228542
27, 37, 1, 0, 228642
93, -14, 1, 0, 228743
-330, 12, 1, 0, 228843
154, 3, 1, 0, 228944
0, -229, 1, 0, 229044
-347, 15, 1, 0, 229144
22, 39, 1, 0, 229245
-397, 9, 1, 0, 229345
-253, -306, 1, 0, 229446
205, 160, 1, 0, 229546
241, -134, 1, 0, 229646
60, -24, 1, 0, 229747
-323, 10, 1, 0, 229848
246, 162, 1, 0, 229948
434, -452, 1, 0, 230049
42, -233, 1, 0, 230149
4, 267, 1, 0, 230249
244, 332, 1, 0, 230350
447, 234, 1, 0, 230451
79, 99, 1, 0, 230550
61, 36, 1, 0, 230651
275, 64, 1, 0, 230752
0, -318, 1, 0, 230852
48, 211, 1, 0, 230953
-37, 312, 1, 0, 231053
224, 153, 1, 0, 231153
64, -39, 1, 0, 231254
58, 142, 1, 0, 231354
9, 99, 1, 0, 231454
324, 26, 1, 0, 231555
-246, -315, 1, 0, 231656
-152, 333, 1, 0, 231756
286, 93, 1, 0, 231856
67, 260, 1, 0, 231958
-234, 341, 1, 0, 232057
-57, -165, 1, 0, 232158
65, -167, 1, 0, 232259
125, 16, 1, 0, 232358
169, 397, 1, 0, 232459
326, 259, 1, 0, 232559
-85, 1, 1, 0, 232660
-234, 399, 1, 0, 232761
-27, 130, 1, 0, 232860
2, 100, 1, 0, 232961
-498, -36, 1, 0, 233062
312, 175, 1, 0, 233162
95, 34, 1, 0, 233262
412, 368, 1, 0, 233363
156, 130, 1, 0, 233463
109, 43, 1, 0, 233564
-256, 67, 1, 0, 233665
157, -179, 1, 0, 233765
29, 52, 1, 0, 233865
-63, 121, 1, 0, 233966
-225, 320, 1, 0, 234066
431, -43, 1, 0, 234167
3, 100, 1, 0, 234267
-33, 178, 1, 0, 234367
-466, 238, 1, 0, 234468
26, 132, 1, 0, 234569
275, 394, 1, 0, 234669
347, 34, 1, 0, 234769
158, 47, 1, 0, 234870
89, 148, 1, 0, 234970
-299, -41, 1, 0, 235071
170, 137, 1, 0, 235171
-19, -194, 1, 0, 235271
218, -15, 1, 0, 235372
13, -155, 1, 0, 235473
116, 40, 1, 0, 235573
17, 66, 1, 0, 235674
39, -160, 1, 0, 235773
-209, 222, 1, 0, 235874
-553, 11, 1, 0, 235975
375, 142, 1, 0, 236075
-155, 193, 1, 0, 236175
-315, -223, 1, 0, 236276
11, 175, 1, 0, 236376
-393, 171, 1, 0, 236477
430, -423, 1, 0, 236578
158, 129, 1, 0, 236678
11, 44, 1, 0, 236778
70, -142, 1, 0, 236879
175, 14, 1, 0, 236979
274, 23, 1, 0, 237080
-35, 389, 1, 0, 237180
135, 67, 1, 0, 237280
229, 38, 1, 0, 237381
33, 23, 1, 0, 237482
105, 126, 1, 0, 237581
161, 35, 1, 0, 237682
110, 20, 1, 0, 237783
-17, 193, 1, 0, 237883
-1, -68, 1, 0, 237983
-223, -137, 1, 0, 238084
172, 67, 1, 0, 238184
287, 122, 1, 0, 238285
-9, 217, 1, 0, 238386
207, 1, 0, 0, 238485
221, -12, 0, 0, 238587
-289, -131, 0, 0, 238687
39, 366, 0, 0, 238787
-19, 102, 0, 0, 238887
-22, -205, 1, 0, 238987
1, 215, 1, 0, 239088
-23, -76, 1, 0, 239189
25, 43, 1, 0, 239289
-217, 144, 1, 0, 239390
-87, 164, 1, 0, 239491
150, 6, 1, 0, 239590
-65, 121, 1, 0, 239691
-153, 288, 1, 0, 239792
33, 62, 1, 1, 239891
214, 381, 1, 1, 239992
-1, -443, 1, 1, 240093
-189, -628, 1, 1, 240193
415, 60, 1, 1, 240294
-277, -435, 1, 1, 240395
-117, -382, 1, 1, 240494
22, 51, 1, 1, 240595
38, 43, 1, 1, 240696
401, 57, 1, 1, 240796
162, 53, 1, 1, 240896
-70, -110, 1, 1, 240997
130, -206, 1, 1, 241097
98, 0, 1, 1, 241198
78, 116, 1, 1, 241299
-34, 35, 1, 1, 241398
205, 35, 1, 1, 241499
-167, 46, 1, 1, 241600
-16, 17, 1, 1, 241699
-4, 192, 1, 1, 241800
56, 173, 1, 1, 241901
-74, 110, 1, 1, 242021
171, -130, 1, 1, 242102
-78, -8, 1, 1, 242201
-132, -3, 0, 1, 242303
29, 428, 0, 1, 242403
-156, 17, 0, 1, 242503
109, 26, 0, 1, 242604
309, -422, 1, 1, 242705
18, 42, 1, 1, 242804
26, -19, 1, 1, 242905
144, 256, 1, 1, 243006
302, 39, 1, 1, 243106
-192, -76, 1, 1, 243206
111, 71, 1, 1, 243307
-417, 61, 1, 1, 243407
56, 214, 1, 1, 243508
46, 44, 1, 0, 243609
7, 159, 1, 0, 243708
353, 15, 1, 0, 243809
-238, -76, 1, 0, 243910
-197, -245, 1, 0, 244022
189, 54, 1, 0, 244110
-410, -69, 1, 0, 244212
-384, -138, 1, 0, 244311
126, 16, 1, 0, 244412
-22, -370, 1, 0, 244513
270, 16, 1, 0, 244612
112, 8, 1, 0, 244713
284, -48, 1, 0, 244814
121, -29, 1, 0, 244914
249, -212, 1, 0, 245015
362, 273, 1, 0, 245115
52, 205, 1, 0, 245215
132, -9, 1, 0, 245316
-113, 80, 1, 0, 245416
118, -117, 1, 0, 245517
-8, 75, 1, 0, 245617
51, 123, 1, 0, 245717
237, 129, 0, 0, 245818
16, 64, 0, 0, 245919
-51, 119, 0, 0, 246022
-12, 17, 0, 0, 246119
12, -160, 1, 0, 246220
-226, 36, 1, 0, 246320
28, -12, 1, 0, 246420
115, 53, 1, 0, 246521
-277, 126, 1, 0, 246621
399, 91, 1, 0, 246722
404, 176, 1, 0, 246823
379, -59, 1, 0, 246923
56, 217, 1, 0, 247023
125, -56, 1, 0, 247124
19, 40, 1, 0, 247224
-268, 115, 1, 0, 247325
-11, 166, 1, 0, 247425
209, -26, 1, 0, 247525
338, 61, 1, 0, 247626
-276, -6, 1, 0, 247727
184, 85, 1, 0, 247827
-325, -52, 1, 0, 247928
17, 248, 1, 0, 248028
-40, -103, 1, 0, 248128
9, 34, 1, 0, 248229
32, 298, 1, 0, 248330
-3, 131, 1, 0, 248429
131, 22, 1, 0, 248530
41, -13, 1, 0, 248630
201, 172, 1, 0, 248731
60, 120, 1, 0, 248832
209, -6, 1, 0, 248931
275, 142, 1, 0, 249032
330, 18, 1, 0, 249133
-473, -85, 1, 0, 249233
93, -37, 1, 0, 249333
27, -34, 1, 0, 249434
-11, 135, 1, 0, 249534
182, 36, 1, 0, 249635
1, 328, 1, 0, 249735
123, 100, 1, 0, 249835
-14, 44, 1, 0, 249936
110, 85, 1, 0, 250037
-244, -4, 1, 0, 250137
-156, 136, 1, 0, 250238
-287, 161, 1, 0, 250339
-226, 10, 1, 0, 250438
-35, 113, 1, 0, 250539
55, 86, 1, 0, 250640
-67, 157, 1, 0, 250740
400, -41, 1, 0, 250840
76, 8, 1, 0, 250941
-163, 294, 1, 0, 251041
186, 182, 1, 0, 251142
-16, -177, 1, 0, 251243
246, 101, 1, 0, 251342
60, -265, 1, 0, 251443
-51, 83, 1, 0, 251543
-12, -166, 1, 0, 251644
-173, 172, 1, 0, 251744
163, -154, 1, 0, 251844
-18, -48, 1, 0, 251945
-28, 75, 1, 0, 252045
-252, 12, 1, 0, 252145
178, 102, 1, 1, 252247
156, -91, 1, 1, 252347
36, 334, 1, 1, 252447
63, -71, 1, 1, 252548
-86, -9, 1, 1, 252648
117, 72, 1, 1, 252748
-3, -232, 1, 1, 252849
168, -108, 1, 1, 252950
-368, 44, 1, 1, 253050
3, 49, 1, 1, 253150
-148, -19, 1, 1, 253253
41, 211, 1, 1, 253351
195, 70, 1, 1, 253452
-34, 171, 1, 1, 253552
-88, 84, 1, 1, 253652
3, 193, 1, 1, 253753
104, 21, 1, 1, 253853
74, 8, 1, 1, 253953
54, -1, 1, 1, 254054
369, -43, 1, 1, 254155
213, -25, 1, 1, 254255
203, 50, 1, 1, 254356
122, 132, 1, 1, 254457
149, 125, 1, 1, 254557
305, 33, 1, 1, 254657
240, 39, 1, 1, 254758
-35, 124, 1, 1, 254858
50, 213, 1, 1, 254959
212, 190, 1, 1, 255058
125, 133, 1, 1, 255159
-120, 53, 1, 0, 255260
45, 387, 1, 0, 255360
13, -129, 1, 0, 255460
-232, -8, 1, 0, 255561
208, 295, 1, 0, 255661
168, 293, 1, 0, 255762
-138, 352, 1, 0, 255863
249, -77, 1, 0, 255963
-237, -220, 1, 0, 256063
206, 0, 1, 0, 256164
-33, 23, 1, 0, 256264
29, 49, 1, 0, 256365
-282, 259, 1, 0, 256466
186, 108, 1, 0, 256565
145, 15, 1, 0, 256666
172, 47, 1, 0, 256767
26, 59, 1, 0, 256866
-228, 215, 1, 0, 256967
-156, 86, 1, 0, 257068
35, 116, 1, 0, 257168
-149, -105, 1, 0, 257269
85, -114, 1, 0, 257369
60, 159, 1, 0, 257469
78, 26, 1, 0, 257570
56, -24, 1, 0, 257671
411, -165, 1, 0, 257771
130, 27, 1, 0, 257871
58, -224, 1, 0, 257972
311, -75, 1, 0, 258072
64, 87, 1, 0, 258173
143, -45, 1, 0, 258273
-209, -342, 1, 0, 258373
-35, 23, 1, 0, 258474
-90, 122, 1, 0, 258574
105, 10, 1, 0, 258675
188, 37, 1, 0, 258776
-167, -126, 1, 0, 258876
-66, 9, 1, 0, 258976
-322, -18, 1, 0, 259077
243, 195, 1, 0, 259176
44, 318, 1, 0, 259277
-15, 149, 1, 0, 259378
428, -9, 1, 0, 259478
193, -134, 1, 0, 259579
189, 111, 1, 0, 259680
-33, 315, 1, 0, 259779
215, 206, 1, 0, 259880
107, 151, 1, 0, 259981
131, 152, 1, 0, 260081
79, -183, 1, 0, 260182
-173, -20, 1, 0, 260282
-363, 118, 1, 0, 260382
287, -70, 1, 0, 260483
174, -78, 1, 0, 260584
-35, 74, 1, 0, 260683
234, -27, 1, 0, 260784
298, -130, 1, 0, 260885
75, 161, 1, 0, 260984
-366, -93, 1, 0, 261086
-224, 149, 1, 0, 261186
-222, 100, 1, 0, 261286
-104, -16, 1, 0, 261387
134, 89, 1, 0, 261487
-373, 206, 1, 0, 261588
66, 204, 1, 0, 261688
3, 110, 1, 0, 261788
-191, 53, 1, 0, 261889
170, 99, 1, 0, 261989
12, 5, 1, 0, 262089
154, 117, 1, 0, 262190
-11, -19, 1, 0, 262291
64, 2, 1, 0, 262391
32, 174, 1, 0, 262492
436, -73, 1, 0, 262592
38, 230, 1, 0, 262692
81, 181, 1, 0, 262793
63, 134, 1, 0, 262893
19, -315, 1, 0, 262993
35, -148, 1, 0, 263094
22, 342, 1, 0, 263195
-8, 57, 1, 0, 263295
395, 84, 1, 0, 263396
63, 25, 1, 0, 263496
-5, -122, 1, 0, 263596
-189, 222, 1, 0, 263697
228, 397, 1, 0, 263798
-210, 4, 1, 0, 263897
94, -14, 1, 0, 263998
-100, -37, 1, 0, 264099
95, 399, 1, 0, 264199
-135, -7, 1, 0, 264300
-41, 128, 1, 0, 264400
214, 97, 1, 0, 264500
117, 372, 1, 0, 264601
14, 26, 1, 0, 264701
123, 50, 1, 0, 264802
-61, 161, 1, 0, 264902
218, 33, 1, 0, 265002
227, -296, 1, 0, 265103
-36, -123, 1, 0, 265204
80, 178, 1, 0, 265303
12, -11, 1, 0, 265404
241, 196, 1, 0, 265505
11, 92, 1, 0, 265605
174, 93, 1, 0, 265705
180, 163, 1, 0, 265806
-115, 285, 1, 0, 265906
-454, -476, 1, 0, 266022
152, -99, 1, 0, 266108
-21, 19, 1, 0, 266208
4, 165, 1, 0, 266308
30, 58, 1, 0, 266409
34, 173, 1, 0, 266509
200, 139, 1, 0, 266610
-59, 3, 1, 0, 266711
-103, 181, 1, 0, 266811
157, 36, 1, 0, 266911
-127, 151, 1, 0, 267012
68, -4, 1, 0, 267111
74, -65, 1, 0, 267212
-226, 94, 1, 0, 267313
-170, 16, 1, 0, 267413
141, -255, 1, 0, 267514
-42, 47, 1, 0, 267614
374, 67, 1, 0, 267715
-8, 29, 1, 0, 267815
110, 87, 1, 0, 267915
15, -216, 1, 0, 268022
11, 197, 1, 0, 268116
-32, -128, 1, 0, 268216
55, -436, 1, 0, 268317
115, 46, 1, 0, 268418
-46, -111, 1, 0, 268518
12, -173, 1, 0, 268618
83, 60, 1, 0, 268719
0, 58, 1, 0, 268819
-60, 9, 1, 0, 268920
-111, 264, 1, 0, 269021
-154, 0, 1, 1, 269120
121, -133, 1, 1, 269221
-238, -69, 1, 1, 269322
40, 33, 1, 1, 269422
-3, 61, 1, 1, 269522
-153, 8, 1, 1, 269623
70, 93, 1, 1, 269723
176, -236, 1, 1, 269824
40, -73, 1, 1, 269924
52, 247, 1, 1, 270025
12, 158, 1, 1, 270125
77, 159, 1, 1, 270226
15, 123, 1, 1, 270326
57, -3, 1, 1, 270427
138, 30, 1, 1, 270527
68, 168, 1, 1, 270627
-46, 189, 1, 1, 270728
70, -103, 1, 1, 270829
-20, 6, 1, 1, 270928
183, -10, 1, 1, 271029
-7, 107, 1, 1, 271129
-131, -10, 1, 1, 271230
133, -31, 0, 1, 271331
-4, 9, 0, 1, 271430
40, -94, 0, 1, 271531
60, 17, 0, 1, 271632
2, -12, 0, 1, 271732
55, -18, 0, 1, 271833
70, 98, 0, 1, 271934
51, 223, 0, 1, 272033
0, -80, 0, 1, 272134
18, 97, 0, 1, 272235
98, 57, 0, 0, 272334
-1, 86, 0, 0, 272435
-16, 118, 0, 0, 272536
27, 93, 0, 0, 272636
34, 92, 0, 0, 272736
137, 195, 0, 0, 272838
43, 41, 0, 0, 272937
61, 25, 0, 0, 273038
30, 212, 0, 0, 273139
-4, -4, 0, 0, 273239
46, 0, 0, 0, 273339
68, 67, 0, 0, 273440
90, 21, 0, 0, 273540
80, -7, 0, 0, 273640
131, -102, 0, 0, 273742
48, 39, 0, 0, 273841
-93, 12, 0, 0, 273942
58, 19, 0, 0, 274043
46, -190, 0, 0, 274143
19, 37, 0, 0, 274243
-182, -165, 0, 0, 274343
107, 88, 0, 0, 274444
238, 233, 0, 0, 274545
106, -195, 0, 0, 274645
67, 86, 0, 0, 274745
335, 323, 0, 0, 274846
-274, 110, 1, 0, 274946
56, 71, 1, 0, 275047
-359, 67, 1, 0, 275147
52, 10, 1, 0, 275247
39, 65, 1, 0, 275348
220, -109, 1, 0, 275449
-256, 158, 1, 0, 275549
-520, 68, 1, 0, 275650
-299, 117, 1, 0, 275751
12, 81, 1, 0, 275850
211, -59, 1, 0, 275951
1, -14, 1, 0, 276051
381, 253, 1, 0, 276151
-372, -148, 1, 0, 276252
126, -47, 1, 0, 276353
-131, 39, 1, 0, 276453
-142, -22, 1, 0, 276554
-478, 35, 1, 0, 276654
-84, 44, 1, 0, 276754
31, 0, 1, 0, 276855
-391, 75, 1, 0, 276956
-26, 29, 1, 0, 277055
92, 60, 1, 0, 277156
-53, -45, 1, 0, 277257
-203, 54, 1, 0, 277357
142, 193, 1, 0, 277458
-137, 38, 1, 0, 277557
107, -126, 1, 0, 277658
425, -27, 1, 0, 277759
-121, 113, 1, 0, 277859
1, -65, 1, 0, 277959
406, 34, 1, 0, 278061
187, 114, 1, 0, 278160
-407, 150, 1, 0, 278261
130, 313, 1, 0, 278362
48, 23, 1, 0, 278462
132, 52, 1, 0, 278563
53, -118, 1, 0, 278663
388, 130, 1, 0, 278763
-1, 90, 1, 0, 278863
-404, 9, 1, 0, 278964
32, 28, 1, 0, 279064
-256, -13, 1, 0, 279165
111, -1, 1, 0, 279266
-75, -36, 1, 0, 279366
79, -226, 1, 0, 279467
-182, 31, 1, 0, 279567
79, 235, 1, 0, 279667
8, 350, 1, 0, 279767
-34, 230, 1, 0, 279868
115, 28, 1, 0, 279968
-426, -208, 1, 0, 280069
-67, 68, 1, 0, 280170
-123, -34, 1, 0, 280270
65, 39, 1, 0, 280370
-406, -226, 1, 0, 280471
404, -22, 1, 0, 280571
-55, -160, 1, 0, 280672
-263, -129, 1, 0, 280772
26, -97, 1, 0, 280872
137, 170, 1, 0, 280973
60, 221, 1, 0, 281073
-303, 34, 1, 0, 281174
-117, 59, 1, 0, 281274
110, 93, 1, 0, 281374
36, 50, 1, 0, 281475
-12, 176, 1, 0, 281576
108, -61, 1, 0, 281676
-202, -23, 1, 0, 281777
269, -64, 1, 0, 281877
209, 169, 1, 0, 281977
-35, 57, 1, 0, 282078
-398, 159, 1, 0, 282179
265, -35, 1, 0, 282278
-309, 117, 1, 0, 282379
-445, 0, 1, 0, 282480
27, 83, 1, 0, 282580
284, -179, 1, 0, 282681
199, 60, 1, 0, 282781
39, -14, 1, 0, 282881
32, 128, 1, 0, 282982
-395, -71, 1, 0, 283083
-151, 0, 1, 0, 283183
-497, 98, 1, 0, 283284
-459, 77, 1, 0, 283384
322, -71, 1, 0, 283484
391, 11, 1, 0, 283585
88, -53, 1, 0, 283685
84, 116, 1, 0, 283785
62, -41, 1, 0, 283886
186, 231, 1, 0, 283986
-428, 70, 1, 0, 284086
-8, 72, 1, 0, 284187
6, -81, 1, 0, 284287
18, -107, 1, 0, 284388
-222, -23, 1, 0, 284489
11, -308, 1, 0, 284588
94, -61, 1, 0, 284689
353, -98, 1, 0, 284790
54, 4, 1, 0, 284890
275, 250, 1, 0, 284991
142, 170, 1, 0, 285092
-101, -78, 1, 0, 285191
-324, 198, 1, 0, 285292
132, 108, 1, 0, 285393
-224, -91, 1, 0, 285492
14, 125, 1, 0, 285593
192, 31, 1, 0, 285694
-35, 31, 1, 0, 285794
-259, -4, 1, 0, 285895
199, 197, 1, 0, 285995
264, 253, 1, 0, 286095
41, 213, 1, 0, 286196
20, 99, 1, 0, 286297
164, 106, 1, 0, 286397
397, -83, 1, 0, 286497
385, 69, 1, 0, 286598
374, 72, 1, 0, 286698
47, -11, 1, 0, 286799
59, 134, 1, 0, 286900
223, -187, 1, 0, 287000
52, 52, 1, 0, 287100
17, -98, 1, 0, 287200
35, 129, 1, 0, 287301
-349, -19, 1, 0, 287401
49, 66, 1, 0, 287501
39, -82, 1, 0, 287602
156, 92, 1, 0, 287703
-13, 5, 1, 0, 287803
-6, 138, 1, 0, 287903
-106, 206, 1, 0, 288022
43, 58, 1, 0, 288104
250, 40, 1, 0, 288205
409, 129, 1, 0, 288306
241, 76, 1, 0, 288405
-358, 99, 1, 0, 288506
179, 116, 1, 0, 288607
11, 55, 1, 0, 288706
317, 100, 1, 0, 288808
-94, 128, 1, 0, 288909
-255, 70, 1, 0, 289008
-99, 109, 1, 0, 289109
45, -13, 1, 0, 289210
394, 58, 1, 0, 289309
2, -5, 1, 0, 289410
-30, -39, 1, 0, 289511
50, 17, 1, 0, 289611
378, -243, 1, 0, 289712
-24, 40, 1, 0, 289812
8, -308, 1, 0, 289912
257, 100, 1, 0, 290021
202, 87, 1, 0, 290114
410, 227, 1, 0, 290214
352, 230, 1, 0, 290315
-40, 0, 1, 0, 290414
79, -14, 1, 0, 290515
-92, 27, 1, 0, 290616
-152, -3, 1, 0, 290715
100, 110, 1, 0, 290816
254, 109, 1, 0, 290917
314, 67, 1, 0, 291017
-111, -16, 1, 0, 291118
49, -103, 1, 0, 291218
0, -129, 1, 0, 291318
40, 73, 1, 0, 291419
-126, -53, 1, 0, 291520
-280, -13, 1, 0, 291620
31, 41, 1, 0, 291720
-33, -6, 1, 0, 291821
-131, 38, 1, 0, 291921
-421, 138, 1, 0, 292022
147, 113, 1, 0, 292122
302, -140, 1, 0, 292222
399, 171, 1, 0, 292323
52, 50, 1, 0, 292423
182, 199, 1, 0, 292523
184, 145, 1, 0, 292624
-30, 89, 1, 0, 292725
113, 54, 1, 0, 292825
120, -11, 1, 0, 292926
-224, -16, 1, 0, 293027
-379, -7, 1, 0, 293126
126, -42, 1, 0, 293228
9, -41, 1, 0, 293328
401, -175, 1, 0, 293428
21, 197, 1, 0, 293528
-210, -2, 1, 0, 293628
-158, -128, 1, 0, 293729
-57, 290, 1, 0, 293830
21, 0, 1, 0, 293929
183, 340, 1, 0, 294031
89, 125, 1, 0, 294131
20, 135, 1, 0, 294231
-61, -27, 1, 0, 294332
-91, 11, 1, 0, 294433
267, 86, 1, 0, 294533
-300, -43, 1, 0, 294633
280, 123, 1, 0, 294734
-155, 27, 1, 0, 294834
6, -55, 1, 0, 294934
-107, -90, 1, 0, 295036
14, 154, 1, 0, 295135
-9, -86, 1, 0, 295236
161, 128, 1, 0, 295337
-23, 207, 1, 0, 295436
-83, 14, 1, 0, 295537
143, 54, 1, 0, 295638
-91, 240, 1, 0, 295738
265, 127, 1, 0, 295839
-175, -321, 1, 0, 295940
219, 106, 1, 0, 296039
-107, -21, 1, 0, 296140
191, -40, 1, 0, 296241
-65, -242, 1, 0, 296340
-16, 238, 1, 0, 296441
-56, -63, 1, 0, 296542
87, -72, 1, 0, 296642
364, 20, 1, 0, 296743
-46, 5, 1, 0, 296842
-123, 137, 1, 0, 296943
288, -18, 1, 0, 297044
189, 108, 1, 0, 297144
37, 229, 1, 0, 297245
6, -159, 1, 0, 297345
365, 47, 1, 0, 297445
374, 207, 1, 0, 297546
282, 157, 1, 0, 297647
59, 62, 1, 0, 297747
54, -13, 1, 0, 297847
-325, -51, 1, 0, 297948
27, 11, 1, 0, 298048
-111, 141, 1, 0, 298149
-154, 157, 1, 0, 298250
-314, 116, 1, 0, 298349
-65, 10, 1, 0, 298450
-11, 131, 1, 0, 298551
214, -15, 1, 0, 298650
-81, -300, 1, 0, 298751
362, 10, 1, 0, 298852
153, -107, 1, 0, 298952
382, -207, 1, 0, 299053
-25, 83, 1, 0, 299153
276, 127, 1, 0, 299253
106, 128, 1, 0, 299354
270, -172, 1, 0, 299455
-316, 130, 1, 0, 299555
187, 240, 1, 0, 299656
245, 105, 1, 0, 299756
272, 47, 1, 0, 299856
161, 62, 1, 0, 299957
13, -19, 1, 0, 300057
16, -80, 1, 0, 300158
267, -82, 1, 0, 300258
304, -174, 1, 0, 300358
-36, -76, 1, 0, 300459
39, -60, 1, 0, 300560
-63, -94, 1, 0, 300659
104, 293, 1, 0, 300760
26, 40, 1, 0, 300861
327, -16, 1, 0, 300961
50, 10, 1, 0, 301061
-116, 88, 1, 0, 301162
-332, 44, 1, 0, 301262
-97, -145, 1, 0, 301363
-295, -274, 1, 0, 301464
-98, 53, 1, 0, 301563
36, 55, 1, 0, 301664
280, 10, 1, 0, 301765
252, 98, 1, 0, 301865
414, 246, 1, 0, 301965
36, -3, 1, 0, 302066
-87, 252, 1, 0, 302166
9, -59, 1, 0, 302267
-299, 78, 1, 0, 302368
-15, 52, 1, 0, 302467
-152, 74, 1, 0, 302568
-225, -11, 1, 0, 302669
381, -152, 1, 0, 302769
130, -95, 1, 0, 302870
35, 7, 1, 0, 302970
121, -22, 1, 0, 303070
-199, 24, 1, 0, 303171
35, 78, 1, 0, 303271
-19, 66, 1, 0, 303372
157, -146, 1, 0, 303473
-27, -60, 1, 0, 303572
281, 73, 1, 0, 303673
-5, 120, 1, 0, 303774
220, 126, 1, 0, 303874
-151, 121, 1, 0, 303974
378, 99, 1, 0, 304075
-43, 47, 1, 0, 304175
-415, -32, 1, 0, 304276
-45, -10, 1, 0, 304377
-36, 158, 1, 0, 304476
0, 30, 1, 0, 304577
-190, 71, 1, 0, 304678
92, -24, 1, 0, 304778
0, 3, 1, 0, 304878
-182, 67, 1, 0, 304979
82, 12, 1, 0, 305079
252, 28, 1, 0, 305180
135, -161, 1, 0, 305281
-276, 135, 1, 0, 305380
-3, -2, 1, 0, 305481
-176, -168, 1, 0, 305582
10, -115, 1, 0, 305682
-175, 78, 1, 0, 305783
395, 92, 1, 0, 305883
-207, 73, 1, 0, 305983
355, 131, 1, 0, 306084
377, 124, 1, 0, 306185
-38, 221, 1, 0, 306284
-130, 71, 1, 0, 306385
-156, 151, 1, 0, 306485
212, -28, 1, 0, 306586
141, 259, 1, 0, 306687
195, 187, 1, 0, 306786
-90, -92, 1, 0, 306887
-50, -274, 1, 0, 306988
215, -389, 1, 0, 307088
162, -84, 1, 0, 307189
94, -84, 1, 0, 307289
5, 315, 1, 0, 307389
118, 95, 1, 0, 307490
35, 169, 1, 0, 307590
62, 17, 1, 0, 307690
76, 121, 1, 0, 307791
7, -138, 1, 0, 307892
11, 59, 1, 0, 307991
-21, 12, 1, 0, 308093
-114, 14, 1, 0, 308193
-4, 276, 1, 0, 308293
26, 368, 1, 0, 308394
-155, 379, 1, 0, 308495
-135, -250, 1, 0, 308594
-90, -202, 1, 0, 308695
-342, 42, 1, 0, 308796
105, -137, 1, 0, 308896
-403, -247, 1, 0, 308997
-346, 110, 1, 0, 309098
-326, 329, 1, 0, 309197
367, 315, 1, 0, 309298
-130, -268, 1, 0, 309399
-109, -326, 1, 0, 309499
1, 29, 1, 0, 309599
-29, 104, 1, 0, 309699
265, 15, 1, 0, 309800
25, 19, 1, 0, 309901
118, 374, 1, 0, 310000
-14, -286, 1, 0, 310101
254, 78, 1, 0, 310202
142, -346, 1, 0, 310302
-10, 258, 1, 0, 310402
-110, 11, 1, 0, 310503
-17, 59, 1, 0, 310603
-57, -126, 1, 0, 310704
-83, -218, 1, 0, 310805
31, 111, 1, 0, 310905
58, 161, 1, 0, 311005
133, 94, 1, 0, 311106
-108, -18, 1, 0, 311206
-11, -182, 1, 0, 311307
67, 183, 1, 0, 311407
93, 203, 1, 0, 311507
134, 53, 1, 0, 311608
-242, -206, 1, 0, 311709
64, 125, 1, 0, 311809
-52, 218, 1, 0, 311909
182, -60, 1, 0, 312022
-379, -445, 1, 0, 312110
-446, -272, 1, 0, 312211
325, 268, 1, 0, 312312
318, 372, 1, 0, 312412
-350, -300, 1, 0, 312513
-275, -21, 1, 0, 312613
76, 127, 1, 0, 312712
-376, 396, 1, 0, 312813
17, -127, 1, 0, 312913
2, 42, 1, 0, 313014
7, 45, 1, 0, 313114
-12, 182, 1, 0, 313214
-13, 209, 1, 0, 313315
-7, -233, 1, 0, 313416
-13, -43, 1, 0, 313516
66, 149, 1, 0, 313617
58, 158, 1, 0, 313718
42, 27, 1, 0, 313817
-18, -329, 1, 0, 313918
-19, -13, 1, 0, 314022
72, 255, 1, 0, 314119
40, 202, 1, 0, 314220
51, -21, 1, 0, 314320
0, -112, 1, 0, 314420
-24, 30, 1, 0, 314521
94, 255, 1, 0, 314622
63, 85, 1, 0, 314722
-19, -198, 1, 0, 314822
0, 20, 1, 0, 314923
61, 175, 1, 0, 315023
88, 206, 1, 0, 315124
62, -62, 1, 0, 315225
25, -36, 1, 0, 315324
-27, 120, 1, 0, 315425
101, 291, 0, 0, 315526
67, 160, 0, 0, 315625
12, -97, 0, 0, 315726
20, -41, 0, 0, 315827
33, 6, 0, 0, 315927
199, 395, 0, 0, 316028
-85, -427, 0, 0, 316128
5, -249, 0, 0, 316228
2, 94, 0, 0, 316329
55, 144, 0, 0, 316429
129, 283, 0, 0, 316530
-170, -251, 0, 0, 316631
8, -50, 0, 0, 316730
31, 68, 0, 0, 316831
-37, 192, 0, 0, 316932
-42, -96, 0, 0, 317031
-58, -217, 0, 0, 317132
-20, 138, 0, 0, 317233
-26, 161, 0, 0, 317333
129, 89, 0, 0, 317434
-99, -239, 0, 0, 317534
2, -63, 0, 0, 317634
1, 153, 0, 0, 317735
144, 361, 0, 0, 317836
45, -66, 0, 0, 317936
48, 115, 0, 0, 318036
0, 79, 0, 0, 318137
109, 215, 0, 0, 318237
143, 167, 0, 0, 318338
238, -204, 0, 0, 318439
-122, 15, 0, 0, 318538
81, 142, 0, 0, 318639
327, 147, 0, 0, 318740
141, -11, 0, 0, 318840
271, -132, 0, 0, 318941
90, 26, 0, 0, 319041
292, 222, 0, 0, 319141
-304, 139, 0, 0, 319242
-378, -233, 0, 0, 319342
-219, -10, 1, 0, 319442
49, 57, 1, 0, 319543
440, 131, 1, 0, 319643
14, 19, 1, 0, 319743
23, -58, 1, 0, 319845
-477, 108, 1, 0, 319945
63, 86, 1, 0, 320045
-167, 128, 1, 0, 320146
184, -227, 1, 0, 320246
40, -163, 1, 0, 320347
-156, -6, 1, 0, 320448
-83, 159, 1, 0, 320547
145, -238, 1, 0, 320648
