-73, 40, 0, 0, 8
24, 16, 0, 0, 8
4, 24, 0, 0, 172
77, 120, 0, 0, 172
-2, -168, 0, 0, 268
40, 32, 0, 0, 369
-1, 80, 0, 0, 469
8, -14, 0, 0, 569
173, 335, 0, 0, 671
-7, -82, 0, 0, 770
19, -7, 0, 0, 871
7, 56, 0, 0, 971
44, 42, 0, 0, 1071
71, 47, 0, 0, 1172
11, -4, 0, 0, 1272
17, 47, 0, 0, 1373
5, 19, 0, 0, 1474
79, 104, 0, 0, 1574
5, -38, 0, 0, 1674
19, 4, 0, 0, 1775
4, 19, 0, 0, 1875
50, 57, 0, 0, 1975
60, -11, 0, 0, 2077
22, -30, 0, 0, 2176
13, 21, 0, 0, 2277
22, 84, 0, 0, 2378
116, 163, 0, 0, 2478
27, -9, 0, 0, 2578
0, -8, 0, 0, 2679
-19, -20, 0, 0, 2779
43, 77, 0, 0, 2880
81, 81, 0, 0, 2982
15, -158, 0, 0, 3080
2, -32, 0, 0, 3181
16, 78, 0, 0, 3282
73, 75, 0, 0, 3381
79, 82, 0, 0, 3482
1, -49, 0, 0, 3583
-12, -27, 0, 0, 3683
13, 4, 0, 0, 3784
98, 137, 0, 0, 3885
32, 10, 0, 0, 3984
-51, -165, 0, 0, 4085
57, 166, 0, 0, 4185
76, 105, 0, 0, 4286
50, 85, 0, 0, 4386
20, -1, 0, 0, 4486
-11, -4, 0, 0, 4587
60, 172, 0, 0, 4688
105, 171, 0, 0, 4788
41, 23, 0, 0, 4888
39, 45, 0, 0, 4989
35, 86, 0, 0, 5089
70, 96, 0, 0, 5190
53, 51, 0, 0, 5290
-78, 51, 0, 0, 5391
-31, -39, 0, 0, 5491
-117, -287, 0, 0, 5592
82, 127, 0, 0, 5692
125, 193, 0, 0, 5793
19, 21, 0, 0, 5893
49, 163, 0, 0, 5993
91, 155, 0, 0, 6094
63, 77, 0, 0, 6195
15, -17, 0, 0, 6294
-34, -69, 0, 0, 6395
4, -19, 0, 0, 6496
42, 29, 0, 0, 6596
41, 55, 0, 0, 6697
-10, -85, 0, 0, 6797
2, 47, 0, 0, 6897
57, 66, 0, 0, 6998
67, 76, 0, 0, 7098
10, -29, 0, 0, 7198
-9, -46, 0, 0, 7299
27, 69, 0, 0, 7399
62, 79, 0, 0, 7500
61, 45, 0, 0, 7601
16, -30, 0, 0, 7700
1, 38, 0, 0, 7801
38, 45, 0, 0, 7902
72, 74, 0, 0, 8024
52, 41, 0, 0, 8103
-27, -23, 0, 0, 8203
-10, 33, 0, 0, 8303
67, 60, 0, 0, 8404
32, 26, 0, 0, 8505
-7, -36, 0, 0, 8604
7, 26, 0, 0, 8705
70, 101, 0, 0, 8806
60, 65, 0, 0, 8906
-4, -28, 0, 0, 9007
-14, -28, 0, 0, 9107
30, 77, 0, 0, 9207
76, 94, 0, 0, 9308
54, 70, 0, 0, 9409
2, 7, 0, 0, 9508
5, 33, 0, 0, 9609
51, 110, 0, 0, 9710
78, 107, 0, 0, 9810
35, 1, 0, 0, 9910
-88, -228, 0, 0, 10022
30, 162, 0, 0, 10112
72, 137, 0, 0, 10212
69, 71, 0, 0, 10313
0, -62, 0, 0, 10413
-104, 4, 0, 0, 10513
56, 89, 0, 0, 10613
-18, -185, 0, 0, 10714
26, -13, 0, 0, 10815
-11, 75, 0, 0, 10914
-9, 21, 0, 0, 11015
163, 235, 0, 0, 11117
53, 56, 0, 0, 11216
8, -26, 0, 0, 11317
-34, -62, 0, 0, 11418
32, 56, 0, 0, 11517
82, 149, 0, 0, 11618
39, 45, 0, 0, 11719
0, 12, 0, 0, 11818
-4, 23, 0, 0, 11920
131, 206, 0, 0, 12024
73, 98, 0, 0, 12120
34, -3, 0, 0, 12221
-27, -33, 0, 0, 12322
47, 69, 0, 0, 12421
80, 100, 0, 0, 12522
37, 31, 0, 0, 12623
26, 1, 0, 0, 12722
-33, -29, 0, 0, 12824
50, 61, 0, 0, 12924
46, 32, 0, 0, 13024
2, -39, 0, 0, 13125
-30, -29, 0, 0, 13226
26, 65, 0, 0, 13325
68, 72, 0, 0, 13426
23, -31, 0, 0, 13527
23, 69, 0, 0, 13627
-19, 4, 0, 0, 13728
75, 102, 0, 0, 13828
49, 31, 0, 0, 13928
116, 254, 0, 0, 14029
-9, 21, 0, 0, 14129
37, 73, 0, 0, 14229
88, 135, 0, 0, 14330
-3, -39, 0, 0, 14430
11, -17, 0, 0, 14531
12, 53, 0, 0, 14631
59, 82, 0, 0, 14732
67, 92, 0, 0, 14832
19, -1, 0, 0, 14933
4, -22, 0, 0, 15033
23, 52, 0, 0, 15133
107, 143, 0, 0, 15234
49, 16, 0, 0, 15334
1, -59, 0, 0, 15435
6, 5, 0, 0, 15536
28, 0, 0, 0, 15635
78, 130, 0, 0, 15736
-25, -183, 0, 0, 15837
-38, -64, 0, 0, 15937
58, 97, 0, 0, 16038
74, 86, 0, 0, 16138
100, 231, 0, 0, 16238
20, 28, 0, 0, 16339
46, 186, 0, 0, 16440
60, 107, 0, 0, 16539
86, 87, 0, 0, 16640
24, 12, 0, 0, 16741
0, -45, 0, 0, 16841
39, 94, 0, 0, 16942
74, 85, 0, 0, 17041
14, -8, 0, 0, 17142
13, 0, 0, 0, 17243
-19, -1, 0, 0, 17343
57, 83, 0, 0, 17444
70, 74, 0, 0, 17544
18, 21, 0, 0, 17644
-3, -22, 0, 0, 17745
16, 28, 0, 0, 17846
68, 75, 0, 0, 17945
10, 16, 0, 0, 18046
9, -13, 0, 0, 18147
12, 65, 0, 0, 18247
25, 27, 0, 0, 18348
62, 63, 0, 0, 18449
11, -50, 0, 0, 18548
-7, -34, 0, 0, 18649
-15, 41, 0, 0, 18750
80, 85, 0, 0, 18849
76, 76, 0, 0, 18951
4, -26, 0, 0, 19051
-33, -69, 0, 0, 19151
24, 68, 0, 0, 19252
102, 147, 0, 0, 19353
12, -50, 0, 0, 19452
-25, -94, 0, 0, 19553
4, 79, 0, 0, 19654
80, 107, 0, 0, 19754
49, 20, 0, 0, 19855
30, 0, 0, 0, 19955
-22, -26, 0, 0, 20055
35, 29, 0, 0, 20156
55, 88, 0, 0, 20255
47, 63, 0, 0, 20356
5, -14, 0, 0, 20457
29, 114, 0, 0, 20557
75, 89, 0, 0, 20658
5, -13, 0, 0, 20759
2, -19, 0, 0, 20858
-13, -83, 0, 0, 20959
20, 20, 0, 0, 21060
-55, -271, 0, 0, 21160
23, -47, 0, 0, 21260
-80, -132, 0, 0, 21361
-8, 0, 0, 0, 21461
149, 263, 0, 0, 21562
75, 92, 0, 0, 21663
16, -11, 0, 0, 21763
-35, -8, 0, 0, 21863
46, 100, 0, 0, 21964
66, 0, 0, 0, 22064
5, -47, 0, 0, 22164
-3, -62, 0, 0, 22265
-12, 26, 0, 0, 22365
40, 14, 0, 0, 22466
67, 56, 0, 0, 22567
29, 7, 0, 0, 22666
2, 1, 0, 0, 22767
3, 30, 0, 0, 22868
63, 86, 0, 0, 22968
25, 30, 0, 0, 23069
34, 26, 0, 0, 23169
-9, 10, 0, 0, 23269
59, 93, 0, 0, 23370
48, 80, 0, 0, 23470
20, -15, 0, 0, 23570
-19, -63, 0, 0, 23672
26, 35, 0, 0, 23771
83, 79, 0, 0, 23872
7, -35, 0, 0, 23973
4, -25, 0, 0, 24072
-3, 40, 0, 0, 24173
46, 96, 0, 0, 24274
66, 38, 0, 0, 24374
21, -62, 0, 0, 24475
-8, -3, 0, 0, 24576
12, 77, 0, 0, 24675
71, 113, 0, 0, 24776
104, 148, 0, 0, 24877
6, 23, 0, 0, 24976
25, 83, 0, 0, 25077
60, 66, 0, 0, 25178
80, 122, 0, 0, 25278
12, -34, 0, 0, 25379
-3, 32, 0, 0, 25479
8, 94, 0, 0, 25579
87, 173, 0, 0, 25680
59, 95, 0, 0, 25781
-16, -16, 0, 0, 25881
-19, -15, 0, 0, 25982
69, 90, 0, 0, 26082
60, 51, 0, 0, 26182
-84, -350, 0, 0, 26283
-19, -45, 0, 0, 26384
-85, -180, 0, 0, 26483
88, 116, 0, 0, 26584
83, 142, 0, 0, 26684
14, -55, 0, 0, 26785
96, 182, 0, 0, 26885
56, 40, 0, 0, 26985
89, 89, 0, 0, 27086
16, -42, 0, 0, 27187
0, -39, 0, 0, 27287
45, 121, 0, 0, 27388
83, 105, 0, 0, 27488
21, 9, 0, 0, 27588
-9, -32, 0, 0, 27688
-33, -46, 0, 0, 27790
30, 56, 0, 0, 27890
99, 95, 0, 0, 27990
11, -21, 0, 0, 28091
-3, -4, 0, 0, 28191
26, 68, 0, 0, 28291
79, 66, 0, 0, 28392
21, -3, 0, 0, 28492
0, -39, 0, 0, 28593
-14, -12, 0, 0, 28694
40, 66, 0, 0, 28794
61, 106, 0, 0, 28894
25, -32, 0, 0, 28995
0, 25, 0, 0, 29095
0, 54, 0, 0, 29195
85, 125, 0, 0, 29297
42, 8, 0, 0, 29396
-2, -71, 0, 0, 29497
-44, -62, 0, 0, 29598
48, 73, 0, 0, 29697
71, 42, 0, 0, 29798
7, -35, 0, 0, 29898
-6, 2, 0, 0, 29999
-1, 126, 0, 0, 30100
106, 162, 0, 0, 30200
47, 62, 0, 0, 30300
9, 13, 0, 0, 30401
8, 50, 0, 0, 30501
34, 34, 0, 0, 30602
63, 89, 0, 0, 30703
36, 24, 0, 0, 30802
0, -41, 0, 0, 30903
12, -5, 0, 0, 31004
79, 94, 0, 0, 31104
62, 91, 0, 0, 31205
-3, -63, 0, 0, 31305
-143, -366, 0, 0, 31405
25, 58, 0, 0, 31506
27, -17, 0, 0, 31607
30, 12, 0, 0, 31706
-86, -213, 0, 0, 31807
0, 32, 0, 0, 31908
134, 237, 0, 0, 32024
63, 53, 0, 0, 32109
23, 53, 0, 0, 32209
-4, 2, 0, 0, 32309
43, 100, 0, 0, 32410
83, 93, 0, 0, 32510
33, 15, 0, 0, 32610
19, 59, 0, 0, 32711
1, 25, 0, 0, 32812
80, 112, 0, 0, 32912
69, 80, 0, 0, 33013
3, -14, 0, 0, 33112
-21, -25, 0, 0, 33213
45, 76, 0, 0, 33314
101, 128, 0, 0, 33414
28, 12, 0, 0, 33514
-10, -56, 0, 0, 33615
17, 57, 0, 0, 33715
54, 112, 0, 0, 33816
57, 38, 0, 0, 33916
