552, 558, 0, 0, 57
555, 559, 0, 0, 157
556, 562, 0, 0, 258
558, 560, 0, 0, 358
557, 558, 0, 0, 458
555, 559, 0, 0, 559
556, 559, 0, 0, 659
555, 563, 0, 0, 760
556, 560, 0, 0, 861
556, 560, 0, 0, 960
555, 560, 0, 0, 1061
556, 558, 0, 0, 1162
554, 559, 0, 0, 1261
555, 559, 0, 0, 1362
556, 560, 0, 0, 1463
556, 559, 0, 0, 1563
557, 557, 0, 0, 1663
553, 560, 0, 0, 1764
555, 559, 0, 0, 1864
555, 559, 0, 0, 1965
555, 560, 0, 0, 2066
557, 557, 0, 0, 2165
554, 559, 0, 0, 2266
555, 559, 0, 0, 2367
555, 559, 0, 0, 2467
555, 561, 0, 0, 2568
557, 559, 0, 0, 2668
556, 558, 0, 0, 2768
556, 560, 0, 0, 2869
556, 559, 0, 0, 2970
556, 561, 0, 0, 3070
557, 556, 0, 0, 3170
556, 558, 0, 0, 3271
555, 559, 0, 0, 3371
556, 559, 0, 0, 3472
555, 559, 0, 0, 3571
558, 559, 0, 0, 3672
557, 560, 0, 0, 3773
553, 559, 0, 0, 3873
555, 559, 0, 0, 3973
556, 559, 0, 0, 4074
555, 560, 0, 0, 4174
558, 556, 0, 0, 4275
556, 560, 0, 0, 4376
555, 559, 0, 0, 4475
553, 557, 0, 0, 4576
554, 558, 0, 0, 4677
556, 558, 0, 0, 4777
556, 559, 0, 0, 4877
555, 559, 1, 0, 4978
554, 560, 1, 0, 5078
555, 559, 1, 0, 5178
555, 561, 1, 0, 5279
555, 560, 1, 0, 5379
556, 560, 1, 0, 5480
555, 560, 1, 0, 5581
555, 559, 1, 0, 5680
555, 562, 1, 0, 5781
555, 561, 1, 0, 5882
555, 560, 1, 0, 5982
555, 559, 1, 0, 6083
555, 559, 1, 0, 6183
556, 559, 1, 0, 6283
556, 560, 1, 0, 6384
557, 557, 1, 0, 6485
556, 559, 1, 0, 6585
554, 559, 1, 0, 6685
555, 559, 1, 0, 6785
556, 562, 1, 0, 6886
558, 560, 1, 0, 6987
556, 559, 1, 0, 7086
554, 560, 1, 0, 7187
556, 559, 1, 0, 7288
556, 562, 1, 0, 7388
558, 560, 1, 0, 7489
556, 559, 1, 0, 7589
555, 560, 1, 0, 7689
557, 557, 0, 0, 7789
554, 559, 0, 0, 7890
556, 559, 0, 0, 7990
555, 563, 0, 0, 8091
558, 560, 0, 0, 8192
554, 559, 0, 0, 8292
556, 559, 0, 0, 8392
555, 559, 0, 0, 8493
555, 560, 0, 0, 8593
556, 558, 0, 0, 8694
554, 560, 0, 0, 8795
556, 559, 1, 0, 8894
556, 559, 1, 0, 8995
556, 560, 1, 0, 9096
556, 556, 0, 0, 9196
554, 559, 0, 0, 9296
555, 560, 0, 0, 9397
553, 560, 0, 1, 9497
555, 559, 0, 1, 9597
555, 559, 0, 1, 9698
555, 559, 1, 1, 9800
555, 555, 1, 1, 9899
553, 558, 1, 1, 9998
555, 558, 1, 1, 10099
556, 559, 1, 0, 10200
556, 560, 1, 0, 10300
557, 558, 1, 1, 10401
554, 559, 1, 1, 10502
556, 559, 1, 1, 10601
555, 560, 1, 1, 10702
555, 560, 1, 1, 10803
556, 559, 1, 1, 10903
556, 559, 1, 1, 11003
556, 559, 1, 1, 11104
554, 559, 1, 1, 11204
556, 559, 1, 1, 11304
555, 560, 1, 1, 11405
555, 561, 1, 1, 11505
556, 559, 1, 0, 11606
556, 559, 1, 0, 11707
556, 561, 1, 0, 11807
555, 561, 0, 0, 11907
558, 559, 0, 1, 12008
557, 558, 0, 1, 12108
554, 559, 0, 1, 12209
555, 559, 0, 1, 12309
555, 560, 0, 1, 12409
556, 559, 0, 0, 12510
556, 558, 0, 0, 12611
555, 559, 0, 0, 12710
555, 559, 0, 0, 12811
555, 559, 0, 0, 12912
556, 561, 0, 0, 13012
557, 557, 0, 0, 13113
556, 558, 0, 0, 13212
552, 559, 0, 0, 13313
555, 559, 0, 0, 13414
556, 561, 0, 0, 13514
555, 560, 0, 0, 13614
559, 559, 0, 0, 13715
556, 558, 0, 0, 13815
556, 559, 0, 0, 13916
557, 559, 1, 1, 14017
556, 561, 1, 0, 14116
560, 560, 1, 0, 14217
558, 559, 1, 0, 14318
555, 559, 1, 0, 14418
555, 560, 1, 0, 14518
555, 561, 1, 0, 14619
555, 556, 1, 0, 14719
553, 559, 1, 0, 14820
558, 560, 1, 0, 14920
555, 558, 1, 0, 15020
554, 558, 1, 0, 15121
554, 558, 1, 0, 15222
556, 561, 1, 0, 15321
557, 559, 1, 0, 15422
556, 559, 1, 0, 15523
556, 559, 1, 0, 15623
556, 560, 1, 0, 15724
556, 561, 1, 0, 15824
556, 558, 1, 0, 15924
552, 559, 1, 0, 16025
555, 559, 1, 0, 16126
556, 559, 1, 0, 16226
556, 560, 1, 0, 16326
556, 558, 1, 0, 16426
554, 559, 1, 0, 16527
556, 560, 1, 0, 16628
555, 563, 1, 0, 16728
555, 560, 1, 0, 16828
555, 559, 0, 0, 16929
555, 560, 0, 0, 17028
556, 557, 0, 0, 17129
554, 559, 0, 0, 17230
555, 559, 0, 0, 17330
555, 560, 0, 0, 17431
556, 559, 0, 0, 17531
556, 557, 0, 0, 17631
555, 559, 0, 0, 17732
554, 557, 0, 0, 17833
555, 562, 0, 0, 17933
556, 557, 0, 0, 18034
554, 559, 0, 0, 18134
557, 557, 0, 0, 18234
553, 559, 0, 0, 18334
555, 559, 0, 0, 18435
559, 560, 1, 0, 18535
556, 558, 1, 0, 18636
554, 559, 1, 0, 18737
556, 559, 1, 0, 18837
556, 560, 1, 0, 18937
555, 560, 1, 0, 19038
556, 558, 1, 0, 19138
554, 559, 1, 1, 19239
557, 557, 1, 0, 19339
553, 559, 1, 0, 19439
556, 559, 1, 0, 19540
556, 559, 1, 0, 19639
556, 560, 1, 1, 19740
556, 557, 1, 1, 19841
554, 559, 1, 0, 19941
556, 559, 1, 0, 20042
553, 558, 0, 0, 20142
555, 559, 0, 0, 20242
556, 558, 0, 0, 20343
554, 558, 0, 0, 20444
556, 559, 0, 0, 20543
555, 559, 0, 0, 20644
555, 561, 0, 0, 20745
558, 560, 0, 0, 20845
556, 558, 0, 0, 20946
554, 559, 0, 0, 21046
556, 559, 0, 0, 21146
556, 562, 0, 0, 21247
559, 560, 0, 0, 21348
556, 560, 0, 0, 21448
554, 559, 0, 0, 21548
556, 559, 0, 0, 21649
556, 561, 0, 0, 21749
558, 559, 0, 0, 21850
557, 559, 0, 0, 21951
556, 560, 0, 0, 22050
555, 560, 0, 0, 22151
556, 562, 0, 0, 22252
558, 560, 0, 0, 22352
556, 559, 0, 0, 22452
555, 559, 0, 0, 22553
556, 559, 0, 0, 22653
556, 562, 0, 0, 22754
558, 559, 0, 0, 22854
556, 561, 0, 0, 22954
559, 560, 0, 0, 23055
556, 558, 0, 0, 23154
553, 559, 0, 0, 23255
555, 559, 0, 0, 23356
556, 559, 0, 0, 23456
554, 560, 0, 0, 23557
558, 560, 0, 0, 23657
556, 559, 0, 0, 23757
554, 559, 0, 0, 23858
556, 559, 0, 0, 23959
555, 560, 0, 0, 24059
556, 561, 0, 0, 24159
559, 560, 0, 0, 24260
556, 559, 0, 0, 24360
554, 560, 0, 0, 24461
556, 560, 1, 0, 24562
555, 560, 0, 1, 24661
557, 562, 1, 1, 24762
556, 562, 1, 1, 24863
553, 560, 0, 1, 24963
557, 558, 0, 0, 25063
553, 559, 0, 0, 25164
556, 560, 0, 0, 25264
555, 558, 0, 0, 25365
554, 561, 0, 0, 25465
557, 558, 0, 0, 25565
555, 558, 0, 0, 25666
554, 559, 0, 0, 25767
556, 560, 0, 0, 25867
556, 559, 0, 0, 25967
556, 561, 0, 0, 26067
555, 559, 1, 1, 26168
556, 559, 0, 0, 26269
556, 559, 0, 1, 26368
555, 560, 0, 1, 26469
555, 559, 0, 1, 26570
555, 559, 0, 1, 26670
556, 559, 0, 1, 26771
557, 558, 0, 1, 26871
552, 559, 0, 1, 26971
555, 559, 0, 1, 27072
555, 559, 0, 1, 27173
555, 562, 0, 1, 27272
559, 560, 0, 1, 27373
556, 560, 0, 1, 27474
555, 561, 0, 1, 27573
558, 560, 0, 1, 27674
556, 559, 0, 1, 27775
554, 559, 0, 1, 27875
555, 560, 0, 1, 27976
556, 562, 0, 1, 28076
558, 560, 0, 1, 28176
557, 559, 0, 1, 28277
554, 559, 0, 1, 28378
555, 560, 0, 1, 28478
556, 559, 0, 1, 28578
556, 560, 0, 1, 28679
557, 557, 0, 1, 28779
556, 559, 0, 1, 28880
555, 560, 0, 1, 28981
556, 559, 0, 1, 29080
554, 560, 0, 1, 29181
556, 559, 0, 1, 29280
556, 560, 0, 1, 29381
556, 561, 0, 0, 29482
557, 560, 0, 0, 29582
556, 559, 0, 0, 29683
555, 559, 0, 1, 29783
556, 559, 0, 1, 29883
556, 560, 0, 0, 29984
557, 561, 0, 0, 30085
558, 560, 0, 0, 30185
556, 559, 0, 0, 30285
554, 559, 0, 0, 30386
555, 559, 0, 0, 30486
555, 558, 0, 0, 30587
555, 559, 0, 0, 30688
555, 558, 1, 0, 30788
555, 557, 0, 0, 30888
558, 560, 1, 0, 30988
556, 559, 1, 0, 31088
555, 559, 1, 0, 31189
555, 560, 1, 0, 31290
556, 559, 1, 1, 31390
555, 560, 1, 1, 31491
557, 558, 1, 1, 31591
553, 559, 1, 1, 31691
555, 559, 1, 1, 31792
555, 558, 1, 1, 31893
555, 562, 0, 1, 31993
558, 560, 0, 0, 32093
556, 560, 1, 0, 32194
557, 558, 1, 0, 32294
553, 560, 1, 0, 32395
556, 559, 1, 0, 32494
555, 559, 1, 0, 32595
556, 562, 1, 0, 32696
559, 560, 1, 0, 32796
557, 559, 1, 0, 32897
554, 559, 1, 0, 32997
555, 560, 1, 0, 33097
557, 559, 1, 0, 33198
556, 561, 1, 0, 33299
558, 560, 1, 0, 33399
556, 559, 1, 0, 33499
555, 560, 1, 0, 33600
556, 559, 1, 0, 33700
556, 559, 1, 0, 33800
555, 560, 1, 0, 33901
556, 559, 1, 0, 34010
556, 560, 0, 0, 34102
556, 561, 0, 0, 34202
557, 558, 1, 0, 34302
556, 559, 1, 0, 34403
556, 559, 1, 0, 34504
556, 560, 1, 0, 34604
556, 563, 1, 0, 34704
556, 561, 1, 0, 34805
557, 559, 1, 0, 34905
554, 560, 0, 0, 35006
557, 560, 0, 0, 35107
556, 560, 0, 0, 35206
555, 562, 0, 0, 35307
556, 560, 0, 0, 35408
556, 559, 0, 0, 35508
553, 560, 0, 0, 35608
555, 559, 0, 0, 35708
554, 559, 0, 0, 35813
554, 561, 0, 0, 35910
556, 558, 0, 0, 36011
556, 557, 0, 0, 36110
553, 560, 0, 0, 36211
556, 559, 0, 0, 36311
556, 559, 0, 0, 36411
555, 559, 0, 0, 36512
555, 560, 0, 0, 36612
556, 559, 0, 0, 36713
556, 561, 0, 0, 36813
557, 556, 0, 0, 36913
556, 560, 0, 0, 37014
556, 560, 0, 0, 37115
556, 559, 0, 0, 37215
556, 559, 0, 0, 37315
555, 560, 0, 0, 37416
557, 556, 0, 0, 37516
556, 560, 0, 0, 37617
555, 559, 0, 0, 37718
555, 559, 0, 0, 37817
556, 559, 0, 0, 37918
556, 561, 0, 0, 38019
557, 559, 0, 0, 38119
556, 560, 0, 0, 38219
553, 559, 0, 0, 38320
555, 559, 0, 0, 38420
556, 560, 0, 0, 38521
555, 561, 0, 0, 38622
558, 559, 0, 0, 38721
556, 559, 0, 0, 38822
555, 559, 0, 0, 38922
555, 559, 0, 0, 39023
556, 559, 0, 0, 39124
555, 560, 0, 0, 39223
556, 560, 0, 0, 39324
556, 559, 0, 0, 39425
556, 560, 0, 0, 39524
557, 557, 0, 0, 39625
557, 559, 0, 0, 39726
556, 559, 0, 0, 39826
555, 560, 0, 0, 39926
555, 559, 0, 0, 40027
556, 560, 0, 0, 40127
557, 557, 0, 0, 40228
556, 560, 0, 0, 40329
555, 560, 0, 0, 40428
555, 559, 0, 0, 40529
556, 559, 0, 0, 40630
556, 560, 0, 0, 40730
557, 558, 0, 0, 40831
556, 559, 0, 0, 40931
554, 558, 0, 0, 41031
554, 558, 0, 0, 41132
554, 558, 0, 0, 41233
555, 560, 0, 0, 41332
558, 560, 0, 0, 41433
556, 559, 0, 0, 41534
555, 559, 0, 0, 41634
556, 559, 0, 0, 41735
556, 560, 0, 0, 41835
556, 560, 0, 0, 41935
555, 560, 0, 0, 42036
555, 561, 0, 0, 42135
559, 560, 0, 0, 42236
557, 557, 0, 0, 42337
553, 559, 0, 0, 42437
556, 559, 0, 0, 42537
555, 559, 0, 0, 42638
556, 561, 0, 0, 42738
560, 560, 0, 0, 42839
555, 558, 0, 0, 42939
554, 559, 0, 0, 43039
556, 559, 0, 0, 43140
555, 560, 0, 0, 43241
556, 562, 0, 0, 43341
555, 560, 0, 0, 43442
557, 557, 0, 0, 43542
554, 559, 0, 0, 43642
556, 559, 0, 0, 43743
555, 559, 0, 0, 43844
555, 562, 0, 0, 43943
556, 560, 0, 0, 44044
557, 558, 0, 0, 44145
553, 560, 0, 0, 44245
555, 559, 0, 0, 44346
556, 560, 0, 0, 44446
555, 563, 0, 0, 44546
556, 560, 0, 0, 44647
557, 557, 0, 0, 44748
556, 561, 0, 0, 44847
558, 560, 0, 0, 44948
556, 558, 0, 0, 45049
554, 559, 0, 0, 45148
555, 560, 0, 0, 45249
556, 559, 0, 0, 45349
556, 561, 0, 0, 45450
556, 558, 0, 0, 45551
555, 560, 0, 0, 45651
555, 559, 0, 0, 45751
556, 560, 0, 0, 45852
556, 559, 1, 0, 45952
556, 562, 1, 0, 46053
554, 560, 1, 0, 46153
555, 556, 1, 0, 46253
552, 557, 1, 0, 46354
555, 558, 0, 0, 46455
556, 559, 1, 0, 46555
556, 560, 0, 1, 46655
555, 559, 0, 1, 46756
555, 561, 0, 1, 46856
558, 560, 0, 1, 46956
556, 559, 1, 1, 47057
555, 559, 0, 0, 47157
555, 559, 0, 0, 47258
556, 559, 0, 0, 47359
556, 560, 0, 0, 47458
558, 560, 0, 0, 47559
556, 559, 0, 0, 47660
554, 559, 0, 0, 47760
555, 559, 0, 0, 47860
556, 559, 0, 0, 47961
556, 561, 0, 0, 48061
557, 560, 0, 0, 48162
556, 559, 0, 0, 48263
555, 560, 0, 0, 48362
555, 560, 0, 0, 48463
556, 561, 1, 1, 48563
556, 560, 1, 0, 48664
557, 558, 1, 0, 48765
553, 558, 1, 0, 48864
555, 560, 1, 0, 48965
553, 560, 0, 1, 49066
556, 560, 0, 1, 49165
556, 559, 0, 0, 49266
556, 560, 0, 0, 49367
556, 560, 0, 0, 49467
556, 558, 0, 0, 49567
553, 559, 0, 0, 49668
555, 560, 1, 1, 49768
556, 559, 1, 1, 49869
555, 559, 1, 0, 49970
556, 561, 1, 0, 50069
556, 560, 0, 1, 50170
558, 560, 0, 1, 50271
556, 560, 1, 0, 50371
556, 560, 1, 0, 50472
556, 560, 1, 0, 50573
557, 558, 1, 0, 50672
557, 557, 0, 0, 50773
557, 558, 1, 0, 50874
553, 558, 1, 0, 50973
555, 559, 1, 0, 51074
556, 560, 1, 0, 51175
556, 562, 1, 0, 51275
557, 560, 1, 0, 51376
555, 557, 1, 0, 51476
553, 558, 1, 0, 51576
555, 558, 0, 1, 51677
556, 559, 0, 0, 51776
556, 559, 0, 0, 51877
556, 560, 0, 0, 51978
558, 559, 1, 1, 52078
558, 560, 0, 0, 52178
557, 559, 0, 0, 52279
555, 559, 1, 1, 52379
556, 559, 1, 1, 52480
555, 562, 1, 1, 52581
558, 560, 1, 1, 52681
556, 558, 1, 1, 52781
557, 558, 1, 1, 52882
555, 560, 0, 1, 52982
556, 560, 0, 1, 53083
556, 560, 0, 1, 53183
557, 561, 0, 1, 53283
558, 560, 0, 1, 53384
556, 557, 1, 1, 53485
557, 557, 1, 0, 53584
554, 559, 1, 0, 53685
555, 559, 1, 0, 53786
556, 559, 1, 0, 53886
556, 562, 1, 0, 53986
556, 562, 1, 1, 54087
557, 560, 1, 1, 54187
557, 559, 1, 1, 54288
554, 559, 0, 0, 54388
555, 560, 1, 0, 54488
556, 562, 1, 0, 54589
559, 560, 1, 0, 54690
559, 560, 1, 1, 54790
557, 558, 1, 1, 54890
555, 559, 1, 1, 54990
556, 559, 1, 1, 55091
556, 559, 1, 1, 55192
555, 560, 1, 1, 55292
557, 560, 1, 0, 55392
556, 559, 1, 1, 55493
555, 559, 1, 1, 55593
556, 559, 1, 1, 55694
556, 560, 1, 0, 55795
558, 560, 0, 0, 55894
557, 558, 0, 0, 55995
553, 559, 1, 0, 56096
555, 559, 1, 0, 56196
555, 560, 1, 0, 56297
554, 559, 1, 0, 56397
555, 560, 1, 0, 56497
554, 559, 1, 0, 56597
555, 560, 1, 0, 56698
555, 558, 1, 1, 56798
557, 557, 1, 0, 56899
554, 560, 1, 0, 56999
556, 559, 1, 0, 57099
556, 560, 1, 0, 57200
555, 563, 1, 0, 57301
559, 560, 1, 0, 57401
556, 560, 1, 0, 57501
553, 560, 1, 0, 57602
555, 559, 1, 1, 57702
556, 559, 0, 1, 57803
555, 559, 0, 1, 57903
555, 560, 0, 1, 58010
556, 560, 1, 1, 58104
553, 560, 1, 1, 58204
555, 559, 1, 1, 58305
555, 559, 1, 1, 58406
555, 562, 1, 1, 58505
559, 560, 1, 1, 58606
556, 557, 1, 0, 58707
555, 560, 1, 1, 58807
555, 560, 1, 0, 58908
555, 559, 1, 0, 59008
556, 561, 1, 0, 59108
555, 560, 1, 0, 59208
556, 560, 0, 0, 59309
553, 559, 0, 0, 59409
555, 560, 0, 0, 59510
555, 559, 0, 0, 59611
555, 559, 0, 0, 59710
555, 559, 0, 0, 59811
556, 559, 0, 0, 59912
556, 559, 0, 0, 60012
557, 560, 1, 1, 60113
556, 558, 1, 1, 60213
554, 559, 1, 1, 60313
555, 559, 1, 1, 60414
555, 559, 1, 1, 60515
555, 560, 1, 1, 60615
557, 557, 1, 1, 60715
557, 558, 1, 1, 60816
554, 560, 1, 1, 60916
556, 559, 1, 1, 61017
556, 559, 1, 1, 61117
556, 559, 1, 0, 61217
555, 563, 1, 0, 61318
557, 560, 1, 0, 61418
557, 557, 1, 0, 61518
552, 558, 1, 0, 61619
554, 559, 1, 0, 61719
555, 558, 0, 0, 61820
557, 558, 0, 0, 61921
555, 557, 0, 0, 62021
557, 559, 1, 1, 62121
555, 560, 1, 0, 62222
556, 559, 1, 0, 62322
555, 561, 1, 0, 62423
555, 560, 1, 0, 62523
557, 557, 1, 0, 62623
556, 558, 1, 1, 62724
557, 558, 1, 1, 62824
555, 559, 1, 1, 62924
556, 559, 1, 1, 63025
556, 559, 1, 1, 63126
556, 560, 1, 1, 63225
556, 559, 0, 0, 63326
555, 561, 0, 0, 63427
558, 558, 0, 0, 63527
556, 559, 0, 0, 63627
555, 559, 0, 0, 63728
556, 559, 0, 0, 63828
556, 561, 0, 0, 63929
559, 560, 0, 0, 64030
556, 559, 0, 0, 64130
554, 559, 0, 0, 64230
555, 560, 0, 0, 64331
556, 559, 0, 0, 64431
556, 559, 0, 0, 64531
555, 561, 1, 0, 64631
558, 560, 0, 0, 64732
554, 559, 1, 0, 64833
556, 560, 1, 0, 64933
556, 558, 1, 0, 65034
554, 559, 1, 0, 65134
555, 560, 0, 0, 65234
556, 563, 1, 0, 65335
556, 560, 1, 0, 65435
557, 557, 1, 0, 65535
554, 559, 1, 0, 65636
556, 559, 1, 0, 65737
556, 560, 1, 0, 65837
557, 562, 1, 0, 65937
557, 557, 1, 1, 66038
554, 560, 1, 0, 66138
559, 560, 1, 0, 66238
557, 559, 1, 0, 66339
555, 559, 1, 0, 66439
556, 559, 1, 0, 66540
555, 560, 1, 1, 66641
556, 561, 0, 0, 66740
553, 558, 1, 1, 66842
555, 559, 1, 1, 66942
555, 558, 1, 1, 67042
552, 558, 1, 1, 67142
554, 559, 1, 1, 67243
555, 563, 0, 1, 67343
557, 561, 0, 1, 67444
557, 558, 0, 1, 67545
553, 559, 0, 1, 67644
555, 560, 0, 1, 67745
556, 560, 0, 1, 67845
557, 561, 0, 1, 67946
559, 560, 0, 1, 68047
555, 558, 0, 1, 68146
555, 560, 0, 1, 68247
555, 560, 0, 1, 68348
555, 559, 1, 1, 68448
556, 561, 1, 0, 68549
556, 560, 1, 0, 68649
556, 562, 1, 0, 68749
556, 560, 1, 0, 68850
557, 558, 1, 0, 68950
554, 559, 1, 0, 69050
555, 560, 1, 0, 69151
556, 561, 1, 1, 69252
557, 557, 1, 0, 69352
557, 559, 1, 0, 69453
556, 559, 1, 0, 69553
556, 558, 0, 1, 69653
554, 559, 0, 1, 69754
556, 563, 0, 1, 69855
559, 560, 0, 1, 69954
556, 558, 0, 1, 70055
557, 556, 1, 1, 70156
554, 560, 1, 1, 70256
555, 560, 1, 1, 70356
555, 559, 1, 1, 70457
555, 561, 1, 1, 70557
557, 559, 1, 1, 70658
557, 559, 1, 1, 70759
554, 559, 1, 0, 70858
553, 560, 0, 0, 70959
556, 559, 0, 0, 71059
556, 561, 0, 0, 71160
556, 560, 0, 0, 71260
555, 561, 0, 0, 71360
555, 559, 0, 0, 71461
555, 556, 0, 0, 71561
552, 558, 0, 0, 71661
555, 558, 0, 0, 71762
554, 559, 0, 0, 71863
555, 560, 0, 0, 71963
555, 559, 0, 0, 72063
555, 557, 0, 0, 72164
552, 558, 0, 0, 72264
554, 558, 0, 0, 72365
554, 558, 0, 0, 72466
555, 561, 0, 0, 72565
559, 559, 0, 0, 72666
556, 559, 0, 0, 72767
555, 559, 0, 0, 72867
555, 560, 0, 0, 72967
555, 559, 0, 0, 73068
555, 561, 0, 0, 73168
559, 559, 0, 0, 73269
556, 558, 0, 0, 73370
554, 559, 0, 0, 73469
555, 559, 0, 0, 73570
556, 559, 0, 0, 73671
555, 561, 0, 0, 73771
558, 560, 0, 0, 73872
556, 558, 0, 0, 73972
556, 560, 0, 0, 74072
557, 557, 0, 0, 74172
553, 560, 0, 0, 74272
555, 559, 0, 0, 74373
556, 559, 0, 0, 74474
555, 563, 0, 0, 74574
555, 560, 0, 0, 74674
557, 556, 0, 0, 74775
555, 560, 0, 0, 74875
555, 560, 0, 0, 74976
556, 559, 0, 0, 75077
555, 562, 0, 0, 75176
555, 560, 0, 0, 75277
557, 556, 0, 0, 75378
553, 559, 0, 0, 75478
555, 560, 0, 0, 75578
555, 559, 0, 0, 75679
555, 562, 0, 0, 75779
556, 560, 0, 0, 75880
557, 556, 0, 0, 75981
555, 560, 0, 0, 76080
555, 559, 0, 0, 76181
555, 558, 0, 0, 76282
555, 561, 0, 0, 76382
555, 560, 0, 0, 76483
557, 558, 0, 0, 76583
556, 559, 0, 0, 76683
556, 559, 0, 0, 76784
556, 557, 0, 0, 76884
555, 559, 0, 0, 76984
555, 559, 0, 0, 77085
555, 559, 0, 0, 77186
555, 561, 0, 0, 77285
557, 558, 0, 0, 77386
555, 558, 0, 0, 77486
552, 557, 0, 0, 77587
554, 558, 0, 0, 77688
555, 559, 0, 0, 77787
556, 561, 0, 0, 77888
559, 560, 0, 0, 77989
