-94, -258, 0, 0, 8
-12, -286, 0, 0, 120
255, -164, 0, 0, 147
122, -16, 0, 0, 248
28, 107, 0, 0, 348
48, -98, 0, 0, 448
-14, 17, 0, 0, 549
166, -6, 0, 0, 650
-59, -20, 0, 0, 750
-7, 168, 0, 0, 850
68, -302, 0, 0, 950
-19, -142, 0, 0, 1051
6, 49, 0, 0, 1152
0, 150, 0, 0, 1251
-127, 331, 0, 0, 1352
146, 151, 0, 0, 1453
-13, -259, 0, 0, 1553
12, -90, 0, 0, 1654
31, -69, 0, 0, 1754
-23, 78, 0, 0, 1854
89, 346, 0, 0, 1955
35, -346, 0, 0, 2056
-18, 68, 0, 0, 2155
12, -35, 0, 0, 2256
285, 234, 0, 0, 2357
15, -191, 0, 0, 2457
156, 61, 0, 0, 2558
-83, 183, 0, 0, 2658
44, 66, 0, 0, 2758
-84, 91, 0, 0, 2859
189, 142, 1, 0, 2960
0, 236, 1, 0, 3060
287, -68, 1, 0, 3161
244, -86, 1, 0, 3262
321, 265, 1, 0, 3361
-52, 358, 1, 0, 3462
-71, 271, 1, 0, 3562
179, -151, 1, 0, 3663
233, 192, 1, 0, 3763
-25, -80, 1, 0, 3864
-46, -15, 1, 0, 3964
-88, 96, 1, 0, 4064
-59, -14, 1, 0, 4164
135, -136, 1, 0, 4265
20, 69, 1, 0, 4366
-23, 113, 1, 0, 4466
-61, 25, 1, 0, 4566
-28, 120, 1, 0, 4668
152, 73, 1, 0, 4767
17, 80, 1, 0, 4868
12, -87, 1, 0, 4969
-7, 51, 1, 0, 5068
3, 133, 1, 0, 5169
3, -97, 1, 0, 5270
97, 13, 1, 0, 5370
-56, -6, 1, 0, 5470
-50, 203, 1, 0, 5571
139, -113, 1, 0, 5671
146, 163, 1, 0, 5772
-7, 358, 1, 0, 5873
-236, 2, 0, 0, 5972
88, 81, 0, 0, 6073
-18, 94, 0, 0, 6174
-271, -33, 1, 0, 6274
149, 31, 1, 0, 6375
101, 35, 1, 0, 6475
7, 57, 1, 0, 6575
64, 212, 1, 0, 6676
133, 62, 1, 0, 6777
21, 29, 1, 0, 6876
7, -47, 1, 0, 6977
49, 16, 1, 0, 7078
-89, -217, 1, 0, 7178
20, 40, 1, 0, 7279
-200, -203, 1, 0, 7379
168, -79, 1, 0, 7480
10, -116, 1, 0, 7580
-7, 67, 1, 0, 7680
10, 211, 1, 0, 7781
-49, -143, 1, 0, 7882
58, -4, 1, 0, 7981
43, 68, 1, 0, 8082
103, -51, 1, 0, 8183
67, 40, 1, 0, 8283
-76, 28, 1, 0, 8383
42, 61, 1, 0, 8484
28, 76, 1, 0, 8584
61, 31, 0, 0, 8685
50, 119, 0, 0, 8785
-206, 155, 0, 0, 8885
-281, -124, 1, 0, 8986
-220, 1, 1, 0, 9087
45, 19, 1, 0, 9187
-38, -137, 1, 0, 9288
143, 56, 1, 0, 9388
-136, -50, 1, 0, 9488
310, 70, 1, 0, 9589
47, 138, 1, 0, 9690
-247, 151, 1, 0, 9789
-120, 117, 1, 0, 9890
156, 104, 1, 0, 9991
-164, 79, 1, 0, 10091
-211, 84, 1, 0, 10192
13, -79, 1, 0, 10293
306, -168, 1, 0, 10392
-49, -366, 1, 0, 10493
-3, -93, 1, 0, 10593
21, -112, 1, 0, 10694
-260, -289, 1, 0, 10794
192, 72, 1, 0, 10894
250, 54, 1, 0, 10995
373, 158, 1, 0, 11095
-339, 33, 1, 0, 11196
30, 40, 1, 0, 11296
-267, 283, 1, 0, 11397
-121, 230, 1, 0, 11497
97, -28, 1, 0, 11598
114, 26, 1, 0, 11698
-245, 270, 1, 0, 11798
-1, 312, 1, 0, 11899
56, 254, 1, 0, 12000
385, 4, 1, 0, 12100
250, 77, 1, 0, 12200
196, -56, 1, 0, 12301
146, 187, 1, 0, 12401
63, -15, 1, 0, 12502
-117, -89, 1, 0, 12603
218, 123, 1, 0, 12702
-246, 29, 1, 0, 12803
134, 40, 1, 0, 12904
177, 133, 1, 0, 13004
-323, 254, 1, 0, 13105
269, 122, 1, 0, 13205
264, 64, 1, 0, 13305
27, -8, 1, 0, 13405
211, 113, 1, 0, 13507
123, 108, 1, 0, 13606
-25, 34, 1, 0, 13707
-36, -81, 1, 0, 13807
135, -82, 1, 0, 13908
21, -167, 1, 0, 14021
241, 114, 1, 0, 14108
-107, -14, 1, 0, 14209
-102, -40, 1, 0, 14310
-93, -15, 1, 0, 14410
-217, 104, 1, 0, 14510
-106, -260, 1, 0, 14612
-16, -61, 1, 0, 14711
50, 65, 1, 0, 14812
-53, -4, 1, 0, 14913
73, -254, 1, 0, 15013
75, 157, 1, 0, 15113
74, -2, 1, 0, 15214
-14, -63, 1, 0, 15314
23, 114, 1, 0, 15414
69, 18, 1, 0, 15515
112, -85, 1, 0, 15615
144, -6, 1, 0, 15716
-18, 4, 1, 0, 15816
76, 3, 1, 0, 15916
58, 118, 1, 0, 16021
46, 55, 0, 0, 16118
55, 44, 0, 0, 16218
45, 136, 0, 0, 16319
28, -85, 1, 0, 16419
-54, 133, 1, 0, 16519
-121, 89, 1, 0, 16620
67, 26, 1, 0, 16721
152, 19, 1, 0, 16820
36, 10, 1, 0, 16921
-25, -97, 1, 0, 17021
148, 61, 1, 0, 17122
23, 0, 1, 0, 17223
61, 23, 1, 0, 17322
-14, 164, 1, 0, 17423
33, -133, 1, 0, 17524
5, 38, 1, 0, 17623
0, 186, 1, 0, 17724
17, 91, 1, 0, 17825
63, 86, 1, 0, 17925
48, 367, 1, 0, 18026
48, -218, 1, 0, 18127
10, 121, 1, 0, 18226
-20, 255, 1, 0, 18327
62, 83, 1, 0, 18428
118, -143, 1, 0, 18528
161, 140, 1, 0, 18629
98, 83, 1, 0, 18729
183, -13, 1, 0, 18829
34, 6, 0, 0, 18930
35, -5, 0, 0, 19030
34, -158, 0, 0, 19131
-7, -84, 0, 0, 19231
51, 97, 0, 0, 19332
150, -5, 0, 0, 19432
110, -50, 0, 0, 19533
221, -202, 0, 0, 19634
52, -6, 0, 0, 19733
113, 163, 0, 0, 19834
182, 37, 0, 0, 19935
6, 100, 0, 0, 20034
97, 206, 0, 0, 20135
249, -175, 0, 0, 20235
3, 59, 0, 0, 20336
107, 3, 0, 0, 20437
-41, 85, 0, 0, 20537
7, -20, 0, 0, 20637
32, 20, 0, 0, 20738
83, -137, 0, 0, 20838
26, 53, 0, 0, 20939
108, 100, 0, 0, 21039
8, 277, 0, 0, 21139
207, 129, 0, 0, 21240
63, 54, 0, 0, 21341
39, 0, 0, 0, 21440
156, 79, 1, 0, 21541
150, -147, 1, 0, 21642
56, 10, 1, 0, 21742
87, -140, 1, 0, 21843
37, 8, 1, 0, 21944
106, -155, 1, 0, 22043
-83, 427, 1, 0, 22144
356, -86, 1, 0, 22245
338, 8, 1, 0, 22345
-1, -66, 1, 0, 22445
150, 50, 1, 0, 22546
-106, 375, 1, 0, 22646
-79, 237, 1, 0, 22747
27, -42, 1, 0, 22847
134, 268, 1, 0, 22948
130, 252, 1, 0, 23048
-47, -26, 1, 0, 23149
-11, -269, 1, 0, 23249
-34, -8, 1, 0, 23350
20, -316, 1, 0, 23449
38, 22, 1, 0, 23550
-5, 33, 1, 0, 23651
30, 142, 1, 0, 23751
102, 112, 1, 0, 23851
9, 62, 1, 0, 23952
135, -92, 1, 0, 24052
171, -13, 1, 0, 24153
130, 21, 1, 0, 24254
75, -10, 1, 0, 24354
160, 21, 1, 0, 24454
112, 174, 1, 0, 24555
-160, -53, 1, 0, 24655
-127, -27, 1, 0, 24756
-30, 37, 1, 0, 24856
70, -141, 1, 0, 24956
119, 105, 1, 0, 25057
107, 15, 1, 0, 25158
125, 115, 1, 0, 25258
132, 18, 1, 0, 25358
16, 206, 1, 0, 25459
-151, 108, 1, 0, 25559
207, 252, 1, 0, 25660
139, 117, 1, 0, 25761
44, 337, 1, 0, 25860
-59, 14, 1, 0, 25961
93, -236, 1, 0, 26062
178, 158, 1, 0, 26161
143, -24, 1, 0, 26262
84, -17, 1, 0, 26363
46, -197, 1, 0, 26463
3, 170, 1, 0, 26564
-11, 10, 1, 0, 26664
-243, 68, 1, 0, 26764
99, -63, 1, 0, 26865
-180, -11, 1, 0, 26965
-116, 123, 1, 0, 27066
52, -7, 1, 0, 27167
47, 30, 1, 0, 27266
11, 155, 1, 0, 27367
-24, -282, 1, 0, 27468
52, 70, 1, 0, 27567
-40, -27, 1, 0, 27668
127, 70, 1, 0, 27769
-66, -72, 1, 0, 27869
18, 15, 1, 0, 27969
36, 378, 1, 0, 28071
-153, -94, 1, 0, 28170
-47, -17, 1, 0, 28271
110, -82, 1, 0, 28372
121, -275, 1, 0, 28472
90, -140, 1, 0, 28572
-5, -11, 1, 0, 28673
-239, -170, 1, 0, 28773
64, 93, 1, 0, 28874
13, 108, 1, 0, 28975
-75, 121, 1, 0, 29075
44, 373, 1, 0, 29175
-31, 25, 1, 0, 29276
8, 173, 1, 0, 29375
92, 34, 1, 0, 29476
40, 72, 1, 0, 29577
147, 25, 1, 0, 29677
16, 161, 0, 0, 29778
-24, 9, 0, 0, 29877
-55, -246, 0, 0, 29979
51, 63, 0, 0, 30079
35, 109, 0, 0, 30179
-109, -157, 0, 0, 30280
-32, -345, 0, 0, 30381
111, 133, 0, 0, 30481
162, 247, 0, 0, 30581
-310, 157, 0, 0, 30682
70, -2, 1, 0, 30782
-143, 166, 1, 0, 30883
224, -14, 1, 0, 30983
-86, 126, 1, 0, 31083
-431, 36, 1, 0, 31184
28, 22, 1, 0, 31285
-126, 241, 1, 0, 31384
32, 240, 1, 0, 31485
44, -21, 1, 0, 31586
96, 284, 1, 0, 31686
49, -14, 1, 0, 31787
-300, 0, 1, 0, 31887
115, 72, 1, 0, 31987
77, -64, 1, 0, 32088
314, 31, 1, 0, 32189
-34, -24, 1, 0, 32289
20, -13, 1, 0, 32389
-377, 45, 1, 0, 32490
170, 275, 1, 0, 32590
-316, 32, 1, 0, 32691
-17, 196, 1, 0, 32792
-3, 8, 1, 1, 32891
388, 66, 1, 1, 32992
-302, 80, 1, 1, 33092
180, -63, 1, 1, 33193
78, 14, 1, 1, 33293
129, 19, 1, 1, 33393
96, 126, 1, 1, 33494
147, -31, 1, 1, 33595
-412, 237, 1, 1, 33695
-2, 94, 1, 1, 33795
-80, 100, 1, 1, 33896
-151, 104, 1, 1, 33996
57, 244, 1, 1, 34097
43, -6, 1, 1, 34197
-228, 94, 1, 1, 34297
170, 101, 1, 1, 34398
-230, 24, 1, 1, 34499
87, -67, 1, 1, 34599
33, 41, 1, 1, 34699
198, 34, 1, 1, 34800
34, -21, 1, 1, 34900
-92, 33, 1, 1, 35001
92, 5, 1, 1, 35101
454, 14, 1, 1, 35202
135, 30, 1, 1, 35302
-2, 96, 1, 1, 35403
0, -342, 1, 1, 35503
25, 34, 1, 1, 35604
0, 3, 1, 1, 35704
128, -77, 1, 1, 35804
29, 29, 1, 0, 35905
49, -430, 1, 0, 36021
53, -73, 1, 0, 36105
105, -6, 1, 0, 36206
41, 18, 1, 0, 36306
70, -602, 1, 0, 36407
92, -2, 1, 0, 36507
30, 1, 1, 0, 36607
46, -32, 1, 0, 36708
72, 197, 1, 0, 36809
-20, 4, 1, 0, 36909
69, -18, 1, 0, 37010
391, -102, 1, 0, 37111
53, 30, 1, 0, 37210
22, -73, 1, 0, 37311
171, 23, 1, 0, 37412
61, -145, 1, 0, 37512
3, -80, 1, 0, 37612
1, 12, 1, 0, 37713
57, -65, 1, 0, 37813
45, 66, 1, 0, 37913
38, 75, 0, 0, 38021
97, 109, 0, 0, 38114
109, 32, 0, 0, 38215
-14, -140, 0, 0, 38316
-99, -126, 0, 0, 38416
-106, 10, 1, 0, 38516
27, 140, 1, 0, 38617
-35, 16, 1, 0, 38717
-122, 50, 1, 0, 38818
-171, 261, 1, 0, 38918
147, 137, 1, 0, 39018
-323, -7, 1, 0, 39119
-170, 212, 1, 0, 39220
317, -8, 1, 0, 39320
-66, -30, 1, 0, 39421
35, 157, 1, 0, 39520
325, 137, 1, 0, 39621
-56, -13, 1, 0, 39722
65, -54, 1, 0, 39822
3, 2, 1, 0, 39922
36, 163, 1, 0, 40023
133, 264, 1, 0, 40123
-80, 73, 1, 0, 40224
52, -71, 1, 0, 40325
27, -168, 1, 0, 40424
15, -32, 1, 0, 40525
19, 29, 1, 0, 40626
-1, -301, 1, 0, 40726
166, -110, 1, 0, 40827
83, 117, 0, 0, 40927
8, 173, 0, 0, 41027
98, 69, 0, 0, 41128
285, 243, 0, 0, 41229
113, 7, 0, 0, 41328
-62, -78, 0, 0, 41429
25, 15, 0, 0, 41530
-55, 77, 0, 0, 41629
12, 216, 0, 0, 41731
120, -22, 0, 0, 41832
355, 71, 0, 0, 41931
-45, 24, 0, 0, 42032
140, 51, 0, 0, 42133
148, -74, 0, 0, 42233
-69, -18, 0, 0, 42333
206, 43, 0, 0, 42434
69, 194, 0, 0, 42534
56, 105, 0, 0, 42634
54, 293, 0, 0, 42734
2, 20, 0, 0, 42835
3, -43, 0, 0, 42936
-11, 9, 0, 0, 43036
-151, 101, 0, 0, 43137
284, -178, 0, 0, 43238
-51, 11, 0, 0, 43337
48, 89, 0, 0, 43438
-175, 185, 0, 0, 43539
80, 34, 1, 0, 43639
103, 161, 1, 0, 43739
27, 9, 1, 0, 43840
72, -101, 1, 0, 43940
64, 43, 1, 0, 44041
111, 198, 1, 0, 44141
3, -9, 1, 0, 44241
37, -48, 1, 0, 44342
-164, 146, 1, 0, 44443
220, 51, 1, 1, 44543
56, 240, 1, 1, 44643
-43, -123, 1, 1, 44744
40, 26, 1, 1, 44844
-167, -13, 1, 1, 44945
27, -269, 1, 1, 45046
234, 119, 1, 1, 45145
69, 79, 1, 1, 45246
-54, -13, 1, 1, 45347
126, 151, 1, 1, 45447
161, 139, 1, 1, 45548
101, 125, 1, 1, 45648
-9, -191, 1, 1, 45748
-14, 80, 1, 1, 45849
-13, -254, 0, 1, 45948
43, 27, 0, 1, 46049
-36, -310, 1, 1, 46150
65, -92, 1, 1, 46250
209, -9, 1, 1, 46351
51, 5, 1, 1, 46451
42, -5, 1, 1, 46551
39, -125, 1, 1, 46652
37, 52, 1, 1, 46752
60, 34, 1, 1, 46853
-147, -141, 1, 1, 46954
-23, 134, 1, 1, 47054
-200, 74, 1, 1, 47154
39, -66, 1, 1, 47255
-108, 34, 1, 1, 47356
219, -319, 1, 1, 47456
21, -104, 1, 1, 47556
-98, -30, 1, 0, 47657
206, -16, 1, 0, 47757
155, 45, 1, 0, 47858
-9, -281, 1, 0, 47958
236, -96, 1, 0, 48058
369, -13, 1, 0, 48159
395, 104, 1, 0, 48260
-285, 30, 1, 1, 48360
235, 275, 0, 1, 48460
174, 85, 0, 1, 48561
104, 200, 0, 1, 48661
197, 223, 1, 1, 48762
214, -50, 1, 1, 48863
41, -3, 1, 1, 48962
2, -49, 1, 1, 49063
-18, 245, 1, 1, 49163
30, 40, 1, 1, 49263
146, 149, 1, 1, 49364
177, 41, 1, 1, 49464
48, -81, 1, 1, 49565
64, 72, 1, 1, 49665
24, -51, 1, 1, 49765
-139, 21, 1, 1, 49866
31, 4, 1, 1, 49967
23, 0, 1, 1, 50067
-253, -296, 1, 1, 50168
-20, 4, 1, 1, 50268
-27, -165, 1, 1, 50368
-56, 47, 1, 1, 50469
23, 159, 1, 1, 50570
9, -64, 1, 1, 50669
-24, 81, 1, 1, 50770
57, -22, 1, 1, 50871
32, 96, 1, 1, 50971
17, -40, 1, 1, 51072
69, 12, 1, 1, 51172
0, -215, 0, 1, 51272
-39, 45, 0, 1, 51373
90, 122, 1, 1, 51474
33, -98, 1, 0, 51574
54, 15, 1, 0, 51674
101, -21, 1, 0, 51775
-1, -15, 1, 0, 51874
29, 195, 1, 0, 51976
88, -152, 1, 0, 52077
79, 153, 1, 0, 52176
15, -237, 1, 0, 52277
3, 4, 1, 0, 52377
-57, 234, 1, 0, 52478
-51, -389, 1, 0, 52579
82, 151, 1, 0, 52678
56, -29, 1, 0, 52779
107, -101, 1, 0, 52880
86, 223, 1, 0, 52979
62, -53, 1, 0, 53080
15, 178, 1, 0, 53181
4, 407, 1, 0, 53281
33, -248, 1, 0, 53382
4, 159, 1, 0, 53482
24, -160, 1, 0, 53587
20, -247, 1, 0, 53683
-150, 205, 1, 0, 53784
105, -199, 1, 0, 53884
301, 43, 0, 0, 53985
-13, -179, 0, 0, 54085
168, 115, 1, 0, 54185
193, -17, 1, 0, 54286
83, 365, 1, 0, 54386
-35, 357, 1, 0, 54486
69, 76, 1, 0, 54587
75, 101, 1, 0, 54688
171, 33, 1, 0, 54788
98, -9, 1, 0, 54888
7, 155, 1, 0, 54989
-43, -18, 1, 0, 55089
23, 103, 1, 0, 55190
134, 137, 1, 0, 55291
115, 79, 1, 0, 55390
-106, -46, 1, 0, 55491
-84, 149, 1, 1, 55591
1, 141, 1, 1, 55692
-37, -55, 1, 1, 55792
7, -10, 1, 1, 55892
-150, 361, 1, 1, 55993
-98, -31, 1, 1, 56094
-196, 190, 1, 1, 56194
-276, 222, 1, 1, 56294
-98, 198, 1, 1, 56395
-104, -14, 1, 1, 56495
-328, 63, 1, 1, 56596
-239, 373, 1, 1, 56697
96, 197, 1, 1, 56796
-238, -184, 1, 1, 56897
283, 236, 1, 1, 56998
149, -75, 1, 1, 57098
277, 63, 1, 1, 57198
-122, -145, 1, 1, 57299
115, -196, 1, 1, 57399
-164, 172, 1, 1, 57500
-94, 130, 1, 1, 57601
-179, 47, 1, 1, 57701
-176, 174, 1, 1, 57802
-51, -91, 1, 1, 57902
70, 233, 1, 1, 58022
-10, 378, 1, 1, 58103
-145, -471, 1, 1, 58204
113, -40, 1, 1, 58304
117, -96, 1, 1, 58404
-18, 3, 1, 0, 58505
53, 332, 1, 0, 58604
-4, 303, 1, 0, 58705
158, 20, 1, 0, 58805
4, 67, 0, 0, 58906
-28, 321, 0, 0, 59007
77, -119, 0, 1, 59107
181, -79, 0, 1, 59208
100, 21, 0, 1, 59308
66, 75, 1, 1, 59408
-445, 156, 1, 1, 59509
-190, 24, 1, 1, 59609
108, 53, 1, 1, 59709
54, -8, 1, 1, 59810
33, -128, 1, 1, 59911
185, 41, 1, 1, 60025
39, 75, 1, 1, 60112
27, 59, 1, 1, 60212
-1, -78, 1, 1, 60312
-90, -42, 1, 1, 60413
-37, 101, 1, 1, 60514
-25, -93, 1, 1, 60613
-6, 134, 1, 1, 60714
101, -34, 1, 1, 60815
123, -225, 1, 1, 60915
78, 57, 1, 1, 61015
40, 83, 1, 1, 61116
194, 0, 1, 1, 61216
158, 89, 1, 1, 61317
89, 124, 1, 1, 61418
122, 251, 1, 1, 61518
-197, 114, 1, 1, 61619
-4, -212, 1, 1, 61719
-142, -250, 1, 1, 61819
368, 123, 1, 1, 61919
88, 416, 1, 0, 62025
-208, 213, 1, 0, 62120
79, 268, 1, 0, 62221
-11, 124, 1, 0, 62321
169, -282, 1, 0, 62422
-73, 302, 1, 1, 62522
75, 173, 1, 1, 62622
-316, -141, 1, 1, 62723
214, -27, 1, 1, 62824
78, -21, 1, 1, 62923
-122, 39, 1, 1, 63024
-163, -98, 1, 1, 63125
-8, -240, 1, 1, 63225
12, 63, 1, 1, 63325
-443, 81, 1, 1, 63426
31, 75, 1, 1, 63526
185, 149, 1, 1, 63627
19, 138, 1, 1, 63728
-349, 94, 1, 1, 63827
212, 92, 1, 1, 63928
130, -265, 1, 1, 64029
-392, -117, 1, 1, 64129
140, 322, 1, 1, 64230
101, 107, 1, 1, 64331
-298, -55, 1, 1, 64431
9, 120, 1, 1, 64531
114, 268, 1, 1, 64632
193, -46, 1, 1, 64732
162, 18, 1, 1, 64833
-54, 190, 1, 1, 64933
-244, -153, 1, 1, 65033
-200, 262, 1, 1, 65134
-64, -105, 1, 1, 65234
130, -99, 1, 1, 65335
318, 339, 1, 1, 65435
27, 8, 1, 1, 65534
152, 14, 1, 0, 65636
126, 10, 1, 0, 65737
-266, 357, 1, 0, 65836
382, 130, 1, 0, 65937
180, 251, 1, 0, 66038
-355, 315, 1, 0, 66138
354, -107, 1, 0, 66238
177, 427, 1, 0, 66339
-69, -38, 1, 0, 66439
155, -87, 1, 0, 66540
258, 41, 1, 0, 66641
163, -201, 1, 0, 66740
-55, 356, 1, 0, 66841
39, 140, 1, 0, 66942
-487, 35, 1, 0, 67042
-29, 137, 1, 0, 67143
-348, -344, 1, 0, 67243
161, -23, 1, 0, 67343
394, 307, 1, 0, 67444
-4, -179, 1, 0, 67544
13, -240, 1, 0, 67644
419, -299, 1, 0, 67746
205, 71, 1, 0, 67846
396, -310, 1, 0, 67946
149, 62, 1, 0, 68046
244, -391, 1, 0, 68147
48, -122, 1, 0, 68247
-181, 23, 1, 0, 68348
57, -534, 1, 0, 68448
83, 43, 1, 0, 68548
68, 189, 1, 0, 68649
37, -99, 1, 0, 68749
-18, -173, 1, 0, 68850
-5, 316, 1, 0, 68950
-244, 51, 1, 0, 69051
400, -278, 1, 0, 69151
-161, -336, 1, 0, 69252
331, 310, 1, 0, 69352
118, 384, 1, 0, 69453
381, 128, 1, 0, 69553
31, 130, 1, 0, 69653
14, 143, 1, 0, 69754
281, -194, 1, 1, 69855
-136, 89, 1, 1, 69955
40, 290, 1, 1, 70055
-9, 314, 1, 1, 70156
-5, 51, 1, 1, 70256
-544, 6, 1, 1, 70357
194, -148, 1, 1, 70458
20, -394, 1, 1, 70557
31, -281, 1, 1, 70658
284, 49, 1, 1, 70759
140, -377, 1, 1, 70859
-316, 73, 1, 1, 70959
7, 96, 1, 1, 71060
109, 242, 1, 1, 71160
7, -194, 1, 1, 71261
-118, -352, 1, 1, 71362
-31, 153, 1, 1, 71461
7, -270, 1, 1, 71562
249, -155, 1, 1, 71662
-15, 333, 1, 1, 71763
-393, 174, 1, 1, 71863
-79, 91, 1, 1, 71963
69, 13, 1, 1, 72064
103, -125, 1, 1, 72165
-455, 178, 1, 1, 72265
-56, 125, 1, 1, 72365
390, -255, 1, 1, 72466
-384, 58, 1, 1, 72566
103, 42, 1, 1, 72667
330, 130, 1, 1, 72767
429, 25, 1, 1, 72867
-189, -171, 1, 1, 72968
-73, -198, 1, 1, 73069
118, 121, 1, 1, 73169
70, 30, 1, 1, 73269
163, 433, 1, 1, 73370
9, 344, 1, 1, 73470
99, 111, 1, 1, 73571
-137, 373, 1, 1, 73672
379, 30, 1, 0, 73771
100, 224, 1, 0, 73872
-48, -43, 1, 0, 73973
382, -216, 1, 0, 74073
160, -253, 1, 0, 74174
207, 66, 1, 1, 74274
402, 167, 1, 1, 74374
176, 193, 1, 1, 74475
261, 206, 1, 1, 74576
217, -329, 1, 1, 74676
227, 350, 1, 1, 74776
-111, 178, 1, 1, 74876
217, 298, 1, 1, 74977
-363, 65, 1, 1, 75077
84, -132, 1, 1, 75177
-249, 402, 1, 1, 75278
-156, -388, 1, 1, 75379
-445, 175, 1, 1, 75479
47, 58, 1, 1, 75580
-66, 284, 1, 1, 75680
-136, -145, 1, 1, 75781
85, 25, 1, 1, 75881
76, -38, 1, 1, 75982
75, 429, 1, 1, 76082
-285, 226, 1, 1, 76183
14, 394, 1, 1, 76283
67, 148, 1, 1, 76383
-21, -468, 1, 1, 76483
8, 142, 1, 1, 76584
92, 97, 1, 1, 76684
-33, -90, 1, 1, 76785
-112, 389, 1, 1, 76886
394, 7, 1, 1, 76985
274, 103, 1, 1, 77086
-94, -169, 1, 1, 77187
389, -348, 1, 1, 77287
-311, -36, 1, 1, 77388
157, 368, 1, 0, 77488
448, 361, 1, 0, 77588
272, 81, 1, 0, 77689
402, -237, 1, 0, 77790
-111, -336, 1, 0, 77890
114, 5, 1, 0, 77990
49, -148, 1, 0, 78090
-187, 55, 1, 0, 78191
343, -146, 1, 0, 78292
-188, 423, 1, 0, 78392
-13, -298, 1, 0, 78493
292, -135, 1, 0, 78593
-73, -519, 1, 0, 78693
164, -236, 1, 0, 78794
-270, 12, 1, 0, 78894
-302, -548, 1, 0, 78994
-446, 63, 1, 0, 79095
24, 349, 1, 0, 79196
187, -241, 1, 0, 79296
41, -2, 1, 0, 79396
-63, 180, 1, 0, 79497
-191, -138, 1, 0, 79600
-46, -89, 1, 0, 79698
-128, 218, 1, 0, 79799
-240, 330, 1, 0, 79899
-80, -101, 1, 0, 79999
215, -280, 1, 0, 80100
-11, -236, 1, 0, 80200
363, 10, 1, 0, 80300
-356, 174, 1, 0, 80401
229, 52, 1, 0, 80501
-427, -210, 1, 0, 80602
99, 117, 1, 0, 80702
147, 173, 1, 0, 80803
162, 285, 1, 0, 80903
249, 92, 1, 0, 81004
308, 63, 1, 0, 81104
-104, 371, 1, 0, 81205
-97, -16, 1, 0, 81304
-459, 47, 1, 0, 81405
-448, -135, 1, 0, 81506
-508, 148, 1, 0, 81606
24, 83, 1, 0, 81707
-316, 363, 1, 0, 81808
229, -299, 1, 0, 81907
-154, -112, 1, 0, 82025
73, -10, 1, 0, 82109
-7, 358, 1, 0, 82208
89, 10, 1, 0, 82309
143, 99, 1, 0, 82410
99, 135, 1, 0, 82510
-132, 181, 1, 0, 82611
-132, 10, 1, 0, 82711
8, 156, 1, 0, 82811
-373, -477, 1, 0, 82912
-7, 37, 1, 0, 83013
171, 17, 1, 0, 83112
-23, 101, 1, 0, 83213
0, 25, 1, 0, 83314
32, 23, 1, 0, 83414
34, 64, 1, 0, 83515
74, 170, 1, 0, 83616
23, 14, 1, 0, 83715
10, -147, 1, 0, 83816
32, 48, 1, 0, 83917
66, 149, 1, 0, 84022
12, -152, 1, 0, 84117
21, 30, 1, 0, 84218
9, -11, 1, 0, 84318
44, 9, 1, 0, 84419
22, 36, 1, 0, 84518
66, 50, 1, 0, 84619
94, -209, 1, 0, 84720
302, 71, 1, 0, 84820
42, 89, 1, 0, 84921
378, -36, 1, 0, 85022
91, 16, 1, 0, 85121
14, 19, 1, 0, 85222
236, 368, 1, 0, 85323
-391, 68, 1, 0, 85423
156, 166, 1, 0, 85524
270, 92, 1, 0, 85624
107, -25, 1, 0, 85724
-263, 33, 1, 0, 85825
58, -48, 1, 0, 85925
-65, 77, 1, 0, 86025
-2, 14, 1, 0, 86126
-25, -162, 1, 0, 86227
30, 68, 1, 0, 86327
-5, 41, 1, 0, 86427
34, -16, 1, 0, 86528
252, 12, 1, 0, 86628
179, 332, 1, 0, 86729
122, -71, 1, 0, 86830
-14, 40, 1, 0, 86930
-124, 0, 1, 0, 87030
52, 101, 1, 0, 87131
18, -284, 1, 0, 87231
-287, 220, 1, 0, 87332
117, -181, 1, 0, 87432
-112, 251, 1, 0, 87532
159, -43, 1, 0, 87633
-207, -217, 1, 0, 87733
-293, 142, 1, 0, 87834
380, -159, 1, 0, 87935
-144, 156, 1, 0, 88034
-401, 96, 1, 0, 88135
-357, 6, 1, 0, 88236
-16, 432, 1, 0, 88336
-215, -4, 1, 0, 88436
70, 210, 1, 0, 88537
106, 184, 1, 0, 88637
310, -10, 1, 0, 88738
177, 267, 1, 0, 88838
130, 109, 1, 0, 88938
301, 193, 1, 0, 89039
-63, 94, 1, 0, 89139
127, -69, 1, 0, 89239
113, -298, 1, 0, 89340
-72, 263, 1, 0, 89441
364, 69, 1, 0, 89541
21, 60, 1, 0, 89642
-149, -203, 1, 0, 89743
68, 351, 1, 0, 89842
148, 50, 1, 0, 89943
39, 57, 1, 0, 90044
132, 23, 1, 0, 90144
-6, 191, 1, 0, 90244
-218, -7, 1, 0, 90345
160, 95, 1, 0, 90445
349, 226, 1, 0, 90546
136, 37, 1, 0, 90647
128, -216, 1, 0, 90747
141, -7, 1, 0, 90847
126, -161, 1, 0, 90947
404, 11, 1, 0, 91047
389, -281, 1, 0, 91148
74, 70, 1, 0, 91248
128, 154, 1, 0, 91349
412, 38, 1, 0, 91450
71, 25, 1, 0, 91550
-28, -17, 1, 0, 91650
257, 14, 1, 0, 91751
-116, 2, 1, 0, 91851
-273, 144, 1, 0, 91952
4, 437, 1, 0, 92053
21, 17, 1, 0, 92152
37, 128, 1, 0, 92253
415, 230, 1, 0, 92354
-403, 155, 1, 0, 92454
331, 129, 1, 0, 92555
-385, -53, 1, 0, 92656
212, 72, 1, 0, 92755
-27, -293, 1, 0, 92856
229, 126, 1, 0, 92956
-123, 412, 1, 0, 93056
-119, -198, 1, 0, 93157
-1, 23, 1, 0, 93258
219, 16, 1, 0, 93358
247, 387, 1, 0, 93459
-259, 42, 1, 0, 93559
155, -238, 1, 0, 93659
-14, 55, 1, 0, 93760
29, 33, 1, 0, 93860
74, -252, 1, 1, 93960
434, -70, 1, 1, 94061
-43, 369, 1, 1, 94161
-84, 206, 1, 1, 94262
-22, 451, 1, 1, 94362
248, 263, 1, 1, 94462
360, 77, 1, 1, 94563
71, -42, 1, 1, 94664
389, -277, 1, 1, 94764
409, -504, 1, 1, 94864
18, 56, 1, 1, 94965
-117, 30, 1, 1, 95065
199, -300, 1, 1, 95166
293, -9, 1, 1, 95267
241, -279, 1, 1, 95367
-330, 51, 1, 1, 95467
36, 41, 1, 1, 95568
415, -184, 1, 1, 95668
63, 25, 1, 1, 95769
-125, 293, 1, 1, 95870
36, -363, 1, 1, 95969
130, 150, 1, 1, 96070
42, 189, 1, 1, 96171
15, 392, 1, 1, 96271
159, 3, 1, 1, 96371
-330, -26, 1, 1, 96472
435, 401, 1, 1, 96572
1, 38, 1, 1, 96672
97, 22, 1, 1, 96773
270, 19, 1, 1, 96873
15, -310, 1, 1, 96974
72, 161, 1, 1, 97075
95, 286, 1, 1, 97174
-17, -29, 1, 1, 97275
3, 87, 1, 1, 97375
24, -4, 1, 1, 97476
238, -48, 1, 0, 97577
-217, 254, 1, 0, 97676
-3, -18, 1, 0, 97777
34, 100, 1, 0, 97878
366, 54, 1, 0, 97978
77, 343, 1, 0, 98079
27, -22, 1, 0, 98179
-8, 151, 1, 0, 98279
125, -23, 1, 0, 98380
347, -9, 1, 0, 98481
40, 0, 1, 0, 98580
-355, -107, 1, 0, 98681
57, 362, 1, 0, 98782
-11, 318, 1, 0, 98882
-301, 119, 1, 0, 98983
27, 338, 1, 0, 99083
208, -42, 1, 0, 99183
4, -43, 1, 0, 99284
-240, 69, 1, 0, 99385
221, 34, 1, 0, 99485
8, 36, 1, 0, 99585
81, 227, 1, 0, 99686
-307, 334, 1, 0, 99786
17, 22, 1, 0, 99887
97, -13, 1, 0, 99988
-25, 198, 1, 0, 100087
21, 143, 1, 0, 100188
68, -13, 1, 0, 100289
-11, -237, 1, 0, 100389
53, -69, 1, 0, 100489
41, 238, 1, 0, 100589
107, 28, 1, 0, 100690
-232, 44, 1, 0, 100791
27, 395, 1, 0, 100891
277, -435, 1, 0, 100992
94, 39, 1, 0, 101092
32, 85, 1, 0, 101192
8, 17, 1, 0, 101293
120, -115, 1, 0, 101394
-209, 184, 1, 0, 101493
11, 153, 1, 0, 101594
73, 217, 1, 0, 101695
59, 103, 1, 0, 101795
9, 89, 1, 0, 101895
9, -338, 1, 0, 101996
-149, 13, 1, 0, 102096
67, 15, 1, 0, 102197
52, 26, 1, 0, 102297
-16, 54, 1, 0, 102397
382, 81, 1, 0, 102499
402, -5, 1, 0, 102599
55, 104, 1, 0, 102699
11, -160, 1, 0, 102800
78, -61, 1, 0, 102901
6, 101, 1, 0, 103000
431, -12, 1, 0, 103101
-174, -19, 1, 0, 103202
54, -7, 1, 0, 103302
45, 126, 1, 0, 103403
255, 11, 1, 0, 103503
67, 189, 1, 0, 103603
38, 399, 1, 0, 103704
35, 337, 1, 0, 103804
-591, 125, 1, 0, 103904
349, 95, 1, 0, 104025
200, -92, 1, 0, 104105
32, 34, 1, 0, 104205
18, 88, 1, 0, 104306
47, -179, 1, 0, 104406
76, 36, 1, 0, 104507
338, -4, 1, 0, 104608
112, 5, 1, 0, 104708
97, -5, 1, 0, 104808
41, -16, 1, 0, 104909
-5, 0, 1, 0, 105009
10, -19, 1, 0, 105110
-13, -81, 1, 0, 105211
12, 136, 1, 0, 105310
11, 180, 1, 0, 105411
62, 116, 1, 0, 105512
31, -71, 1, 0, 105613
-60, -111, 1, 0, 105712
77, 133, 1, 0, 105813
82, 222, 1, 0, 105913
-4, -167, 1, 0, 106025
17, -76, 1, 0, 106114
46, 102, 1, 0, 106214
19, 378, 1, 0, 106315
48, -208, 1, 0, 106416
49, 0, 1, 0, 106516
36, 26, 1, 0, 106616
50, 62, 1, 0, 106717
-3, 0, 1, 0, 106817
84, -3, 1, 0, 106918
0, 128, 1, 0, 107018
44, 29, 1, 0, 107118
73, 73, 1, 0, 107219
30, 170, 1, 0, 107319
54, 53, 1, 0, 107420
43, -42, 1, 0, 107521
30, -71, 1, 0, 107620
51, 34, 1, 0, 107721
72, 180, 1, 0, 107822
45, 109, 1, 0, 107922
104, 219, 1, 0, 108025
-15, 69, 1, 0, 108123
50, 56, 1, 0, 108223
-24, 31, 1, 0, 108324
62, 61, 1, 0, 108424
-22, 23, 1, 0, 108524
64, 22, 1, 0, 108625
233, 277, 1, 0, 108726
-7, 104, 1, 0, 108826
-577, 20, 1, 0, 108926
56, 269, 1, 0, 109027
67, -14, 1, 0, 109127
-174, 317, 1, 0, 109228
-449, 119, 1, 0, 109329
457, 55, 1, 0, 109429
137, -95, 1, 0, 109530
-204, -85, 1, 0, 109630
468, -300, 1, 0, 109730
118, 146, 1, 0, 109831
-422, 67, 1, 0, 109931
211, 201, 1, 0, 110031
131, 193, 1, 0, 110132
39, 44, 1, 0, 110232
-560, 11, 1, 0, 110333
13, -170, 1, 0, 110433
64, 345, 1, 0, 110533
-189, 41, 1, 0, 110634
54, 308, 1, 0, 110735
32, 409, 1, 0, 110835
-452, 439, 1, 0, 110935
-189, -45, 1, 0, 111036
412, -223, 1, 0, 111136
168, 44, 1, 0, 111236
48, 0, 1, 0, 111338
-179, -398, 1, 0, 111437
-35, -6, 1, 0, 111538
-310, 12, 1, 0, 111639
130, -345, 1, 0, 111739
149, 27, 1, 0, 111839
-374, -131, 1, 0, 111941
-137, 22, 1, 0, 112040
109, 40, 1, 0, 112141
-31, 48, 1, 0, 112241
-279, -267, 1, 0, 112341
-115, 41, 1, 0, 112442
-128, 56, 1, 0, 112543
389, -48, 1, 0, 112643
37, 360, 1, 0, 112744
121, 161, 1, 0, 112845
353, -196, 1, 0, 112944
60, 7, 1, 0, 113045
6, 122, 1, 0, 113145
52, 235, 1, 0, 113245
48, -13, 1, 0, 113346
5, 9, 1, 0, 113446
2, -27, 1, 0, 113547
51, 199, 1, 0, 113648
45, -179, 1, 0, 113747
50, 97, 1, 0, 113848
39, -189, 1, 0, 113949
182, 33, 1, 0, 114049
20, 9, 1, 0, 114149
74, 37, 1, 0, 114250
41, 140, 1, 0, 114350
-218, 219, 1, 0, 114451
-258, 46, 1, 0, 114552
-365, 160, 1, 1, 114651
-84, 290, 1, 1, 114752
191, -344, 1, 1, 114853
-58, -131, 1, 1, 114953
442, 54, 1, 1, 115054
-580, 71, 1, 1, 115154
391, 40, 1, 1, 115254
58, 1, 1, 1, 115355
45, 12, 1, 1, 115455
315, 408, 1, 1, 115556
35, 373, 1, 1, 115656
234, 75, 1, 1, 115757
26, -265, 1, 1, 115857
20, -24, 1, 1, 115958
-208, 97, 1, 1, 116059
42, 104, 1, 1, 116158
-86, 160, 1, 1, 116259
-411, 40, 1, 1, 116360
61, 105, 1, 1, 116460
63, 34, 1, 1, 116560
360, 67, 1, 1, 116660
202, 16, 1, 1, 116761
180, -51, 1, 1, 116862
45, 418, 1, 1, 116961
62, 6, 1, 1, 117062
0, 45, 1, 1, 117163
16, -233, 1, 1, 117263
96, 246, 1, 1, 117363
54, -313, 1, 1, 117464
29, 442, 1, 0, 117564
110, -541, 1, 0, 117665
430, 186, 1, 0, 117766
418, 444, 1, 0, 117866
446, -53, 1, 0, 117966
199, 24, 1, 0, 118067
116, -108, 1, 0, 118167
-63, -90, 1, 0, 118268
145, -543, 1, 0, 118368
-356, 50, 1, 0, 118468
220, 214, 1, 0, 118569
429, -73, 1, 0, 118670
279, 75, 1, 0, 118769
449, -163, 1, 0, 118870
43, 39, 1, 0, 118971
21, 42, 1, 0, 119071
46, -477, 1, 0, 119172
296, -70, 1, 0, 119272
233, 343, 1, 0, 119373
11, 441, 1, 0, 119473
-486, 140, 1, 0, 119574
149, 162, 1, 0, 119674
79, 129, 1, 0, 119774
-256, 83, 1, 0, 119874
25, 95, 1, 0, 119975
-216, 317, 1, 0, 120076
293, 17, 1, 0, 120176
-215, 88, 1, 0, 120277
-6, 77, 1, 0, 120377
56, -8, 1, 0, 120477
438, -475, 1, 0, 120578
-68, 85, 1, 0, 120678
74, 14, 1, 0, 120778
216, -6, 1, 0, 120879
-120, 28, 1, 0, 120980
46, 48, 1, 0, 121080
129, 3, 1, 0, 121181
95, 405, 1, 0, 121281
-306, 16, 1, 0, 121381
1, 65, 1, 0, 121482
133, 18, 1, 0, 121583
91, -6, 1, 0, 121682
-319, 5, 1, 0, 121783
72, 2, 1, 0, 121884
63, -90, 1, 0, 121984
16, 60, 1, 0, 122084
47, -302, 1, 0, 122185
132, 101, 1, 0, 122285
2, 66, 1, 0, 122386
39, 15, 1, 0, 122486
217, -286, 1, 0, 122587
17, 374, 1, 0, 122687
31, 30, 1, 0, 122788
-27, -275, 1, 0, 122888
114, 97, 1, 0, 122989
300, 126, 1, 0, 123088
-2, 6, 1, 0, 123189
41, -579, 1, 0, 123290
40, 104, 1, 0, 123390
47, 411, 1, 0, 123491
38, 104, 1, 0, 123591
195, -159, 1, 0, 123692
-8, 2, 1, 0, 123792
21, 93, 1, 0, 123892
-94, -6, 1, 0, 123993
-29, 312, 1, 0, 124093
106, 36, 1, 0, 124194
7, 129, 1, 0, 124294
28, 16, 1, 0, 124395
56, 98, 1, 0, 124496
-46, 7, 1, 0, 124595
23, 42, 1, 0, 124696
28, 57, 1, 0, 124797
22, -5, 1, 0, 124896
11, 36, 1, 0, 124997
17, 92, 1, 0, 125098
101, 146, 1, 0, 125198
6, -243, 1, 0, 125299
10, -66, 1, 0, 125400
-9, -58, 1, 0, 125499
56, 94, 1, 0, 125600
60, 97, 1, 0, 125701
38, 25, 1, 0, 125801
-31, -143, 1, 0, 125901
34, -47, 1, 0, 126024
85, 184, 1, 0, 126102
52, 121, 1, 0, 126203
-13, -70, 1, 0, 126302
41, -2, 1, 0, 126403
74, 78, 0, 0, 126504
119, 158, 0, 0, 126604
54, 35, 0, 0, 126705
31, -32, 0, 0, 126805
-6, -25, 0, 0, 126905
57, 130, 0, 0, 127006
60, 149, 0, 0, 127107
21, -19, 0, 0, 127207
18, -6, 0, 0, 127307
6, -23, 0, 0, 127408
26, 18, 0, 0, 127508
59, 71, 0, 0, 127609
15, -52, 0, 0, 127710
5, -15, 0, 0, 127809
84, 175, 0, 0, 127910
51, 18, 0, 0, 128025
8, -107, 0, 0, 128111
-25, -118, 0, 0, 128211
45, 137, 0, 0, 128312
63, 160, 0, 0, 128412
28, 15, 0, 0, 128513
-12, -102, 0, 0, 128614
20, 29, 0, 0, 128713
31, 61, 0, 0, 128814
78, 124, 0, 0, 128915
-11, -112, 0, 0, 129015
24, 49, 0, 0, 129115
7, -26, 0, 0, 129217
104, 184, 0, 0, 129316
23, 15, 0, 0, 129417
-26, 7, 0, 0, 129517
-4, -45, 0, 0, 129617
-75, -326, 0, 0, 129718
59, 119, 0, 0, 129818
5, 99, 0, 0, 129919
